
  0:00 ------------------------------------------------------------
  0:00 InitGame: \sv_allowdownload\0\g_matchmode\0\g_gametype\7\sv_maxclients\16\sv_floodprotect\0\capturelimit\999\sv_hostname\MyAccount\g_followstrict\0\fraglimit\999\timelimit\35\g_swaproles\0\g_roundtime\3\g_bombexplodetime\40\g_bombdefusetime\10\g_hotpotato\2\g_waverespawns\1\g_redwave\15\g_bluewave\15\g_respawndelay\8\g_suddendeath\1\g_maxrounds\0\g_friendlyfire\0\g_allowvote\0\g_armbands\1\g_funstuff\1\dmflags\0\sv_minRate\0\sv_maxRate\0\sv_minPing\0\sv_maxPing\0\sv_clientsPerIp\0\g_maxGameClients\0\g_deadchat\2\g_walljumps\3\g_stamina\0\g_skins\1\g_stratTime\0\version\ioQ3 1.35 urt 4.2.023 win-x86 Jan 17 2015\protocol\68\mapname\ut4_riyadh\sv_privateClients\0\gamename\q3urt42\g_needpass\0\g_enableDust\0\g_enableBreath\0\g_antilagvis\0\g_survivor\0\g_enablePrecip\0\auth\0\auth_status\off (local)\g_modversion\4.2.023
  0:00 Warmup:
  0:00 ClientConnect: 0
  0:00 ClientUserinfo: 0 \ip\16.60.217.70:27960\name\[ACE]\racered\3\raceblue\3\rate\8000\ut_timenudge\0\cg_rgb\0 0 0\cg_physics\1\gear\GMIOWAA\racefree\3\cl_time\ri4X*ie@q5XV|y`b\cg_ghost\0\cg_autoPickup\-1\sex\male\handicap\100\color2\5\color1\4\snaps\20\authc\0\cl_guid\A3BDF4E8FCD71B5BB1589ABC2E92F30E\weapmodes\00000110220000020002000
  0:00 ClientUserinfoChanged: 0 n\[ACE]\t\2\r\3\tl\0\f0\\f1\\f2\\a0\0\a1\0\a2\255
  0:00 ClientConnect: 1
  0:00 ClientUserinfo: 1 \ip\16.60.217.81:27960\name\Shalom\racered\1\raceblue\1\rate\8000\ut_timenudge\0\cg_rgb\0 255 0\cg_physics\1\gear\FMAORWA\racefree\2\cl_time\0yae9&CA>?n1xtKZ\cg_ghost\0\cg_autoPickup\-1\sex\male\handicap\100\color2\5\color1\4\snaps\20\authc\0\cl_guid\A3BDF4E8FCD71B5BB1589ABC2E92F30E\weapmodes\00000110200000020002000
  0:00 ClientUserinfoChanged: 1 n\Shalom\t\1\r\1\tl\0\f0\\f1\\f2\\a0\255\a1\0\a2\0
  0:00 ClientConnect: 2
  0:00 ClientUserinfo: 2 \ip\16.60.217.75:27960\name\Or\racered\2\raceblue\2\rate\8000\ut_timenudge\0\cg_rgb\128 128 128\cg_physics\1\snaps\20\color1\4\color2\5\handicap\100\sex\male\cg_autoPickup\-1\cg_ghost\0\cl_time\gX1t&<i[GKOZ51R+\racefree\2\gear\FMAARWU\authc\0\cl_guid\A3BDF4E8FCD71B5BB1589ABC2E92F30E\weapmodes\00000110220000020002000
  0:00 ClientUserinfoChanged: 2 n\Or\t\1\r\2\tl\0\f0\\f1\\f2\\a0\255\a1\0\a2\0
  0:00 ClientConnect: 3
  0:00 ClientUserinfo: 3 \ip\16.60.217.73:27960\name\Seb\racered\2\raceblue\2\rate\8000\ut_timenudge\0\cg_rgb\255 0 0\cg_physics\1\gear\GLIQRAA\racefree\2\cl_time\a8?ezCrVa5BVxLka\cg_ghost\0\cg_autoPickup\-1\sex\male\handicap\100\color2\5\color1\4\snaps\20\authc\0\cl_guid\A3BDF4E8FCD71B5BB1589ABC2E92F30E\weapmodes\00000110210000020002000
  0:00 ClientUserinfoChanged: 3 n\Seb\t\1\r\2\tl\0\f0\\f1\\f2\\a0\255\a1\0\a2\0
  0:00 ClientConnect: 4
  0:00 ClientUserinfo: 4 \ip\16.60.217.74:27960\name\Tal\racered\2\raceblue\2\rate\8000\ut_timenudge\0\cg_rgb\128 128 128\cg_physics\1\gear\FLJORAA\racefree\2\cl_time\0yae9&X@>ca1`tKZ\cg_ghost\0\cg_autoPickup\-1\sex\male\handicap\100\color2\5\color1\4\snaps\20\authc\0\cl_guid\A3BDF4E8FCD71B5BB1589ABC2E92F30E\weapmodes\00000110220000020002000
  0:00 ClientUserinfoChanged: 4 n\Tal\t\2\r\2\tl\0\f0\\f1\\f2\\a0\0\a1\0\a2\255
  0:00 ClientConnect: 5
  0:00 ClientUserinfo: 5 \ip\16.60.218.160:27960\name\Amir\racered\2\raceblue\2\rate\8000\ut_timenudge\0\cg_rgb\0 0 255\cg_physics\1\snaps\20\color1\4\color2\5\handicap\100\sex\male\cg_autoPickup\-1\cg_ghost\0\cl_time\re8kbYGh>KjDD?<T\racefree\2\gear\FMJORAA\authc\0\cl_guid\A3BDF4E8FCD71B5BB1589ABC2E92F30E\weapmodes\00000110220000020002000
  0:00 ClientUserinfoChanged: 5 n\Amir\t\1\r\2\tl\0\f0\\f1\\f2\\a0\255\a1\0\a2\0
  0:00 ClientConnect: 6
  0:00 ClientUserinfo: 6 \ip\16.60.217.78:27960\name\Alik\racered\2\raceblue\2\rate\8000\ut_timenudge\0\cg_rgb\128 128 128\cg_physics\1\gear\FeIORAA\racefree\2\cl_time\k+KG6X<41FCf9X9n\cg_ghost\0\cg_autoPickup\-1\sex\male\handicap\100\color2\5\color1\4\snaps\20\authc\0\cl_guid\A3BDF4E8FCD71B5BB1589ABC2E92F30E\weapmodes\00000110220000020002000
  0:00 ClientUserinfoChanged: 6 n\Alik\t\1\r\2\tl\0\f0\\f1\\f2\\a0\255\a1\0\a2\0
  0:00 ClientConnect: 7
  0:00 ClientUserinfo: 7 \ip\16.60.217.71:27960\name\Ed\racered\2\raceblue\2\rate\8000\ut_timenudge\0\cg_rgb\128 128 128\cg_physics\1\gear\FaIORAA\racefree\2\cl_time\rc0XTzt@YKO]D1ce\cg_ghost\0\cg_autoPickup\-1\sex\male\handicap\100\color2\5\color1\4\snaps\20\authc\0\cl_guid\A3BDF4E8FCD71B5BB1589ABC2E92F30E\weapmodes\00000110200000020002000
  0:00 ClientUserinfoChanged: 7 n\Ed\t\2\r\2\tl\0\f0\\f1\\f2\\a0\0\a1\0\a2\255
  0:00 ClientConnect: 8
  0:00 ClientUserinfo: 8 \ip\16.60.218.135:27960\name\Knite\racered\3\raceblue\3\rate\8000\ut_timenudge\0\cg_rgb\255 0 255\cg_physics\1\snaps\20\color1\4\color2\5\handicap\100\sex\male\cg_autoPickup\-1\cg_ghost\0\cl_time\YYVQBF$[aH5ekLZD\racefree\3\gear\GLAORTA\authc\0\cl_guid\A3BDF4E8FCD71B5BB1589ABC2E92F30E\weapmodes\00000110210000020002000
  0:00 ClientUserinfoChanged: 8 n\Knite\t\1\r\3\tl\0\f0\\f1\\f2\\a0\255\a1\0\a2\0
  0:00 ClientConnect: 9
  0:00 ClientUserinfo: 9 \ip\16.60.218.159:27961\name\RODOV\racered\2\raceblue\2\rate\8000\ut_timenudge\0\cg_rgb\255 255 0\cg_physics\1\gear\GeJORAA\racefree\2\cl_time\0&O]nx&0Yc(L`Gyz\cg_ghost\0\cg_autoPickup\-1\sex\male\handicap\100\color2\5\color1\4\snaps\20\authc\0\cl_guid\A3BDF4E8FCD71B5BB1589ABC2E92F30E\weapmodes\00000110220000020002000
  0:00 ClientUserinfoChanged: 9 n\RODOV\t\2\r\2\tl\0\f0\\f1\\f2\\a0\0\a1\0\a2\255
  0:00 ClientConnect: 10
  0:00 ClientUserinfo: 10 \ip\16.60.217.76:27960\name\MAMBA\racered\2\raceblue\2\rate\8000\ut_timenudge\0\cg_rgb\0 0 0\cg_physics\1\snaps\20\color1\4\color2\5\handicap\100\sex\male\cg_autoPickup\-1\cg_ghost\0\cl_time\EOQ=_#n0Yy@qkLZ#\racefree\2\gear\FLIORAA\authc\0\cl_guid\A3BDF4E8FCD71B5BB1589ABC2E92F30E\weapmodes\00000110220000020002000
  0:00 ClientUserinfoChanged: 10 n\MAMBA\t\1\r\2\tl\0\f0\\f1\\f2\\a0\255\a1\0\a2\0
  0:00 ClientConnect: 11
  0:00 ClientUserinfo: 11 \ip\16.60.218.156:27960\name\Drorkula\racered\0\raceblue\0\rate\8000\ut_timenudge\0\cg_rgb\128 128 128\cg_physics\1\gear\feAORWA\racefree\2\cl_time\y|eXxGX$T?21HGyZ\cg_ghost\0\cg_autoPickup\-1\sex\male\handicap\100\color2\5\color1\4\snaps\20\authc\0\cl_guid\A3BDF4E8FCD71B5BB1589ABC2E92F30E\weapmodes\00000110220000020002000
  0:00 ClientUserinfoChanged: 11 n\Drorkula\t\2\r\0\tl\0\f0\\f1\\f2\\a0\0\a1\0\a2\255
  0:00 ClientConnect: 12
  0:00 ClientUserinfo: 12 \ip\16.60.217.81:27961\name\Shalom\racered\1\raceblue\1\rate\8000\ut_timenudge\0\cg_rgb\0 255 0\cg_physics\1\snaps\20\color1\4\color2\5\handicap\100\sex\male\cg_autoPickup\-1\cg_ghost\0\cl_time\HYfxf2K4_]3<M1F3\racefree\2\gear\FMAORWA\authc\0\cl_guid\A3BDF4E8FCD71B5BB1589ABC2E92F30E\weapmodes\00000110200000020002000
  0:00 ClientUserinfoChanged: 12 n\Shalom_12\t\2\r\1\tl\0\f0\\f1\\f2\\a0\0\a1\0\a2\255
  0:00 ClientConnect: 13
  0:00 ClientUserinfo: 13 \ip\16.60.218.156:27961\name\Drorkula\racered\0\raceblue\0\rate\8000\ut_timenudge\0\cg_rgb\128 128 128\cg_physics\1\snaps\20\color1\4\color2\5\handicap\100\sex\male\cg_autoPickup\-1\cg_ghost\0\cl_time\j(@f<U?[j|L5O?<e\racefree\2\gear\feAORWA\authc\0\cl_guid\A3BDF4E8FCD71B5BB1589ABC2E92F30E\weapmodes\00000110220000020002000
  0:00 ClientUserinfoChanged: 13 n\Drorkula_13\t\2\r\0\tl\0\f0\\f1\\f2\\a0\0\a1\0\a2\255
  0:08 ClientUserinfo: 9 \ip\16.60.218.159:27961\name\RODOV\racered\2\raceblue\2\rate\8000\ut_timenudge\0\cg_rgb\255 255 0\cg_physics\1\gear\GeJORAA\racefree\2\cl_time\XBGYQ0r4qH+VHX`|\cg_ghost\0\cg_autoPickup\-1\sex\male\handicap\100\color2\5\color1\4\snaps\20\authc\0\cl_guid\A3BDF4E8FCD71B5BB1589ABC2E92F30E\weapmodes\00000110220000020002000
  0:08 ClientUserinfoChanged: 9 n\RODOV\t\2\r\2\tl\0\f0\\f1\\f2\\a0\0\a1\0\a2\255
  0:08 ClientSpawn: 9
  0:08 ClientBegin: 9
  0:08 ClientUserinfo: 6 \ip\16.60.217.78:27960\name\Alik\racered\2\raceblue\2\rate\8000\ut_timenudge\0\cg_rgb\128 128 128\cg_physics\1\gear\FeIORAA\racefree\2\cl_time\a8?ezCe@a=@V|LkT\cg_ghost\0\cg_autoPickup\-1\sex\male\handicap\100\color2\5\color1\4\snaps\20\authc\0\cl_guid\A3BDF4E8FCD71B5BB1589ABC2E92F30E\weapmodes\00000110220000020002000
  0:08 ClientUserinfoChanged: 6 n\Alik\t\1\r\2\tl\0\f0\\f1\\f2\\a0\255\a1\0\a2\0
  0:08 ClientSpawn: 6
  0:08 ClientBegin: 6
  0:08 ClientUserinfo: 7 \ip\16.60.217.71:27960\name\Ed\racered\2\raceblue\2\rate\8000\ut_timenudge\0\cg_rgb\128 128 128\cg_physics\1\gear\FaIORAA\racefree\2\cl_time\_`gn&Oy[_=3hDLg8\cg_ghost\0\cg_autoPickup\-1\sex\male\handicap\100\color2\5\color1\4\snaps\20\authc\0\cl_guid\A3BDF4E8FCD71B5BB1589ABC2E92F30E\weapmodes\00000110200000020002000
  0:08 ClientUserinfoChanged: 7 n\Ed\t\2\r\2\tl\0\f0\\f1\\f2\\a0\0\a1\0\a2\255
  0:08 ClientSpawn: 7
  0:08 ClientBegin: 7
  0:09 ClientUserinfo: 5 \ip\16.60.218.160:27960\name\Amir\racered\2\raceblue\2\rate\8000\ut_timenudge\0\cg_rgb\0 0 255\cg_physics\1\snaps\20\color1\4\color2\5\handicap\100\sex\male\cg_autoPickup\-1\cg_ghost\0\cl_time\Ckb+7$&0Gy9XZ&gR\racefree\2\gear\FMJORAA\authc\0\cl_guid\A3BDF4E8FCD71B5BB1589ABC2E92F30E\weapmodes\00000110220000020002000
  0:09 ClientUserinfoChanged: 5 n\Amir\t\1\r\2\tl\0\f0\\f1\\f2\\a0\255\a1\0\a2\0
  0:09 ClientSpawn: 5
  0:09 ClientBegin: 5
  0:09 ClientDisconnect: 10
  0:09 ClientUserinfo: 3 \ip\16.60.217.73:27960\name\Seb\racered\2\raceblue\2\rate\8000\ut_timenudge\0\cg_rgb\255 0 0\cg_physics\1\gear\GLIQRAA\racefree\2\cl_time\n7HiF|Y@6FybD?nQ\cg_ghost\0\cg_autoPickup\-1\sex\male\handicap\100\color2\5\color1\4\snaps\20\authc\0\cl_guid\A3BDF4E8FCD71B5BB1589ABC2E92F30E\weapmodes\00000110210000020002000
  0:09 ClientUserinfoChanged: 3 n\Seb\t\1\r\2\tl\0\f0\\f1\\f2\\a0\255\a1\0\a2\0
  0:09 ClientSpawn: 3
  0:09 ClientBegin: 3
  0:09 ------------------------------------------------------------
  0:09 InitRound: \sv_allowdownload\0\g_matchmode\0\g_gametype\7\sv_maxclients\16\sv_floodprotect\0\capturelimit\999\sv_hostname\MyAccount\g_followstrict\0\fraglimit\999\timelimit\35\g_swaproles\0\g_roundtime\3\g_bombexplodetime\40\g_bombdefusetime\10\g_hotpotato\2\g_waverespawns\1\g_redwave\15\g_bluewave\15\g_respawndelay\8\g_suddendeath\1\g_maxrounds\0\g_friendlyfire\0\g_allowvote\0\g_armbands\1\g_funstuff\1\dmflags\0\sv_minRate\0\sv_maxRate\0\sv_minPing\0\sv_maxPing\0\sv_clientsPerIp\0\g_maxGameClients\0\g_deadchat\2\g_walljumps\3\g_stamina\0\g_skins\1\g_stratTime\0\version\ioQ3 1.35 urt 4.2.023 win-x86 Jan 17 2015\protocol\68\mapname\ut4_riyadh\sv_privateClients\0\gamename\q3urt42\g_needpass\0\g_enableDust\0\g_enableBreath\0\g_antilagvis\0\g_survivor\0\g_enablePrecip\0\auth\0\auth_status\off (local)\g_modversion\4.2.023
  0:09 ClientSpawn: 3
  0:09 ClientSpawn: 5
  0:09 ClientSpawn: 6
  0:09 ClientSpawn: 7
  0:09 ClientSpawn: 9
  0:09 ClientUserinfo: 2 \ip\16.60.217.75:27960\name\Or\racered\2\raceblue\2\rate\8000\ut_timenudge\0\cg_rgb\128 128 128\cg_physics\1\snaps\20\color1\4\color2\5\handicap\100\sex\male\cg_autoPickup\-1\cg_ghost\0\cl_time\|8ERA*1V_5O`21Rf\racefree\2\gear\FMAARWU\authc\0\cl_guid\A3BDF4E8FCD71B5BB1589ABC2E92F30E\weapmodes\00000110220000020002000
  0:09 ClientUserinfoChanged: 2 n\Or\t\1\r\2\tl\0\f0\\f1\\f2\\a0\255\a1\0\a2\0
  0:09 ClientSpawn: 2
  0:09 ClientBegin: 2
  0:09 ClientUserinfo: 4 \ip\16.60.217.74:27960\name\Tal\racered\2\raceblue\2\rate\8000\ut_timenudge\0\cg_rgb\128 128 128\cg_physics\1\gear\FLJORAA\racefree\2\cl_time\O]i3E_X0>+nG9X|D\cg_ghost\0\cg_autoPickup\-1\sex\male\handicap\100\color2\5\color1\4\snaps\20\authc\0\cl_guid\A3BDF4E8FCD71B5BB1589ABC2E92F30E\weapmodes\00000110220000020002000
  0:09 ClientUserinfoChanged: 4 n\Tal\t\2\r\2\tl\0\f0\\f1\\f2\\a0\0\a1\0\a2\255
  0:09 ClientSpawn: 4
  0:09 ClientBegin: 4
  0:10 ClientUserinfo: 8 \ip\16.60.218.135:27960\name\Knite\racered\3\raceblue\3\rate\8000\ut_timenudge\0\cg_rgb\255 0 255\cg_physics\1\snaps\20\color1\4\color2\5\handicap\100\sex\male\cg_autoPickup\-1\cg_ghost\0\cl_time\*q]Lb9&0ryq&DX|@\racefree\3\gear\GLAORTA\authc\0\cl_guid\A3BDF4E8FCD71B5BB1589ABC2E92F30E\weapmodes\00000110210000020002000
  0:10 ClientUserinfoChanged: 8 n\Knite\t\1\r\3\tl\0\f0\\f1\\f2\\a0\255\a1\0\a2\0
  0:10 ClientSpawn: 8
  0:10 ClientBegin: 8
  0:12 ClientUserinfo: 0 \ip\16.60.217.70:27960\name\[ACE]\racered\3\raceblue\3\rate\8000\ut_timenudge\0\cg_rgb\0 0 0\cg_physics\1\gear\GMIOWAA\racefree\3\cl_time\Vyn7OHLAE=ZjkL]#\cg_ghost\0\cg_autoPickup\-1\sex\male\handicap\100\color2\5\color1\4\snaps\20\authc\0\cl_guid\A3BDF4E8FCD71B5BB1589ABC2E92F30E\weapmodes\00000110220000020002000
  0:12 ClientUserinfoChanged: 0 n\[ACE]\t\2\r\3\tl\0\f0\\f1\\f2\\a0\0\a1\0\a2\255
  0:12 ClientSpawn: 0
  0:12 ClientBegin: 0
  0:19 ClientUserinfo: 12 \ip\16.60.217.81:27961\name\Shalom\racered\1\raceblue\1\rate\8000\ut_timenudge\0\cg_rgb\0 255 0\cg_physics\1\snaps\20\color1\4\color2\5\handicap\100\sex\male\cg_autoPickup\-1\cg_ghost\0\cl_time\bjHhy6Gh>Rq8DXHK\racefree\2\gear\FMAORWA\authc\0\cl_guid\A3BDF4E8FCD71B5BB1589ABC2E92F30E\weapmodes\00000110200000020002000
  0:19 ClientUserinfoChanged: 12 n\Shalom_12\t\2\r\1\tl\0\f0\\f1\\f2\\a0\0\a1\0\a2\255
  0:19 ClientSpawn: 12
  0:19 ClientBegin: 12
  0:20 ClientDisconnect: 9
  0:21 ClientUserinfo: 1 \ip\16.60.217.81:27960\name\Shalom\racered\1\raceblue\1\rate\8000\ut_timenudge\0\cg_rgb\0 255 0\cg_physics\1\gear\FMAORWA\racefree\2\cl_time\]A&B>T+$Tc]Tg1L?\cg_ghost\0\cg_autoPickup\-1\sex\male\handicap\100\color2\5\color1\4\snaps\20\authc\0\cl_guid\A3BDF4E8FCD71B5BB1589ABC2E92F30E\weapmodes\00000110200000020002000
  0:21 ClientUserinfoChanged: 1 n\Shalom\t\1\r\1\tl\0\f0\\f1\\f2\\a0\255\a1\0\a2\0
  0:21 ClientSpawn: 1
  0:21 ClientBegin: 1
  0:22 ClientDisconnect: 13
  0:33 ------------------------------------------------------------
  0:33 InitRound: \sv_allowdownload\0\g_matchmode\0\g_gametype\7\sv_maxclients\16\sv_floodprotect\0\capturelimit\999\sv_hostname\MyAccount\g_followstrict\0\fraglimit\999\timelimit\35\g_swaproles\0\g_roundtime\3\g_bombexplodetime\40\g_bombdefusetime\10\g_hotpotato\2\g_waverespawns\1\g_redwave\15\g_bluewave\15\g_respawndelay\8\g_suddendeath\1\g_maxrounds\0\g_friendlyfire\0\g_allowvote\0\g_armbands\1\g_funstuff\1\dmflags\0\sv_minRate\0\sv_maxRate\0\sv_minPing\0\sv_maxPing\0\sv_clientsPerIp\0\g_maxGameClients\0\g_deadchat\2\g_walljumps\3\g_stamina\0\g_skins\1\g_stratTime\0\version\ioQ3 1.35 urt 4.2.023 win-x86 Jan 17 2015\protocol\68\mapname\ut4_riyadh\sv_privateClients\0\gamename\q3urt42\g_needpass\0\g_enableDust\0\g_enableBreath\0\g_antilagvis\0\g_survivor\0\g_enablePrecip\0\auth\0\auth_status\off (local)\g_modversion\4.2.023
  0:33 ClientSpawn: 0
  0:33 ClientSpawn: 1
  0:33 ClientSpawn: 2
  0:33 ClientSpawn: 3
  0:33 ClientSpawn: 4
  0:33 ClientSpawn: 5
  0:33 ClientSpawn: 6
  0:33 ClientSpawn: 7
  0:33 ClientSpawn: 8
  0:33 ClientSpawn: 12
  0:36 ------------------------------------------------------------
  0:36 InitRound: \sv_allowdownload\0\g_matchmode\0\g_gametype\7\sv_maxclients\16\sv_floodprotect\0\capturelimit\999\sv_hostname\MyAccount\g_followstrict\0\fraglimit\999\timelimit\35\g_swaproles\0\g_roundtime\3\g_bombexplodetime\40\g_bombdefusetime\10\g_hotpotato\2\g_waverespawns\1\g_redwave\15\g_bluewave\15\g_respawndelay\8\g_suddendeath\1\g_maxrounds\0\g_friendlyfire\0\g_allowvote\0\g_armbands\1\g_funstuff\1\dmflags\0\sv_minRate\0\sv_maxRate\0\sv_minPing\0\sv_maxPing\0\sv_clientsPerIp\0\g_maxGameClients\0\g_deadchat\2\g_walljumps\3\g_stamina\0\g_skins\1\g_stratTime\0\version\ioQ3 1.35 urt 4.2.023 win-x86 Jan 17 2015\protocol\68\mapname\ut4_riyadh\sv_privateClients\0\gamename\q3urt42\g_needpass\0\g_enableDust\0\g_enableBreath\0\g_antilagvis\0\g_survivor\0\g_enablePrecip\0\auth\0\auth_status\off (local)\g_modversion\4.2.023
  0:36 ClientSpawn: 0
  0:36 ClientSpawn: 1
  0:36 ClientSpawn: 2
  0:36 ClientSpawn: 3
  0:36 ClientSpawn: 4
  0:36 ClientSpawn: 5
  0:36 ClientSpawn: 6
  0:36 ClientSpawn: 7
  0:36 ClientSpawn: 8
  0:36 ClientSpawn: 12
  0:39 Session data initialised for client on slot 0 at 2225929
  0:39 ClientConnect: 9
  0:39 ClientUserinfo: 9 \ip\16.60.217.76:27960\challenge\724477549\qport\41529\protocol\68\name\MAMBA\racered\2\raceblue\2\rate\8000\ut_timenudge\0\cg_rgb\0 0 0\cg_physics\1\snaps\20\color1\4\color2\5\handicap\100\sex\male\cg_autoPickup\-1\cg_ghost\0\cl_time\3z8xZ]606FK*|X9q\racefree\2\gear\FLIORAA\authc\0\cl_guid\A3BDF4E8FCD71B5BB1589ABC2E92F30E\weapmodes\00000110220000020002000
  0:39 ClientUserinfoChanged: 9 n\MAMBA\t\3\r\2\tl\0\f0\\f1\\f2\\a0\255\a1\255\a2\255
  0:42 ClientUserinfo: 11 \ip\16.60.218.156:27960\name\Drorkula\racered\0\raceblue\0\rate\8000\ut_timenudge\0\cg_rgb\128 128 128\cg_physics\1\gear\feAORWA\racefree\2\cl_time\*q]Lb9&$ryq&MX|[\cg_ghost\0\cg_autoPickup\-1\sex\male\handicap\100\color2\5\color1\4\snaps\20\authc\0\cl_guid\A3BDF4E8FCD71B5BB1589ABC2E92F30E\weapmodes\00000110220000020002000
  0:42 ClientUserinfoChanged: 11 n\Drorkula\t\2\r\0\tl\0\f0\\f1\\f2\\a0\0\a1\0\a2\255
  0:42 ClientSpawn: 11
  0:42 ClientBegin: 11
  0:46 ClientUserinfo: 9 \ip\16.60.217.76:27960\name\MAMBA\racered\2\raceblue\2\rate\8000\ut_timenudge\0\cg_rgb\0 0 0\cg_physics\1\snaps\20\color1\4\color2\5\handicap\100\sex\male\cg_autoPickup\-1\cg_ghost\0\cl_time\3z8xZ]606FK*|X9q\racefree\2\gear\FLIORAA\authc\0\cl_guid\A3BDF4E8FCD71B5BB1589ABC2E92F30E\weapmodes\00000110220000020002000
  0:46 ClientUserinfoChanged: 9 n\MAMBA\t\3\r\2\tl\0\f0\\f1\\f2\\a0\255\a1\255\a2\255
  0:46 ClientUserinfo: 9 \ip\16.60.217.76:27960\name\MAMBA\racered\2\raceblue\2\rate\8000\ut_timenudge\0\cg_rgb\0 0 0\cg_physics\1\snaps\20\color1\4\color2\5\handicap\100\sex\male\cg_autoPickup\-1\cg_ghost\0\cl_time\________________\racefree\2\gear\FLIORAA\authc\0\cl_guid\A3BDF4E8FCD71B5BB1589ABC2E92F30E\weapmodes\00000110220000020002000
  0:46 ClientUserinfoChanged: 9 n\MAMBA\t\3\r\2\tl\0\f0\\f1\\f2\\a0\255\a1\255\a2\255
  0:46 ClientBegin: 9
  0:50 ClientUserinfo: 9 \ip\16.60.217.76:27960\name\MAMBA\racered\2\raceblue\2\rate\8000\ut_timenudge\0\cg_rgb\0 0 0\cg_physics\1\snaps\20\color1\4\color2\5\handicap\100\sex\male\cg_autoPickup\-1\cg_ghost\0\cl_time\________________\racefree\2\gear\FLIORAA\authc\0\cl_guid\A3BDF4E8FCD71B5BB1589ABC2E92F30E\weapmodes\00000110220000020002000
  0:50 ClientUserinfoChanged: 9 n\MAMBA\t\2\r\2\tl\0\f0\\f1\\f2\\a0\0\a1\0\a2\255
  0:50 ClientSpawn: 9
  0:50 ClientBegin: 9
  1:05 Kill: 4 3 19: Tal killed Seb by UT_MOD_LR300
  1:07 Session data initialised for client on slot 0 at 2253508
  1:07 ClientConnect: 11
  1:07 ClientUserinfo: 11 \ip\16.60.218.156:27960\challenge\623104311\qport\6419\protocol\68\name\Drorkula\rate\8000\snaps\20\color1\4\color2\5\handicap\100\sex\male\authc\0\cl_guid\A3BDF4E8FCD71B5BB1589ABC2E92F30E
  1:07 ClientUserinfoChanged: 11 n\Drorkula\t\3\r\2\tl\0\f0\\f1\\f2\\a0\255\a1\255\a2\255
  1:15 ClientSpawn: 3
  1:15 Kill: 2 12 20: Or killed Shalom_12 by UT_MOD_G36
  1:23 Kill: 4 6 19: Tal killed Alik by UT_MOD_LR300
  1:24 Item: 4 team_CTF_redflag
  1:27 Kill: 2 4 20: Or killed Tal by UT_MOD_G36
  1:27 Flag: 4 0: team_CTF_redflag
  1:28 Kill: 7 1 30: Ed killed Shalom by UT_MOD_AK103
  1:29 ClientUserinfo: 11 \ip\16.60.218.156:27960\name\Drorkula\racered\0\raceblue\0\rate\8000\ut_timenudge\0\cg_rgb\128 128 128\cg_physics\1\snaps\20\color1\4\color2\5\handicap\100\sex\male\cg_autoPickup\-1\cg_ghost\0\cl_time\XZ7QCM0@EgMAD&k7\racefree\2\gear\feAORWA\authc\0\cl_guid\A3BDF4E8FCD71B5BB1589ABC2E92F30E\weapmodes\00000110220000020002000
  1:29 ClientUserinfoChanged: 11 n\Drorkula\t\3\r\2\tl\0\f0\\f1\\f2\\a0\255\a1\255\a2\255
  1:29 ClientBegin: 11
  1:30 ClientSpawn: 4
  1:30 ClientSpawn: 6
  1:30 ClientSpawn: 1
  1:30 ClientSpawn: 12
  1:30 Flag: 2 1: team_CTF_redflag
  1:32 ClientUserinfo: 11 \ip\16.60.218.156:27960\name\Drorkula\racered\0\raceblue\0\rate\8000\ut_timenudge\0\cg_rgb\128 128 128\cg_physics\1\snaps\20\color1\4\color2\5\handicap\100\sex\male\cg_autoPickup\-1\cg_ghost\0\cl_time\XZ7QCM0@EgMAD&k7\racefree\2\gear\feAORWA\authc\0\cl_guid\A3BDF4E8FCD71B5BB1589ABC2E92F30E\weapmodes\00000110220000020002000
  1:32 ClientUserinfoChanged: 11 n\Drorkula\t\2\r\0\tl\0\f0\\f1\\f2\\a0\0\a1\0\a2\255
  1:32 ClientSpawn: 11
  1:32 ClientBegin: 11
  1:33 Kill: 7 3 30: Ed killed Seb by UT_MOD_AK103
  1:38 Item: 0 team_CTF_redflag
  1:39 Kill: 6 7 38: Alik killed Ed by UT_MOD_M4
  1:39 Item: 6 ut_weapon_mp5k
  1:39 Item: 0 ut_weapon_mp5k
  1:39 Item: 6 ut_weapon_beretta
  1:39 Kill: 2 0 20: Or killed [ACE] by UT_MOD_G36
  1:39 Flag: 0 0: team_CTF_redflag
  1:40 Item: 2 ut_weapon_ump45
  1:41 Item: 2 ut_weapon_grenade_he
  1:42 Item: 2 ut_weapon_beretta
  1:42 Item: 2 ut_weapon_g36
  1:42 Flag: 2 1: team_CTF_redflag
  1:45 ClientSpawn: 7
  1:45 ClientSpawn: 0
  1:45 ClientSpawn: 3
  1:46 Kill: 9 8 19: MAMBA killed Knite by UT_MOD_LR300
  1:51 Item: 3 ut_weapon_deagle
  1:51 Item: 3 ut_weapon_mp5k
  1:51 Kill: 6 9 18: Alik killed MAMBA by UT_MOD_MP5K
  1:52 Kill: 4 6 19: Tal killed Alik by UT_MOD_LR300
  2:00 ClientSpawn: 8
  2:00 ClientSpawn: 6
  2:00 ClientSpawn: 9
  2:03 Session data initialised for client on slot 0 at 2309632
  2:03 ClientConnect: 1
  2:03 ClientUserinfo: 1 \ip\16.60.217.81:27960\challenge\980576457\qport\44031\protocol\68\name\Shalom\rate\8000\sex\male\handicap\100\color2\5\color1\4\snaps\20\authc\0\cl_guid\A3BDF4E8FCD71B5BB1589ABC2E92F30E
  2:03 ClientUserinfoChanged: 1 n\Shalom\t\3\r\2\tl\0\f0\\f1\\f2\\a0\255\a1\255\a2\255
  2:03 Session data initialised for client on slot 0 at 2309695
  2:03 ClientConnect: 10
  2:03 ClientUserinfo: 10 \ip\16.60.218.159:27961\challenge\1915155016\qport\33822\protocol\68\name\RODOV\racered\2\raceblue\2\rate\8000\ut_timenudge\0\cg_rgb\255 255 0\cg_physics\1\gear\GeJORAA\racefree\2\cl_time\XBGYQ0r4qH+VHX`|\cg_ghost\0\cg_autoPickup\-1\sex\male\handicap\100\color2\5\color1\4\snaps\20\authc\0\cl_guid\A3BDF4E8FCD71B5BB1589ABC2E92F30E\weapmodes\00000110220000020002000
  2:03 ClientUserinfoChanged: 10 n\RODOV\t\3\r\2\tl\0\f0\\f1\\f2\\a0\255\a1\255\a2\255
  2:12 ClientUserinfo: 10 \ip\16.60.218.159:27961\name\RODOV\racered\2\raceblue\2\rate\8000\ut_timenudge\0\cg_rgb\255 255 0\cg_physics\1\gear\GeJORAA\racefree\2\cl_time\HGWxa<nV1yyCMyx`\cg_ghost\0\cg_autoPickup\-1\sex\male\handicap\100\color2\5\color1\4\snaps\20\authc\0\cl_guid\A3BDF4E8FCD71B5BB1589ABC2E92F30E\weapmodes\00000110220000020002000
  2:12 ClientUserinfoChanged: 10 n\RODOV\t\3\r\2\tl\0\f0\\f1\\f2\\a0\255\a1\255\a2\255
  2:12 ClientBegin: 10
  2:15 ClientUserinfo: 1 \ip\16.60.217.81:27960\name\Shalom\racered\1\raceblue\1\rate\8000\ut_timenudge\0\cg_rgb\0 255 0\cg_physics\1\gear\FMAORWA\racefree\2\cl_time\iKTO?AR4eyQF|GTB\cg_ghost\0\cg_autoPickup\-1\sex\male\handicap\100\color2\5\color1\4\snaps\20\authc\0\cl_guid\A3BDF4E8FCD71B5BB1589ABC2E92F30E\weapmodes\00000110200000020002000
  2:15 ClientUserinfoChanged: 1 n\Shalom\t\3\r\2\tl\0\f0\\f1\\f2\\a0\255\a1\255\a2\255
  2:15 ClientBegin: 1
  2:18 Kill: 5 4 20: Amir killed Tal by UT_MOD_G36
  2:20 ClientUserinfo: 1 \ip\16.60.217.81:27960\name\Shalom\racered\1\raceblue\1\rate\8000\ut_timenudge\0\cg_rgb\0 255 0\cg_physics\1\gear\FMAORWA\racefree\2\cl_time\iKTO?AR4eyQF|GTB\cg_ghost\0\cg_autoPickup\-1\sex\male\handicap\100\color2\5\color1\4\snaps\20\authc\0\cl_guid\A3BDF4E8FCD71B5BB1589ABC2E92F30E\weapmodes\00000110200000020002000
  2:20 ClientUserinfoChanged: 1 n\Shalom\t\2\r\1\tl\0\f0\\f1\\f2\\a0\0\a1\0\a2\255
  2:20 ClientSpawn: 1
  2:20 ClientBegin: 1
  2:25 Kill: 7 3 30: Ed killed Seb by UT_MOD_AK103
  2:29 Kill: 11 8 38: Drorkula killed Knite by UT_MOD_M4
  2:29 ClientUserinfo: 10 \ip\16.60.218.159:27961\name\RODOV\racered\2\raceblue\2\rate\8000\ut_timenudge\0\cg_rgb\255 255 0\cg_physics\1\gear\GeJORAA\racefree\2\cl_time\HGWxa<nV1yyCMyx`\cg_ghost\0\cg_autoPickup\-1\sex\male\handicap\100\color2\5\color1\4\snaps\20\authc\0\cl_guid\A3BDF4E8FCD71B5BB1589ABC2E92F30E\weapmodes\00000110220000020002000
  2:29 ClientUserinfoChanged: 10 n\RODOV\t\1\r\2\tl\0\f0\\f1\\f2\\a0\255\a1\0\a2\0
  2:29 ClientSpawn: 10
  2:29 ClientBegin: 10
  2:30 ClientSpawn: 8
  2:30 ClientSpawn: 4
  2:30 ClientSpawn: 3
  2:33 Kill: 11 10 38: Drorkula killed RODOV by UT_MOD_M4
  2:36 Kill: 11 3 38: Drorkula killed Seb by UT_MOD_M4
  2:39 Item: 11 ut_weapon_mp5k
  2:39 Kill: 6 0 38: Alik killed [ACE] by UT_MOD_M4
  2:41 Kill: 11 6 38: Drorkula killed Alik by UT_MOD_M4
  2:45 ClientSpawn: 10
  2:45 ClientSpawn: 0
  2:45 ClientSpawn: 3
  2:45 ClientSpawn: 6
  2:46 Item: 7 ut_weapon_grenade_he
  2:47 Item: 11 team_CTF_redflag
  2:48 Item: 7 ut_weapon_mp5k
  2:48 Kill: 3 7 19: Seb killed Ed by UT_MOD_LR300
  2:48 Kill: 11 2 38: Drorkula killed Or by UT_MOD_M4
  2:49 Item: 6 ut_weapon_mp5k
  2:50 Item: 6 ut_weapon_beretta
  2:51 Item: 3 ut_weapon_lr
  2:51 Item: 3 ut_weapon_deagle
  2:52 Item: 11 ut_weapon_mp5k
  2:54 Kill: 4 6 19: Tal killed Alik by UT_MOD_LR300
  3:00 ClientSpawn: 7
  3:00 ClientSpawn: 6
  3:00 ClientSpawn: 2
  3:00 Kill: 8 4 19: Knite killed Tal by UT_MOD_LR300
  3:07 Session data initialised for client on slot 0 at 2373794
  3:07 ClientConnect: 1
  3:07 ClientUserinfo: 1 \ip\16.60.217.81:27960\challenge\1479555974\qport\49321\protocol\68\name\Shalom\rate\8000\snaps\20\color1\4\color2\5\handicap\100\sex\male\authc\0\cl_guid\A3BDF4E8FCD71B5BB1589ABC2E92F30E
  3:07 ClientUserinfoChanged: 1 n\Shalom\t\3\r\2\tl\0\f0\\f1\\f2\\a0\255\a1\255\a2\255
  3:07 Kill: 3 0 19: Seb killed [ACE] by UT_MOD_LR300
  3:07 Item: 7 ut_weapon_mp5k
  3:08 Item: 11 ut_weapon_mp5k
  3:08 Kill: 7 3 30: Ed killed Seb by UT_MOD_AK103
  3:09 Kill: 10 11 38: RODOV killed Drorkula by UT_MOD_M4
  3:09 Flag: 11 0: team_CTF_redflag
  3:12 Item: 6 ut_weapon_beretta
  3:12 Item: 10 ut_weapon_m4
  3:13 Flag: 10 1: team_CTF_redflag
  3:13 Item: 6 ut_weapon_m4
  3:13 Kill: 3 7 23: Seb killed Ed by UT_MOD_BLED
  3:14 Item: 8 team_CTF_blueflag
  3:15 ClientSpawn: 0
  3:15 ClientSpawn: 3
  3:15 ClientSpawn: 7
  3:15 ClientSpawn: 4
  3:15 ClientSpawn: 11
  3:20 Item: 9 ut_weapon_mp5k
  3:21 ClientUserinfo: 1 \ip\16.60.217.81:27960\name\Shalom\racered\1\raceblue\1\rate\8000\ut_timenudge\0\cg_rgb\0 255 0\cg_physics\1\snaps\20\color1\4\color2\5\handicap\100\sex\male\cg_autoPickup\-1\cg_ghost\0\cl_time\c+6K<Wi$r<a]xt<(\racefree\2\gear\FMAORWA\authc\0\cl_guid\A3BDF4E8FCD71B5BB1589ABC2E92F30E\weapmodes\00000110200000020002000
  3:21 ClientUserinfoChanged: 1 n\Shalom\t\3\r\2\tl\0\f0\\f1\\f2\\a0\255\a1\255\a2\255
  3:21 ClientBegin: 1
  3:22 Item: 0 ut_weapon_g36
  3:22 Item: 0 ut_weapon_deagle
  3:23 ClientUserinfo: 1 \ip\16.60.217.81:27960\name\Shalom\racered\1\raceblue\1\rate\8000\ut_timenudge\0\cg_rgb\0 255 0\cg_physics\1\snaps\20\color1\4\color2\5\handicap\100\sex\male\cg_autoPickup\-1\cg_ghost\0\cl_time\c+6K<Wi$r<a]xt<(\racefree\2\gear\FMAORWA\authc\0\cl_guid\A3BDF4E8FCD71B5BB1589ABC2E92F30E\weapmodes\00000110200000020002000
  3:23 ClientUserinfoChanged: 1 n\Shalom\t\2\r\1\tl\0\f0\\f1\\f2\\a0\0\a1\0\a2\255
  3:23 ClientSpawn: 1
  3:23 ClientBegin: 1
  3:25 Kill: 5 0 20: Amir killed [ACE] by UT_MOD_G36
  3:30 ClientSpawn: 0
  3:30 Kill: 9 8 19: MAMBA killed Knite by UT_MOD_LR300
  3:30 Flag: 8 0: team_CTF_blueflag
  3:31 Flag: 9 1: team_CTF_blueflag
  3:31 Item: 9 ut_weapon_lr
  3:35 Item: 3 ut_weapon_deagle
  3:36 Kill: 7 3 30: Ed killed Seb by UT_MOD_AK103
  3:45 ClientSpawn: 8
  3:45 ClientSpawn: 3
  3:45 Kill: 11 5 38: Drorkula killed Amir by UT_MOD_M4
  3:47 Kill: 2 0 20: Or killed [ACE] by UT_MOD_G36
  3:47 Kill: 8 4 19: Knite killed Tal by UT_MOD_LR300
  3:50 Item: 8 ut_weapon_lr
  3:54 Kill: 7 8 30: Ed killed Knite by UT_MOD_AK103
  3:56 Kill: 1 6 20: Shalom killed Alik by UT_MOD_G36
  3:57 Kill: 3 1 19: Seb killed Shalom by UT_MOD_LR300
  4:00 ClientSpawn: 8
  4:00 ClientSpawn: 6
  4:00 ClientSpawn: 5
  4:00 ClientSpawn: 0
  4:00 ClientSpawn: 4
  4:00 ClientSpawn: 1
  4:01 Kill: 11 3 38: Drorkula killed Seb by UT_MOD_M4
  4:07 Kill: 11 5 38: Drorkula killed Amir by UT_MOD_M4
  4:07 Item: 8 ut_weapon_deagle
  4:08 Item: 8 ut_weapon_mp5k
  4:10 Kill: 11 8 38: Drorkula killed Knite by UT_MOD_M4
  4:14 Kill: 7 10 30: Ed killed RODOV by UT_MOD_AK103
  4:15 ClientSpawn: 5
  4:15 ClientSpawn: 10
  4:15 ClientSpawn: 3
  4:15 ClientSpawn: 8
  4:21 Item: 5 ut_weapon_ump45
  4:21 Item: 5 ut_weapon_g36
  4:21 Item: 5 ut_weapon_beretta
  4:22 Kill: 8 1 19: Knite killed Shalom by UT_MOD_LR300
  4:23 Kill: 4 2 19: Tal killed Or by UT_MOD_LR300
  4:25 Kill: 7 10 30: Ed killed RODOV by UT_MOD_AK103
  4:25 Item: 6 ut_weapon_m4
  4:25 Item: 6 ut_weapon_mp5k
  4:25 Item: 6 ut_weapon_grenade_he
  4:26 Item: 11 ut_weapon_grenade_smoke
  4:28 Item: 3 ut_weapon_lr
  4:28 Kill: 4 8 19: Tal killed Knite by UT_MOD_LR300
  4:28 Kill: 11 6 39: Drorkula killed Alik by UT_MOD_GLOCK
  4:29 Item: 11 team_CTF_redflag
  4:30 ClientSpawn: 8
  4:30 ClientSpawn: 10
  4:30 ClientSpawn: 2
  4:30 ClientSpawn: 1
  4:30 ClientDisconnect: 12
  4:30 ClientSpawn: 6
  4:31 Item: 6 ut_weapon_m4
  4:32 Kill: 3 11 19: Seb killed Drorkula by UT_MOD_LR300
  4:32 Flag: 11 0: team_CTF_redflag
  4:32 Flag: 3 1: team_CTF_redflag
  4:33 Kill: 6 7 38: Alik killed Ed by UT_MOD_M4
  4:33 Item: 6 ut_weapon_beretta
  4:33 Item: 6 ut_weapon_mp5k
  4:33 Item: 2 ut_weapon_grenade_he
  4:33 Item: 3 ut_weapon_grenade_he
  4:36 Item: 10 ut_weapon_ump45
  4:36 Item: 10 ut_weapon_deagle
  4:38 Kill: 0 6 25: [ACE] killed Alik by UT_MOD_HEGRENADE
  4:38 Item: 5 ut_weapon_beretta
  4:39 Item: 2 ut_weapon_mp5k
  4:41 Item: 10 ut_weapon_m4
  4:42 Kill: 4 8 19: Tal killed Knite by UT_MOD_LR300
  4:44 Kill: 2 4 20: Or killed Tal by UT_MOD_G36
  4:45 ClientSpawn: 7
  4:45 ClientSpawn: 11
  4:45 ClientSpawn: 8
  4:45 ClientSpawn: 6
  4:45 ClientSpawn: 4
  4:49 Kill: 10 1 38: RODOV killed Shalom by UT_MOD_M4
  4:50 Kill: 0 2 15: [ACE] killed Or by UT_MOD_DEAGLE
  4:53 Kill: 8 0 19: Knite killed [ACE] by UT_MOD_LR300
  4:57 Item: 6 ut_weapon_beretta
  4:57 Item: 6 ut_weapon_mp5k
  4:57 Item: 6 ut_weapon_m4
  5:00 ClientSpawn: 1
  5:00 ClientSpawn: 2
  5:00 ClientSpawn: 0
  5:01 Kill: 10 4 38: RODOV killed Tal by UT_MOD_M4
  5:05 Item: 5 ut_weapon_g36
  5:15 ClientSpawn: 4
  5:18 Kill: 7 5 30: Ed killed Amir by UT_MOD_AK103
  5:20 Kill: 3 1 19: Seb killed Shalom by UT_MOD_LR300
  5:26 Kill: 8 7 19: Knite killed Ed by UT_MOD_LR300
  5:28 Kill: 8 4 19: Knite killed Tal by UT_MOD_LR300
  5:30 ClientSpawn: 7
  5:30 ClientSpawn: 1
  5:30 ClientSpawn: 4
  5:30 ClientSpawn: 5
  5:34 Kill: 2 0 20: Or killed [ACE] by UT_MOD_G36
  5:34 Item: 11 team_CTF_redflag
  5:36 Item: 4 ut_weapon_beretta
  5:36 Kill: 10 4 38: RODOV killed Tal by UT_MOD_M4
  5:38 Kill: 1 10 20: Shalom killed RODOV by UT_MOD_G36
  5:38 Item: 1 ut_weapon_ump45
  5:38 Kill: 2 11 20: Or killed Drorkula by UT_MOD_G36
  5:38 Flag: 11 0: team_CTF_redflag
  5:39 Kill: 8 9 19: Knite killed MAMBA by UT_MOD_LR300
  5:42 Flag: 2 1: team_CTF_redflag
  5:42 Item: 8 ut_weapon_mp5k
  5:43 Item: 2 ut_weapon_grenade_he
  5:45 ClientSpawn: 11
  5:45 ClientSpawn: 0
  5:45 ClientSpawn: 9
  5:45 ClientSpawn: 4
  5:45 ClientSpawn: 10
  5:48 Item: 4 ut_weapon_ump45
  5:48 Item: 2 ut_weapon_mp5k
  5:48 Item: 2 ut_weapon_g36
  5:48 Kill: 7 8 30: Ed killed Knite by UT_MOD_AK103
  5:48 Item: 4 ut_weapon_beretta
  5:48 Item: 4 ut_weapon_lr
  5:48 Item: 7 ut_weapon_mp5k
  5:49 Item: 4 ut_weapon_ump45
  5:49 Item: 4 ut_weapon_lr
  5:52 Item: 4 ut_weapon_beretta
  5:55 Kill: 5 1 20: Amir killed Shalom by UT_MOD_G36
  5:59 Kill: 11 5 23: Drorkula killed Amir by UT_MOD_BLED
  6:00 ClientSpawn: 5
  6:00 ClientSpawn: 8
  6:00 ClientSpawn: 1
  6:00 Kill: 7 6 30: Ed killed Alik by UT_MOD_AK103
  6:06 Item: 9 ut_weapon_lr
  6:07 Item: 7 ut_weapon_beretta
  6:07 Item: 7 ut_weapon_mp5k
  6:10 Item: 11 ut_weapon_m4
  6:11 Item: 4 ut_weapon_beretta
  6:14 Item: 11 ut_weapon_ump45
  6:15 ClientSpawn: 6
  6:16 Kill: 4 10 19: Tal killed RODOV by UT_MOD_LR300
  6:17 Item: 4 ut_weapon_ump45
  6:18 Kill: 5 4 20: Amir killed Tal by UT_MOD_G36
  6:18 Item: 3 team_CTF_blueflag
  6:21 Kill: 5 11 20: Amir killed Drorkula by UT_MOD_G36
  6:22 Kill: 9 3 19: MAMBA killed Seb by UT_MOD_LR300
  6:22 Flag: 3 0: team_CTF_blueflag
  6:22 Kill: 8 7 25: Knite killed Ed by UT_MOD_HEGRENADE
  6:22 Kill: 8 8 25: Knite killed Knite by UT_MOD_HEGRENADE
  6:23 Kill: 0 5 20: [ACE] killed Amir by UT_MOD_G36
  6:30 ClientSpawn: 8
  6:30 ClientSpawn: 5
  6:30 ClientSpawn: 3
  6:30 ClientSpawn: 4
  6:30 ClientSpawn: 7
  6:30 ClientSpawn: 10
  6:30 ClientSpawn: 11
  6:35 Kill: 2 0 20: Or killed [ACE] by UT_MOD_G36
  6:37 Item: 9 ut_weapon_mp5k
  6:37 Flag: 9 1: team_CTF_blueflag
  6:45 ClientSpawn: 0
  6:49 Item: 3 ut_weapon_grenade_he
  6:50 Item: 3 ut_weapon_mp5k
  6:51 Item: 7 ut_weapon_ak103
  6:54 Kill: 5 9 20: Amir killed MAMBA by UT_MOD_G36
  6:58 Kill: 7 10 30: Ed killed RODOV by UT_MOD_AK103
  6:59 Kill: 11 5 25: Drorkula killed Amir by UT_MOD_HEGRENADE
  7:00 ClientSpawn: 10
  7:00 ClientSpawn: 9
  7:00 ClientSpawn: 5
  7:00 Kill: 5 11 23: Amir killed Drorkula by UT_MOD_BLED
  7:04 Item: 8 ut_weapon_mp5k
  7:13 Kill: 7 10 30: Ed killed RODOV by UT_MOD_AK103
  7:15 ClientSpawn: 10
  7:15 ClientSpawn: 11
  7:15 Kill: 1 3 20: Shalom killed Seb by UT_MOD_G36
  7:15 Item: 8 ut_weapon_lr
  7:16 Item: 8 ut_weapon_deagle
  7:16 Item: 8 ut_weapon_mp5k
  7:16 Kill: 8 1 19: Knite killed Shalom by UT_MOD_LR300
  7:17 Item: 0 team_CTF_redflag
  7:18 Kill: 6 0 38: Alik killed [ACE] by UT_MOD_M4
  7:18 Flag: 0 0: team_CTF_redflag
  7:18 Kill: 7 6 30: Ed killed Alik by UT_MOD_AK103
  7:19 Kill: 11 8 38: Drorkula killed Knite by UT_MOD_M4
  7:20 Kill: 2 7 20: Or killed Ed by UT_MOD_G36
  7:21 Item: 11 ut_weapon_mp5k
  7:21 Item: 10 ut_weapon_ump45
  7:21 Item: 10 ut_weapon_m4
  7:22 Flag: 2 1: team_CTF_redflag
  7:22 Item: 10 ut_weapon_deagle
  7:25 Item: 11 ut_weapon_grenade_smoke
  7:25 Item: 5 ut_weapon_ump45
  7:26 Item: 5 ut_weapon_g36
  7:26 Item: 2 ut_weapon_mp5k
  7:26 Item: 2 ut_weapon_beretta
  7:28 Kill: 5 11 20: Amir killed Drorkula by UT_MOD_G36
  7:30 ClientSpawn: 8
  7:30 ClientSpawn: 1
  7:30 ClientSpawn: 7
  7:30 ClientSpawn: 11
  7:30 ClientSpawn: 0
  7:30 ClientSpawn: 3
  7:30 ClientSpawn: 6
  7:37 Kill: 4 10 19: Tal killed RODOV by UT_MOD_LR300
  7:38 Kill: 2 4 20: Or killed Tal by UT_MOD_G36
  7:40 Kill: 5 11 20: Amir killed Drorkula by UT_MOD_G36
  7:41 Kill: 9 5 19: MAMBA killed Amir by UT_MOD_LR300
  7:43 Item: 1 ut_weapon_g36
  7:43 Item: 1 ut_weapon_beretta
  7:44 Item: 1 ut_weapon_mp5k
  7:44 Item: 1 ut_weapon_grenade_smoke
  7:44 Kill: 0 8 20: [ACE] killed Knite by UT_MOD_G36
  7:45 ClientSpawn: 5
  7:45 ClientSpawn: 10
  7:45 ClientSpawn: 8
  7:45 ClientSpawn: 4
  7:45 ClientSpawn: 11
  7:47 Kill: 1 3 20: Shalom killed Seb by UT_MOD_G36
  7:48 Kill: 6 7 38: Alik killed Ed by UT_MOD_M4
  7:48 Item: 6 ut_weapon_beretta
  7:48 Item: 6 ut_weapon_mp5k
  7:51 Item: 1 ut_weapon_mp5k
  7:55 Kill: 2 1 20: Or killed Shalom by UT_MOD_G36
  7:55 Item: 6 team_CTF_blueflag
  7:56 Kill: 8 0 19: Knite killed [ACE] by UT_MOD_LR300
  7:57 Kill: 9 6 19: MAMBA killed Alik by UT_MOD_LR300
  7:57 Flag: 6 0: team_CTF_blueflag
  7:57 Item: 8 ut_weapon_mp5k
  7:58 Flag: 9 1: team_CTF_blueflag
  7:58 Item: 9 ut_weapon_beretta
  8:00 ClientSpawn: 0
  8:00 ClientSpawn: 1
  8:00 ClientSpawn: 7
  8:00 ClientSpawn: 3
  8:00 ClientSpawn: 6
  8:02 Item: 5 ut_weapon_grenade_smoke
  8:08 Kill: 11 5 38: Drorkula killed Amir by UT_MOD_M4
  8:10 Kill: 2 11 20: Or killed Drorkula by UT_MOD_G36
  8:14 Item: 3 ut_weapon_mp5k
  8:15 ClientSpawn: 11
  8:15 ClientSpawn: 5
  8:15 Kill: 4 8 19: Tal killed Knite by UT_MOD_LR300
  8:17 Item: 1 ut_weapon_beretta
  8:17 Item: 7 ut_weapon_grenade_smoke
  8:17 Kill: 3 7 19: Seb killed Ed by UT_MOD_LR300
  8:17 Item: 1 ut_weapon_mp5k
  8:19 Kill: 3 1 19: Seb killed Shalom by UT_MOD_LR300
  8:20 Kill: 4 10 19: Tal killed RODOV by UT_MOD_LR300
  8:22 Item: 4 ut_weapon_ump45
  8:23 Kill: 10 4 25: RODOV killed Tal by UT_MOD_HEGRENADE
  8:23 ClientDisconnect: 5
  8:25 Item: 3 ut_weapon_grenade_he
  8:30 ClientSpawn: 8
  8:30 ClientSpawn: 7
  8:30 ClientSpawn: 10
  8:30 ClientSpawn: 4
  8:30 ClientSpawn: 1
  8:31 Kill: 9 3 19: MAMBA killed Seb by UT_MOD_LR300
  8:34 Item: 9 ut_weapon_grenade_smoke
  8:34 Item: 9 ut_weapon_mp5k
  8:45 ClientSpawn: 3
  8:46 Kill: 8 11 19: Knite killed Drorkula by UT_MOD_LR300
  8:50 Kill: 1 8 20: Shalom killed Knite by UT_MOD_G36
  8:51 Item: 4 ut_weapon_lr
  8:51 Item: 4 ut_weapon_beretta
  8:52 Item: 4 ut_weapon_ump45
  8:53 Kill: 8 1 23: Knite killed Shalom by UT_MOD_BLED
  8:56 Kill: 3 7 19: Seb killed Ed by UT_MOD_LR300
  9:00 ClientSpawn: 7
  9:00 ClientSpawn: 11
  9:00 ClientSpawn: 8
  9:00 ClientSpawn: 1
  9:01 Kill: 9 10 19: MAMBA killed RODOV by UT_MOD_LR300
  9:06 Kill: 3 9 19: Seb killed MAMBA by UT_MOD_LR300
  9:13 Item: 3 ut_weapon_deagle
  9:15 ClientSpawn: 10
  9:15 ClientSpawn: 9
  9:16 Item: 3 ut_weapon_grenade_he
  9:20 Kill: 2 0 20: Or killed [ACE] by UT_MOD_G36
  9:21 Kill: 1 3 20: Shalom killed Seb by UT_MOD_G36
  9:21 Item: 8 ut_weapon_grenade_smoke
  9:21 Item: 8 ut_weapon_deagle
  9:21 Item: 8 ut_weapon_mp5k
  9:21 Item: 8 ut_weapon_lr
  9:22 Kill: 1 8 20: Shalom killed Knite by UT_MOD_G36
  9:30 ClientSpawn: 0
  9:30 ClientSpawn: 3
  9:30 ClientSpawn: 8
  9:35 Kill: 10 1 38: RODOV killed Shalom by UT_MOD_M4
  9:38 Kill: 9 10 19: MAMBA killed RODOV by UT_MOD_LR300
  9:40 Kill: 9 8 23: MAMBA killed Knite by UT_MOD_BLED
  9:43 Kill: 3 9 19: Seb killed MAMBA by UT_MOD_LR300
  9:44 Kill: 2 11 20: Or killed Drorkula by UT_MOD_G36
  9:45 ClientSpawn: 9
  9:45 ClientSpawn: 1
  9:45 ClientSpawn: 10
  9:45 ClientSpawn: 8
  9:45 ClientSpawn: 11
  9:51 Item: 3 ut_weapon_deagle
  9:53 Item: 8 ut_weapon_deagle
  9:53 Item: 8 ut_weapon_lr
  9:55 Item: 3 ut_weapon_grenade_he
  9:56 Kill: 6 7 38: Alik killed Ed by UT_MOD_M4
  9:57 Item: 8 ut_weapon_ump45
  9:59 Item: 10 ut_weapon_m4
 10:00 ClientSpawn: 7
 10:01 Kill: 4 6 19: Tal killed Alik by UT_MOD_LR300
 10:05 Kill: 3 9 19: Seb killed MAMBA by UT_MOD_LR300
 10:06 Kill: 11 2 38: Drorkula killed Or by UT_MOD_M4
 10:14 Kill: 8 7 19: Knite killed Ed by UT_MOD_LR300
 10:15 ClientSpawn: 7
 10:15 ClientSpawn: 9
 10:15 ClientSpawn: 2
 10:15 ClientSpawn: 6
 10:15 Kill: 3 1 19: Seb killed Shalom by UT_MOD_LR300
 10:16 Item: 0 team_CTF_redflag
 10:20 Kill: 9 10 19: MAMBA killed RODOV by UT_MOD_LR300
 10:24 Item: 6 ut_weapon_beretta
 10:24 Item: 6 ut_weapon_mp5k
 10:25 Kill: 8 9 19: Knite killed MAMBA by UT_MOD_LR300
 10:26 Item: 8 ut_weapon_lr
 10:26 Kill: 11 2 38: Drorkula killed Or by UT_MOD_M4
 10:27 Kill: 9 3 23: MAMBA killed Seb by UT_MOD_BLED
 10:30 ClientSpawn: 1
 10:30 ClientSpawn: 10
 10:30 ClientSpawn: 9
 10:30 ClientSpawn: 2
 10:30 ClientSpawn: 3
 10:34 Kill: 8 9 19: Knite killed MAMBA by UT_MOD_LR300
 10:34 Item: 8 ut_weapon_lr
 10:45 ClientSpawn: 9
 10:45 Kill: 4 6 19: Tal killed Alik by UT_MOD_LR300
 10:50 Item: 8 team_CTF_blueflag
 10:52 Kill: 0 10 20: [ACE] killed RODOV by UT_MOD_G36
 10:52 Kill: 4 3 19: Tal killed Seb by UT_MOD_LR300
 10:53 Kill: 9 8 19: MAMBA killed Knite by UT_MOD_LR300
 10:53 Flag: 8 0: team_CTF_blueflag
 10:53 Kill: 7 2 30: Ed killed Or by UT_MOD_AK103
 10:56 Flag: 9 1: team_CTF_blueflag
 10:56 Item: 9 ut_weapon_lr
 10:57 Item: 11 ut_weapon_ump45
 10:58 Item: 9 ut_weapon_beretta
 10:59 Item: 0 ut_weapon_deagle
 11:00 ClientSpawn: 3
 11:00 ClientSpawn: 10
 11:00 ClientSpawn: 8
 11:00 ClientSpawn: 6
 11:00 ClientSpawn: 2
 11:02 Item: 4 ut_weapon_beretta
 11:02 Item: 4 ut_weapon_grenade_he
 11:02 Flag: 0 2: team_CTF_blueflag
 11:02 FlagCaptureTime: 0: 46250
 11:07 Kill: 9 8 19: MAMBA killed Knite by UT_MOD_LR300
 11:11 Kill: 2 9 20: Or killed MAMBA by UT_MOD_G36
 11:12 Item: 3 ut_weapon_lr
 11:12 Item: 3 ut_weapon_deagle
 11:13 Kill: 4 6 19: Tal killed Alik by UT_MOD_LR300
 11:13 Kill: 7 3 30: Ed killed Seb by UT_MOD_AK103
 11:14 Kill: 2 11 20: Or killed Drorkula by UT_MOD_G36
 11:15 ClientSpawn: 6
 11:15 ClientSpawn: 8
 11:15 ClientSpawn: 9
 11:15 ClientSpawn: 11
 11:15 ClientSpawn: 3
 11:16 Item: 7 ut_weapon_mp5k
 11:16 Item: 7 ut_weapon_grenade_smoke
 11:19 Item: 2 ut_weapon_beretta
 11:22 Kill: 8 4 19: Knite killed Tal by UT_MOD_LR300
 11:24 Item: 3 ut_weapon_lr
 11:25 Kill: 0 10 18: [ACE] killed RODOV by UT_MOD_MP5K
 11:28 Item: 0 ut_weapon_deagle
 11:30 ClientSpawn: 10
 11:30 ClientSpawn: 4
 11:30 Kill: 2 0 20: Or killed [ACE] by UT_MOD_G36
 11:31 Kill: 3 7 19: Seb killed Ed by UT_MOD_LR300
 11:33 Item: 9 ut_weapon_beretta
 11:33 Item: 9 ut_weapon_lr
 11:34 Item: 3 ut_weapon_mp5k
 11:35 Item: 8 ut_weapon_mp5k
 11:37 Kill: 9 8 19: MAMBA killed Knite by UT_MOD_LR300
 11:37 Kill: 2 9 20: Or killed MAMBA by UT_MOD_G36
 11:38 Item: 3 ut_weapon_grenade_he
 11:39 Item: 11 ut_weapon_ump45
 11:39 Item: 11 ut_weapon_m4
 11:44 Item: 6 ut_weapon_mp5k
 11:45 ClientSpawn: 0
 11:45 ClientSpawn: 8
 11:45 ClientSpawn: 7
 11:45 ClientSpawn: 9
 11:50 Kill: 2 11 20: Or killed Drorkula by UT_MOD_G36
 11:54 Kill: 4 2 19: Tal killed Or by UT_MOD_LR300
 11:56 Kill: 3 4 19: Seb killed Tal by UT_MOD_LR300
 12:00 ClientSpawn: 2
 12:00 ClientSpawn: 11
 12:00 ClientSpawn: 4
 12:02 Item: 8 ut_weapon_ump45
 12:03 Kill: 0 8 20: [ACE] killed Knite by UT_MOD_G36
 12:04 Item: 0 ut_weapon_deagle
 12:07 Item: 0 ut_weapon_mp5k
 12:09 Kill: 3 9 19: Seb killed MAMBA by UT_MOD_LR300
 12:15 ClientSpawn: 9
 12:15 ClientSpawn: 8
 12:16 Item: 4 ut_weapon_lr
 12:16 Kill: 8 7 19: Knite killed Ed by UT_MOD_LR300
 12:20 Item: 8 ut_weapon_mp5k
 12:22 Kill: 0 10 20: [ACE] killed RODOV by UT_MOD_G36
 12:25 Kill: 6 0 38: Alik killed [ACE] by UT_MOD_M4
 12:25 Kill: 4 8 19: Tal killed Knite by UT_MOD_LR300
 12:30 ClientSpawn: 7
 12:30 ClientSpawn: 0
 12:30 ClientSpawn: 10
 12:30 ClientSpawn: 8
 12:34 Item: 9 ut_weapon_lr
 12:36 Kill: 3 9 19: Seb killed MAMBA by UT_MOD_LR300
 12:36 Kill: 11 3 38: Drorkula killed Seb by UT_MOD_M4
 12:40 Kill: 8 11 19: Knite killed Drorkula by UT_MOD_LR300
 12:44 Kill: 4 10 19: Tal killed RODOV by UT_MOD_LR300
 12:45 ClientSpawn: 10
 12:45 ClientSpawn: 9
 12:45 ClientSpawn: 11
 12:45 ClientSpawn: 3
 12:51 Kill: 4 2 19: Tal killed Or by UT_MOD_LR300
 12:57 ClientDisconnect: 11
 13:00 ClientSpawn: 2
 13:00 Kill: 0 10 20: [ACE] killed RODOV by UT_MOD_G36
 13:04 Kill: 4 8 17: Tal killed Knite by UT_MOD_UMP45
 13:04 Item: 3 ut_weapon_deagle
 13:04 Item: 3 ut_weapon_mp5k
 13:06 Kill: 6 9 38: Alik killed MAMBA by UT_MOD_M4
 13:09 Item: 2 ut_weapon_grenade_he
 13:09 Item: 2 ut_weapon_ump45
 13:10 Kill: 3 7 19: Seb killed Ed by UT_MOD_LR300
 13:10 Kill: 4 3 17: Tal killed Seb by UT_MOD_UMP45
 13:12 Kill: 4 2 17: Tal killed Or by UT_MOD_UMP45
 13:14 Item: 0 team_CTF_redflag
 13:15 ClientSpawn: 3
 13:15 ClientSpawn: 9
 13:15 ClientSpawn: 8
 13:15 ClientSpawn: 2
 13:15 ClientSpawn: 7
 13:15 ClientSpawn: 10
 13:26 Item: 8 ut_weapon_deagle
 13:28 Kill: 2 4 20: Or killed Tal by UT_MOD_G36
 13:28 Kill: 0 2 20: [ACE] killed Or by UT_MOD_G36
 13:29 Item: 0 ut_weapon_g36
 13:29 Kill: 10 0 38: RODOV killed [ACE] by UT_MOD_M4
 13:29 Flag: 0 0: team_CTF_redflag
 13:30 ClientSpawn: 0
 13:30 ClientSpawn: 4
 13:30 ClientSpawn: 2
 13:32 Flag: 10 1: team_CTF_redflag
 13:33 Kill: 9 10 19: MAMBA killed RODOV by UT_MOD_LR300
 13:39 Kill: 6 9 18: Alik killed MAMBA by UT_MOD_MP5K
 13:41 ClientDisconnect: 1
 13:45 ClientSpawn: 10
 13:45 ClientSpawn: 9
 13:46 Kill: 3 0 19: Seb killed [ACE] by UT_MOD_LR300
 13:46 Kill: 4 3 19: Tal killed Seb by UT_MOD_LR300
 13:46 Kill: 7 8 30: Ed killed Knite by UT_MOD_AK103
 13:48 Item: 4 ut_weapon_beretta
 13:48 Item: 4 ut_weapon_ump45
 13:49 Kill: 2 7 20: Or killed Ed by UT_MOD_G36
 13:55 Kill: 4 10 19: Tal killed RODOV by UT_MOD_LR300
 14:00 ClientSpawn: 0
 14:00 ClientSpawn: 10
 14:00 ClientSpawn: 7
 14:00 ClientSpawn: 3
 14:00 ClientSpawn: 8
 14:08 Kill: 4 3 19: Tal killed Seb by UT_MOD_LR300
 14:15 ClientSpawn: 3
 14:17 Kill: 6 9 18: Alik killed MAMBA by UT_MOD_MP5K
 14:26 Kill: 7 8 30: Ed killed Knite by UT_MOD_AK103
 14:30 ClientSpawn: 9
 14:30 ClientSpawn: 8
 14:33 Item: 3 ut_weapon_grenade_smoke
 14:35 Item: 8 ut_weapon_deagle
 14:36 Item: 8 ut_weapon_mp5k
 14:36 Kill: 7 8 30: Ed killed Knite by UT_MOD_AK103
 14:39 Item: 7 ut_weapon_mp5k
 14:42 Item: 0 team_CTF_redflag
 14:44 Kill: 4 2 17: Tal killed Or by UT_MOD_UMP45
 14:45 ClientSpawn: 2
 14:45 ClientSpawn: 8
 14:45 Kill: 10 4 38: RODOV killed Tal by UT_MOD_M4
 14:49 Item: 8 ut_weapon_deagle
 14:53 Kill: 0 8 20: [ACE] killed Knite by UT_MOD_G36
 14:59 Kill: 6 0 18: Alik killed [ACE] by UT_MOD_MP5K
 14:59 Flag: 0 0: team_CTF_redflag
 15:00 ClientSpawn: 4
 15:00 ClientSpawn: 8
 15:00 ClientSpawn: 0
 15:04 Item: 2 ut_weapon_ump45
 15:10 Kill: 0 2 20: [ACE] killed Or by UT_MOD_G36
 15:13 Kill: 7 10 30: Ed killed RODOV by UT_MOD_AK103
 15:15 ClientSpawn: 10
 15:15 ClientSpawn: 2
 15:15 Item: 4 ut_weapon_beretta
 15:16 Kill: 8 0 19: Knite killed [ACE] by UT_MOD_LR300
 15:18 Flag: 6 1: team_CTF_redflag
 15:20 Kill: 2 7 20: Or killed Ed by UT_MOD_G36
 15:21 Item: 2 ut_weapon_mp5k
 15:22 Item: 2 ut_weapon_grenade_he
 15:22 Item: 2 ut_weapon_beretta
 15:29 Item: 6 ut_weapon_m4
 15:30 ClientSpawn: 0
 15:30 ClientSpawn: 7
 15:36 Kill: 10 4 38: RODOV killed Tal by UT_MOD_M4
 15:37 Kill: 2 7 20: Or killed Ed by UT_MOD_G36
 15:45 ClientSpawn: 4
 15:45 ClientSpawn: 7
 15:46 Kill: 7 2 30: Ed killed Or by UT_MOD_AK103
 15:46 Item: 8 team_CTF_blueflag
 15:49 Item: 7 ut_weapon_beretta
 15:54 Item: 7 ut_weapon_beretta
 15:55 Kill: 10 7 38: RODOV killed Ed by UT_MOD_M4
 15:57 Kill: 4 6 19: Tal killed Alik by UT_MOD_LR300
 16:00 ClientSpawn: 2
 16:00 ClientSpawn: 6
 16:00 ClientSpawn: 7
 16:00 Kill: 0 8 20: [ACE] killed Knite by UT_MOD_G36
 16:00 Flag: 8 0: team_CTF_blueflag
 16:00 Item: 0 ut_weapon_deagle
 16:00 Flag: 0 1: team_CTF_blueflag
 16:00 Item: 4 ut_weapon_beretta
 16:11 Kill: 10 0 38: RODOV killed [ACE] by UT_MOD_M4
 16:15 ClientSpawn: 8
 16:15 ClientSpawn: 0
 16:15 Kill: 10 4 38: RODOV killed Tal by UT_MOD_M4
 16:20 Kill: 10 7 38: RODOV killed Ed by UT_MOD_M4
 16:29 Kill: 0 8 20: [ACE] killed Knite by UT_MOD_G36
 16:30 ClientSpawn: 7
 16:30 ClientSpawn: 8
 16:30 ClientSpawn: 4
 16:31 Kill: 9 10 19: MAMBA killed RODOV by UT_MOD_LR300
 16:35 Item: 6 ut_weapon_m4
 16:37 Kill: 2 0 20: Or killed [ACE] by UT_MOD_G36
 16:40 Kill: 4 6 19: Tal killed Alik by UT_MOD_LR300
 16:41 Item: 8 ut_weapon_grenade_he
 16:41 Item: 8 ut_weapon_mp5k
 16:43 Item: 4 ut_weapon_beretta
 16:44 Kill: 3 9 23: Seb killed MAMBA by UT_MOD_BLED
 16:45 ClientSpawn: 0
 16:45 ClientSpawn: 6
 16:45 ClientSpawn: 9
 16:45 ClientSpawn: 10
 16:45 Item: 8 ut_weapon_lr
 16:55 Kill: 9 8 19: MAMBA killed Knite by UT_MOD_LR300
 16:55 Item: 9 ut_weapon_mp5k
 16:56 Kill: 10 4 38: RODOV killed Tal by UT_MOD_M4
 16:57 Item: 9 ut_weapon_lr
 17:00 ClientSpawn: 8
 17:00 ClientSpawn: 4
 17:01 Kill: 0 6 20: [ACE] killed Alik by UT_MOD_G36
 17:05 Item: 0 ut_weapon_mp5k
 17:08 Kill: 0 10 20: [ACE] killed RODOV by UT_MOD_G36
 17:09 Kill: 8 9 19: Knite killed MAMBA by UT_MOD_LR300
 17:09 Kill: 3 0 19: Seb killed [ACE] by UT_MOD_LR300
 17:11 Kill: 7 8 30: Ed killed Knite by UT_MOD_AK103
 17:13 Kill: 2 7 20: Or killed Ed by UT_MOD_G36
 17:15 ClientSpawn: 6
 17:15 ClientSpawn: 10
 17:15 ClientSpawn: 7
 17:15 ClientSpawn: 0
 17:15 ClientSpawn: 9
 17:15 ClientSpawn: 8
 17:26 Kill: 8 4 19: Knite killed Tal by UT_MOD_LR300
 17:28 Item: 6 ut_weapon_mp5k
 17:29 Item: 8 ut_weapon_ump45
 17:30 ClientSpawn: 4
 17:31 Kill: 9 10 19: MAMBA killed RODOV by UT_MOD_LR300
 17:38 Kill: 6 9 18: Alik killed MAMBA by UT_MOD_MP5K
 17:42 Kill: 7 8 30: Ed killed Knite by UT_MOD_AK103
 17:45 ClientSpawn: 9
 17:45 ClientSpawn: 8
 17:45 ClientSpawn: 10
 17:56 Kill: 4 2 19: Tal killed Or by UT_MOD_LR300
 18:00 ClientSpawn: 2
 18:04 Kill: 4 8 19: Tal killed Knite by UT_MOD_LR300
 18:06 Kill: 0 3 25: [ACE] killed Seb by UT_MOD_HEGRENADE
 18:08 Kill: 2 0 20: Or killed [ACE] by UT_MOD_G36
 18:08 Kill: 3 4 23: Seb killed Tal by UT_MOD_BLED
 18:15 ClientSpawn: 4
 18:15 ClientSpawn: 8
 18:15 ClientSpawn: 0
 18:15 ClientSpawn: 3
 18:15 Kill: 10 7 38: RODOV killed Ed by UT_MOD_M4
 18:20 Item: 8 ut_weapon_mp5k
 18:21 Kill: 9 8 19: MAMBA killed Knite by UT_MOD_LR300
 18:23 Kill: 6 9 23: Alik killed MAMBA by UT_MOD_BLED
 18:26 Kill: 2 0 20: Or killed [ACE] by UT_MOD_G36
 18:27 Kill: 4 2 19: Tal killed Or by UT_MOD_LR300
 18:29 Item: 6 ut_weapon_mp5k
 18:30 ClientSpawn: 0
 18:30 ClientSpawn: 9
 18:30 ClientSpawn: 2
 18:30 ClientSpawn: 8
 18:30 ClientSpawn: 7
 18:35 Kill: 4 10 19: Tal killed RODOV by UT_MOD_LR300
 18:37 Item: 0 ut_weapon_deagle
 18:37 Item: 2 ut_weapon_g36
 18:37 Item: 0 ut_weapon_mp5k
 18:37 Item: 0 ut_weapon_g36
 18:39 Item: 2 ut_weapon_grenade_he
 18:41 Kill: 6 4 38: Alik killed Tal by UT_MOD_M4
 18:41 Kill: 3 0 19: Seb killed [ACE] by UT_MOD_LR300
 18:45 ClientSpawn: 0
 18:45 ClientSpawn: 10
 18:45 ClientSpawn: 4
 18:53 Item: 3 ut_weapon_grenade_he
 18:54 Kill: 3 0 19: Seb killed [ACE] by UT_MOD_LR300
 18:55 Item: 3 ut_weapon_deagle
 18:55 Item: 3 ut_weapon_mp5k
 19:00 ClientSpawn: 0
 19:02 Kill: 7 10 30: Ed killed RODOV by UT_MOD_AK103
 19:02 Kill: 0 3 20: [ACE] killed Seb by UT_MOD_G36
 19:03 Kill: 9 2 19: MAMBA killed Or by UT_MOD_LR300
 19:05 Item: 0 ut_weapon_grenade_smoke
 19:05 Item: 0 ut_weapon_deagle
 19:09 Item: 0 ut_weapon_g36
 19:14 Item: 6 team_CTF_blueflag
 19:15 ClientSpawn: 3
 19:15 ClientSpawn: 2
 19:15 ClientSpawn: 10
 19:16 Item: 9 team_CTF_redflag
 19:17 Kill: 4 2 19: Tal killed Or by UT_MOD_LR300
 19:20 Kill: 0 6 20: [ACE] killed Alik by UT_MOD_G36
 19:20 Flag: 6 0: team_CTF_blueflag
 19:20 Kill: 4 10 19: Tal killed RODOV by UT_MOD_LR300
 19:21 Item: 4 ut_weapon_beretta
 19:24 Flag: 0 1: team_CTF_blueflag
 19:25 Item: 4 ut_weapon_ump45
 19:28 Kill: 4 3 19: Tal killed Seb by UT_MOD_LR300
 19:30 ClientSpawn: 10
 19:30 ClientSpawn: 3
 19:30 ClientSpawn: 2
 19:30 ClientSpawn: 6
 19:32 Kill: 6 4 38: Alik killed Tal by UT_MOD_M4
 19:33 Item: 3 ut_weapon_deagle
 19:34 Item: 2 ut_weapon_beretta
 19:35 Item: 10 ut_weapon_deagle
 19:35 Item: 10 ut_weapon_grenade_smoke
 19:35 Item: 6 ut_weapon_m4
 19:36 Kill: 8 9 25: Knite killed MAMBA by UT_MOD_HEGRENADE
 19:36 Flag: 9 0: team_CTF_redflag
 19:37 Item: 2 ut_weapon_mp5k
 19:40 Item: 8 team_CTF_blueflag
 19:40 Kill: 3 7 19: Seb killed Ed by UT_MOD_LR300
 19:41 Flag: 8 1: team_CTF_redflag
 19:41 Item: 3 ut_weapon_mp5k
 19:45 ClientSpawn: 4
 19:45 ClientSpawn: 7
 19:45 ClientSpawn: 9
 19:46 Item: 6 ut_weapon_beretta
 19:58 Kill: 10 0 38: RODOV killed [ACE] by UT_MOD_M4
 19:58 Item: 10 ut_weapon_deagle
 19:59 Kill: 2 7 18: Or killed Ed by UT_MOD_MP5K
 20:00 ClientSpawn: 7
 20:00 ClientSpawn: 0
 20:00 Item: 9 ut_weapon_lr
 20:02 Kill: 4 2 19: Tal killed Or by UT_MOD_LR300
 20:04 Kill: 2 4 23: Or killed Tal by UT_MOD_BLED
 20:04 Item: 9 ut_weapon_beretta
 20:08 Kill: 3 7 19: Seb killed Ed by UT_MOD_LR300
 20:11 Item: 3 ut_weapon_mp5k
 20:11 Item: 9 ut_weapon_beretta
 20:15 ClientSpawn: 2
 20:15 ClientSpawn: 7
 20:15 ClientSpawn: 4
 20:16 Flag: 8 2: team_CTF_redflag
 20:16 FlagCaptureTime: 8: 36550
 20:21 Kill: 9 6 19: MAMBA killed Alik by UT_MOD_LR300
 20:23 Item: 3 team_CTF_blueflag
 20:24 Kill: 2 9 20: Or killed MAMBA by UT_MOD_G36
 20:26 Item: 2 ut_weapon_beretta
 20:26 Item: 0 ut_weapon_grenade_smoke
 20:26 Item: 0 ut_weapon_g36
 20:27 Item: 0 ut_weapon_mp5k
 20:27 Kill: 4 3 19: Tal killed Seb by UT_MOD_LR300
 20:27 Flag: 3 0: team_CTF_blueflag
 20:28 Item: 0 team_CTF_redflag
 20:28 Kill: 8 0 19: Knite killed [ACE] by UT_MOD_LR300
 20:28 Flag: 0 0: team_CTF_redflag
 20:29 Flag: 4 1: team_CTF_blueflag
 20:29 Flag: 2 1: team_CTF_redflag
 20:30 ClientSpawn: 6
 20:30 ClientSpawn: 0
 20:30 ClientSpawn: 3
 20:30 ClientSpawn: 9
 20:30 Item: 2 ut_weapon_grenade_smoke
 20:30 Item: 2 ut_weapon_mp5k
 20:30 Item: 2 ut_weapon_g36
 20:30 Item: 7 ut_weapon_grenade_smoke
 20:30 Item: 7 ut_weapon_mp5k
 20:35 Kill: 9 10 19: MAMBA killed RODOV by UT_MOD_LR300
 20:35 Item: 2 ut_weapon_grenade_he
 20:35 Item: 9 ut_weapon_grenade_smoke
 20:38 Item: 6 ut_weapon_mp5k
 20:38 Kill: 4 8 19: Tal killed Knite by UT_MOD_LR300
 20:39 Kill: 4 6 19: Tal killed Alik by UT_MOD_LR300
 20:42 Kill: 7 2 30: Ed killed Or by UT_MOD_AK103
 20:45 ClientSpawn: 10
 20:45 ClientSpawn: 2
 20:45 ClientSpawn: 8
 20:45 ClientSpawn: 6
 20:45 Kill: 0 3 20: [ACE] killed Seb by UT_MOD_G36
 20:49 Item: 9 ut_weapon_lr
 20:50 Item: 0 ut_weapon_deagle
 20:50 Item: 0 team_CTF_redflag
 20:52 Item: 9 ut_weapon_mp5k
 20:55 Kill: 2 9 20: Or killed MAMBA by UT_MOD_G36
 20:55 Kill: 7 10 30: Ed killed RODOV by UT_MOD_AK103
 20:56 Kill: 7 6 30: Ed killed Alik by UT_MOD_AK103
 20:57 Item: 2 ut_weapon_mp5k
 20:57 Item: 2 ut_weapon_grenade_smoke
 21:00 ClientSpawn: 3
 21:00 ClientSpawn: 6
 21:00 ClientSpawn: 10
 21:00 ClientSpawn: 9
 21:01 Kill: 2 7 20: Or killed Ed by UT_MOD_G36
 21:02 Kill: 4 2 19: Tal killed Or by UT_MOD_LR300
 21:03 Kill: 4 8 19: Tal killed Knite by UT_MOD_LR300
 21:10 Item: 6 ut_weapon_mp5k
 21:10 Item: 6 ut_weapon_m4
 21:15 ClientSpawn: 8
 21:15 ClientSpawn: 7
 21:15 ClientSpawn: 2
 21:18 Kill: 9 10 19: MAMBA killed RODOV by UT_MOD_LR300
 21:20 Kill: 0 6 20: [ACE] killed Alik by UT_MOD_G36
 21:21 Kill: 3 9 19: Seb killed MAMBA by UT_MOD_LR300
 21:25 Item: 0 ut_weapon_mp5k
 21:30 ClientSpawn: 10
 21:30 ClientSpawn: 9
 21:30 ClientSpawn: 6
 21:32 Flag: 0 2: team_CTF_blueflag
 21:32 FlagCaptureTime: 0: 41500
 21:34 Item: 2 ut_weapon_grenade_he
 21:34 Item: 2 ut_weapon_beretta
 21:35 Kill: 2 4 20: Or killed Tal by UT_MOD_G36
 21:36 Kill: 7 8 30: Ed killed Knite by UT_MOD_AK103
 21:38 Kill: 2 0 23: Or killed [ACE] by UT_MOD_BLED
 21:39 Kill: 7 2 30: Ed killed Or by UT_MOD_AK103
 21:43 Kill: 3 7 19: Seb killed Ed by UT_MOD_LR300
 21:45 ClientSpawn: 4
 21:45 ClientSpawn: 8
 21:45 ClientSpawn: 7
 21:45 ClientSpawn: 0
 21:45 ClientSpawn: 2
 21:52 Kill: 9 6 19: MAMBA killed Alik by UT_MOD_LR300
 21:54 Item: 9 ut_weapon_beretta
 21:54 Item: 9 ut_weapon_mp5k
 21:58 Kill: 0 10 20: [ACE] killed RODOV by UT_MOD_G36
 22:00 ClientSpawn: 10
 22:00 ClientSpawn: 6
 22:02 Item: 0 ut_weapon_deagle
 22:02 Kill: 3 4 19: Seb killed Tal by UT_MOD_LR300
 22:14 Kill: 2 9 20: Or killed MAMBA by UT_MOD_G36
 22:15 ClientSpawn: 9
 22:15 ClientSpawn: 4
 22:19 Kill: 7 8 30: Ed killed Knite by UT_MOD_AK103
 22:20 Kill: 0 10 18: [ACE] killed RODOV by UT_MOD_MP5K
 22:21 Item: 0 team_CTF_redflag
 22:24 Item: 3 team_CTF_blueflag
 22:27 Kill: 2 0 20: Or killed [ACE] by UT_MOD_G36
 22:27 Flag: 0 0: team_CTF_redflag
 22:27 ClientDisconnect: 8
 22:28 Flag: 2 1: team_CTF_redflag
 22:29 Item: 2 ut_weapon_grenade_he
 22:29 Item: 2 ut_weapon_g36
 22:29 Item: 2 ut_weapon_mp5k
 22:30 ClientSpawn: 10
 22:30 ClientSpawn: 0
 22:36 Kill: 2 7 20: Or killed Ed by UT_MOD_G36
 22:45 ClientSpawn: 7
 22:59 Kill: 2 4 20: Or killed Tal by UT_MOD_G36
 23:00 ClientSpawn: 4
 23:06 Flag: 3 2: team_CTF_redflag
 23:06 FlagCaptureTime: 3: 42000
 23:06 Kill: 10 0 38: RODOV killed [ACE] by UT_MOD_M4
 23:07 Kill: 2 9 20: Or killed MAMBA by UT_MOD_G36
 23:15 ClientSpawn: 0
 23:15 ClientSpawn: 9
 23:17 Item: 6 ut_weapon_beretta
 23:17 Item: 6 ut_weapon_mp5k
 23:24 Item: 10 team_CTF_blueflag
 23:27 Kill: 0 10 20: [ACE] killed RODOV by UT_MOD_G36
 23:27 Flag: 10 0: team_CTF_blueflag
 23:28 Flag: 0 1: team_CTF_blueflag
 23:29 Kill: 3 0 19: Seb killed [ACE] by UT_MOD_LR300
 23:30 ClientSpawn: 10
 23:30 ClientSpawn: 0
 23:35 Kill: 3 7 19: Seb killed Ed by UT_MOD_LR300
 23:35 Kill: 2 9 20: Or killed MAMBA by UT_MOD_G36
 23:38 Kill: 0 3 20: [ACE] killed Seb by UT_MOD_G36
 23:39 Kill: 2 4 20: Or killed Tal by UT_MOD_G36
 23:40 Item: 0 ut_weapon_deagle
 23:45 ClientSpawn: 4
 23:45 ClientSpawn: 9
 23:45 ClientSpawn: 7
 23:45 ClientSpawn: 3
 23:51 Kill: 2 0 20: Or killed [ACE] by UT_MOD_G36
 23:57 Item: 4 ut_weapon_lr
 24:00 ClientSpawn: 0
 24:03 Kill: 3 4 19: Seb killed Tal by UT_MOD_LR300
 24:03 Item: 9 ut_weapon_mp5k
 24:05 Kill: 9 2 19: MAMBA killed Or by UT_MOD_LR300
 24:06 Kill: 7 6 30: Ed killed Alik by UT_MOD_AK103
 24:06 Item: 3 ut_weapon_lr
 24:09 Kill: 0 3 20: [ACE] killed Seb by UT_MOD_G36
 24:11 Kill: 10 0 38: RODOV killed [ACE] by UT_MOD_M4
 24:15 ClientSpawn: 4
 24:15 ClientSpawn: 6
 24:15 ClientSpawn: 0
 24:15 ClientSpawn: 2
 24:15 ClientSpawn: 3
 24:16 Kill: 7 10 30: Ed killed RODOV by UT_MOD_AK103
 24:19 Kill: 9 6 19: MAMBA killed Alik by UT_MOD_LR300
 24:21 Item: 7 ut_weapon_beretta
 24:22 Item: 9 ut_weapon_beretta
 24:22 Item: 9 ut_weapon_mp5k
 24:30 ClientSpawn: 10
 24:30 ClientSpawn: 6
 24:32 Item: 0 ut_weapon_mp5k
 24:34 Kill: 6 9 38: Alik killed MAMBA by UT_MOD_M4
 24:36 Item: 6 ut_weapon_beretta
 24:37 Item: 6 ut_weapon_mp5k
 24:39 Kill: 4 10 19: Tal killed RODOV by UT_MOD_LR300
 24:45 ClientSpawn: 9
 24:45 ClientSpawn: 10
 24:47 Kill: 4 2 19: Tal killed Or by UT_MOD_LR300
 24:52 Kill: 10 7 38: RODOV killed Ed by UT_MOD_M4
 24:54 Item: 0 ut_weapon_mp5k
 24:54 Kill: 3 4 19: Seb killed Tal by UT_MOD_LR300
 24:55 Item: 10 ut_weapon_m4
 24:56 Item: 0 ut_weapon_deagle
 24:57 Kill: 0 10 20: [ACE] killed RODOV by UT_MOD_G36
 24:57 Item: 0 ut_weapon_deagle
 25:00 ClientSpawn: 7
 25:00 ClientSpawn: 10
 25:00 ClientSpawn: 2
 25:00 ClientSpawn: 4
 25:00 Item: 0 team_CTF_redflag
 25:06 Item: 10 ut_weapon_ump45
 25:08 Item: 2 ut_weapon_grenade_he
 25:12 Kill: 9 6 19: MAMBA killed Alik by UT_MOD_LR300
 25:13 Kill: 10 9 38: RODOV killed MAMBA by UT_MOD_M4
 25:14 Item: 3 team_CTF_blueflag
 25:15 ClientSpawn: 6
 25:15 ClientSpawn: 9
 25:21 Item: 2 ut_weapon_beretta
 25:24 Kill: 3 0 19: Seb killed [ACE] by UT_MOD_LR300
 25:24 Flag: 0 0: team_CTF_redflag
 25:25 Kill: 2 4 20: Or killed Tal by UT_MOD_G36
 25:26 Flag: 3 1: team_CTF_redflag
 25:30 ClientSpawn: 0
 25:30 ClientSpawn: 4
 25:30 ClientDisconnect: 6
 25:33 Kill: 9 10 19: MAMBA killed RODOV by UT_MOD_LR300
 25:41 Flag: 3 2: team_CTF_redflag
 25:41 FlagCaptureTime: 3: 27550
 25:45 ClientSpawn: 10
 25:51 Item: 9 team_CTF_redflag
 25:52 Kill: 3 4 19: Seb killed Tal by UT_MOD_LR300
 25:59 Kill: 10 9 38: RODOV killed MAMBA by UT_MOD_M4
 25:59 Flag: 9 0: team_CTF_redflag
 26:00 ClientSpawn: 9
 26:00 ClientSpawn: 4
 26:00 Flag: 10 1: team_CTF_redflag
 26:00 Kill: 0 10 20: [ACE] killed RODOV by UT_MOD_G36
 26:00 Item: 0 ut_weapon_mp5k
 26:00 Kill: 2 0 20: Or killed [ACE] by UT_MOD_G36
 26:01 Item: 2 ut_weapon_g36
 26:02 Item: 2 ut_weapon_beretta
 26:04 Item: 2 ut_weapon_beretta
 26:15 ClientSpawn: 0
 26:15 ClientSpawn: 10
 26:15 Kill: 3 9 19: Seb killed MAMBA by UT_MOD_LR300
 26:19 Kill: 4 2 19: Tal killed Or by UT_MOD_LR300
 26:30 ClientSpawn: 2
 26:30 ClientSpawn: 9
 26:33 Kill: 10 0 38: RODOV killed [ACE] by UT_MOD_M4
 26:38 Kill: 3 4 19: Seb killed Tal by UT_MOD_LR300
 26:45 ClientSpawn: 0
 26:45 ClientSpawn: 4
 26:49 Item: 3 ut_weapon_lr
 26:49 Item: 3 ut_weapon_grenade_he
 26:51 Kill: 3 9 19: Seb killed MAMBA by UT_MOD_LR300
 26:53 Item: 3 team_CTF_blueflag
 26:55 Kill: 0 3 20: [ACE] killed Seb by UT_MOD_G36
 26:55 Flag: 3 0: team_CTF_blueflag
 26:56 Item: 0 ut_weapon_grenade_smoke
 26:56 Item: 0 ut_weapon_mp5k
 26:56 Flag: 0 1: team_CTF_blueflag
 27:00 ClientSpawn: 9
 27:00 ClientSpawn: 3
 27:02 Item: 10 ut_weapon_deagle
 27:11 Kill: 10 4 38: RODOV killed Tal by UT_MOD_M4
 27:11 Item: 10 ut_weapon_ump45
 27:13 Kill: 2 0 20: Or killed [ACE] by UT_MOD_G36
 27:15 ClientSpawn: 4
 27:15 ClientSpawn: 0
 27:19 Item: 3 ut_weapon_grenade_he
 27:19 Item: 3 ut_weapon_deagle
 27:19 Item: 3 ut_weapon_mp5k
 27:23 Kill: 10 9 38: RODOV killed MAMBA by UT_MOD_M4
 27:27 Kill: 4 10 23: Tal killed RODOV by UT_MOD_BLED
 27:30 ClientSpawn: 10
 27:30 ClientSpawn: 9
 27:42 Kill: 4 10 19: Tal killed RODOV by UT_MOD_LR300
 27:45 ClientSpawn: 10
 27:48 Item: 4 ut_weapon_ump45
 27:50 Item: 0 team_CTF_redflag
 27:51 Kill: 4 2 19: Tal killed Or by UT_MOD_LR300
 27:54 Item: 3 team_CTF_blueflag
 27:58 Kill: 10 0 38: RODOV killed [ACE] by UT_MOD_M4
 27:58 Flag: 0 0: team_CTF_redflag
 28:00 ClientSpawn: 2
 28:00 ClientSpawn: 0
 28:00 Flag: 10 1: team_CTF_redflag
 28:11 Kill: 9 3 19: MAMBA killed Seb by UT_MOD_LR300
 28:11 Flag: 3 0: team_CTF_blueflag
 28:14 Item: 9 ut_weapon_grenade_smoke
 28:14 Item: 9 ut_weapon_mp5k
 28:14 Item: 9 ut_weapon_lr
 28:15 Flag: 9 1: team_CTF_blueflag
 28:15 ClientSpawn: 3
 28:18 ClientDisconnect: 7
 28:18 Item: 10 team_CTF_blueflag
 28:25 Item: 0 team_CTF_redflag
 28:26 Kill: 3 9 19: Seb killed MAMBA by UT_MOD_LR300
 28:27 Item: 3 ut_weapon_lr
 28:27 Item: 3 ut_weapon_mp5k
 28:28 Item: 3 ut_weapon_grenade_he
 28:30 ClientSpawn: 9
 28:41 Kill: 0 2 20: [ACE] killed Or by UT_MOD_G36
 28:42 Kill: 3 4 19: Seb killed Tal by UT_MOD_LR300
 28:45 ClientSpawn: 2
 28:45 ClientSpawn: 4
 28:52 Kill: 2 9 20: Or killed MAMBA by UT_MOD_G36
 29:00 ClientSpawn: 9
 29:01 Item: 4 ut_weapon_lr
 29:01 Item: 4 ut_weapon_beretta
 29:05 Kill: 4 3 19: Tal killed Seb by UT_MOD_LR300
 29:09 Item: 4 ut_weapon_lr
 29:10 Item: 4 ut_weapon_grenade_smoke
 29:11 Kill: 2 9 20: Or killed MAMBA by UT_MOD_G36
 29:15 ClientSpawn: 9
 29:15 ClientSpawn: 3
 29:15 Kill: 4 10 19: Tal killed RODOV by UT_MOD_LR300
 29:15 Flag: 10 0: team_CTF_blueflag
 29:15 Flag: 4 1: team_CTF_blueflag
 29:15 Item: 4 ut_weapon_ump45
 29:19 Item: 2 team_CTF_blueflag
 29:20 Kill: 0 2 20: [ACE] killed Or by UT_MOD_G36
 29:20 Flag: 2 0: team_CTF_blueflag
 29:25 Flag: 9 1: team_CTF_blueflag
 29:27 Item: 9 ut_weapon_beretta
 29:27 Item: 9 ut_weapon_lr
 29:27 Item: 9 ut_weapon_beretta
 29:29 Flag: 0 2: team_CTF_blueflag
 29:29 FlagCaptureTime: 0: 63600
 29:29 Item: 0 ut_weapon_g36
 29:30 ClientSpawn: 2
 29:30 ClientSpawn: 10
 29:41 Kill: 2 9 20: Or killed MAMBA by UT_MOD_G36
 29:45 ClientSpawn: 9
 29:46 Item: 4 team_CTF_redflag
 29:46 Kill: 2 0 20: Or killed [ACE] by UT_MOD_G36
 29:49 Item: 2 ut_weapon_grenade_he
 29:49 Item: 2 ut_weapon_g36
 30:00 ClientSpawn: 0
 30:06 Kill: 2 4 20: Or killed Tal by UT_MOD_G36
 30:06 Flag: 4 0: team_CTF_redflag
 30:07 Flag: 2 1: team_CTF_redflag
 30:07 Item: 2 ut_weapon_beretta
 30:09 Item: 3 team_CTF_blueflag
 30:10 Kill: 9 2 23: MAMBA killed Or by UT_MOD_BLED
 30:13 Item: 0 ut_weapon_deagle
 30:15 ClientSpawn: 4
 30:15 ClientSpawn: 2
 30:15 Item: 0 ut_weapon_g36
 30:16 Item: 0 ut_weapon_grenade_smoke
 30:23 Kill: 4 3 19: Tal killed Seb by UT_MOD_LR300
 30:23 Flag: 3 0: team_CTF_blueflag
 30:25 Kill: 0 2 20: [ACE] killed Or by UT_MOD_G36
 30:25 Flag: 4 1: team_CTF_blueflag
 30:30 ClientSpawn: 2
 30:30 ClientSpawn: 3
 30:30 Item: 9 team_CTF_redflag
 30:40 Kill: 10 9 38: RODOV killed MAMBA by UT_MOD_M4
 30:40 Flag: 9 0: team_CTF_redflag
 30:40 Kill: 0 2 20: [ACE] killed Or by UT_MOD_G36
 30:40 Kill: 4 3 19: Tal killed Seb by UT_MOD_LR300
 30:45 ClientSpawn: 2
 30:45 ClientSpawn: 9
 30:45 ClientSpawn: 3
 30:48 Flag: 10 1: team_CTF_redflag
 30:54 Kill: 0 10 20: [ACE] killed RODOV by UT_MOD_G36
 30:55 Kill: 4 2 19: Tal killed Or by UT_MOD_LR300
 30:55 Kill: 3 4 19: Seb killed Tal by UT_MOD_LR300
 31:00 ClientSpawn: 10
 31:00 ClientSpawn: 2
 31:00 ClientSpawn: 4
 31:03 Kill: 0 3 20: [ACE] killed Seb by UT_MOD_G36
 31:12 Kill: 0 2 20: [ACE] killed Or by UT_MOD_G36
 31:14 Item: 0 team_CTF_redflag
 31:15 ClientSpawn: 2
 31:15 ClientSpawn: 3
 31:17 Kill: 10 0 25: RODOV killed [ACE] by UT_MOD_HEGRENADE
 31:17 Flag: 0 0: team_CTF_redflag
 31:18 Item: 4 ut_weapon_ump45
 31:18 Item: 4 ut_weapon_beretta
 31:18 Item: 4 ut_weapon_lr
 31:22 Flag: 10 1: team_CTF_redflag
 31:22 Item: 10 ut_weapon_grenade_he
 31:22 Item: 10 ut_weapon_grenade_smoke
 31:26 Item: 9 team_CTF_redflag
 31:26 Kill: 3 4 19: Seb killed Tal by UT_MOD_LR300
 31:26 Kill: 9 10 19: MAMBA killed RODOV by UT_MOD_LR300
 31:26 Item: 9 ut_weapon_beretta
 31:28 Item: 9 ut_weapon_grenade_smoke
 31:28 Item: 9 ut_weapon_mp5k
 31:29 Kill: 2 9 20: Or killed MAMBA by UT_MOD_G36
 31:29 Flag: 9 0: team_CTF_redflag
 31:30 ClientSpawn: 10
 31:30 ClientSpawn: 0
 31:30 ClientSpawn: 9
 31:30 ClientSpawn: 4
 31:32 Item: 2 ut_weapon_grenade_he
 31:32 Flag: 2 1: team_CTF_redflag
 31:40 Item: 10 ut_weapon_m4
 31:40 Item: 10 ut_weapon_deagle
 31:44 Kill: 2 0 20: Or killed [ACE] by UT_MOD_G36
 31:45 ClientSpawn: 0
 31:50 Kill: 9 10 19: MAMBA killed RODOV by UT_MOD_LR300
 31:54 Item: 3 team_CTF_blueflag
 31:58 Item: 9 team_CTF_redflag
 31:59 Kill: 0 2 25: [ACE] killed Or by UT_MOD_HEGRENADE
 32:00 ClientSpawn: 2
 32:00 ClientSpawn: 10
 32:17 Kill: 4 10 19: Tal killed RODOV by UT_MOD_LR300
 32:18 Kill: 2 4 20: Or killed Tal by UT_MOD_G36
 32:30 ClientSpawn: 4
 32:30 ClientSpawn: 10
 32:34 Kill: 9 2 19: MAMBA killed Or by UT_MOD_LR300
 32:39 Item: 9 ut_weapon_beretta
 32:45 ClientSpawn: 2
 32:56 Kill: 4 10 19: Tal killed RODOV by UT_MOD_LR300
 33:00 ClientSpawn: 10
 33:13 Kill: 2 9 20: Or killed MAMBA by UT_MOD_G36
 33:13 Flag: 9 0: team_CTF_redflag
 33:14 Flag: 2 1: team_CTF_redflag
 33:14 Item: 2 ut_weapon_grenade_he
 33:15 ClientSpawn: 9
 33:17 Kill: 10 0 38: RODOV killed [ACE] by UT_MOD_M4
 33:23 Flag: 3 2: team_CTF_redflag
 33:23 FlagCaptureTime: 3: 89350
 33:23 Item: 2 ut_weapon_mp5k
 33:25 Item: 2 team_CTF_blueflag
 33:27 Kill: 2 9 20: Or killed MAMBA by UT_MOD_G36
 33:30 ClientSpawn: 0
 33:30 ClientSpawn: 9
 33:39 Kill: 0 2 20: [ACE] killed Or by UT_MOD_G36
 33:39 Flag: 2 0: team_CTF_blueflag
 33:39 Item: 9 ut_weapon_beretta
 33:40 Item: 9 ut_weapon_lr
 33:40 Item: 9 ut_weapon_mp5k
 33:44 Flag: 0 1: team_CTF_blueflag
 33:44 Item: 0 ut_weapon_mp5k
 33:44 Item: 0 ut_weapon_g36
 33:45 ClientSpawn: 2
 33:47 Item: 4 team_CTF_redflag
 33:49 Kill: 3 9 18: Seb killed MAMBA by UT_MOD_MP5K
 33:53 Kill: 4 2 19: Tal killed Or by UT_MOD_LR300
 34:00 ClientSpawn: 9
 34:00 ClientSpawn: 2
 34:05 Kill: 0 3 20: [ACE] killed Seb by UT_MOD_G36
 34:14 Kill: 10 4 38: RODOV killed Tal by UT_MOD_M4
 34:14 Flag: 4 0: team_CTF_redflag
 34:15 ClientSpawn: 3
 34:15 ClientSpawn: 4
 34:16 Kill: 9 10 19: MAMBA killed RODOV by UT_MOD_LR300
 34:20 Item: 9 ut_weapon_lr
 34:20 Kill: 2 9 20: Or killed MAMBA by UT_MOD_G36
 34:22 Item: 2 ut_weapon_grenade_he
 34:22 Flag: 2 1: team_CTF_redflag
 34:24 Item: 2 ut_weapon_ump45
 34:24 Item: 2 ut_weapon_beretta
 34:25 Item: 0 team_CTF_redflag
 34:26 Kill: 3 0 19: Seb killed [ACE] by UT_MOD_LR300
 34:26 Flag: 0 0: team_CTF_redflag
 34:26 Kill: 2 4 20: Or killed Tal by UT_MOD_G36
 34:27 Flag: 3 1: team_CTF_redflag
 34:28 Item: 3 ut_weapon_mp5k
 34:30 ClientSpawn: 9
 34:30 ClientSpawn: 10
 34:30 ClientSpawn: 0
 34:30 ClientSpawn: 4
 34:31 Item: 2 team_CTF_blueflag
 34:42 Kill: 9 2 19: MAMBA killed Or by UT_MOD_LR300
 34:42 Flag: 2 0: team_CTF_blueflag
 34:42 Item: 4 ut_weapon_lr
 34:45 ClientSpawn: 2
 34:47 Item: 3 team_CTF_blueflag
 34:48 Kill: 4 3 19: Tal killed Seb by UT_MOD_LR300
 34:48 Flag: 3 0: team_CTF_blueflag
 34:48 Flag: 9 1: team_CTF_blueflag
 34:48 Item: 9 ut_weapon_lr
 34:49 Item: 9 ut_weapon_mp5k
 34:49 Item: 9 ut_weapon_beretta
 34:49 Kill: 10 9 38: RODOV killed MAMBA by UT_MOD_M4
 34:51 Kill: 0 10 23: [ACE] killed RODOV by UT_MOD_BLED
 34:51 Item: 4 ut_weapon_beretta
 34:51 Item: 4 ut_weapon_grenade_smoke
 34:52 Item: 0 ut_weapon_g36
 34:52 Item: 0 ut_weapon_deagle
 34:56 Item: 4 ut_weapon_ump45
 34:57 Kill: 2 0 20: Or killed [ACE] by UT_MOD_G36
 35:00 ClientSpawn: 9
 35:00 ClientSpawn: 10
 35:00 ClientSpawn: 0
 35:00 ClientSpawn: 3
 35:01 Kill: 2 4 20: Or killed Tal by UT_MOD_G36
 35:09 Kill: 9 2 23: MAMBA killed Or by UT_MOD_BLED
 35:14 Item: 3 ut_weapon_deagle
 35:15 ClientSpawn: 4
 35:15 ClientSpawn: 2
 35:15 Item: 3 ut_weapon_lr
 35:17 Kill: 3 9 19: Seb killed MAMBA by UT_MOD_LR300
 35:17 Item: 3 ut_weapon_mp5k
 35:19 Item: 3 ut_weapon_grenade_he
 35:19 Item: 3 ut_weapon_lr
 35:26 Item: 4 ut_weapon_beretta
 35:26 Item: 0 team_CTF_redflag
 35:27 Kill: 0 10 20: [ACE] killed RODOV by UT_MOD_G36
 35:28 Item: 0 ut_weapon_deagle
 35:30 ClientSpawn: 9
 35:30 ClientSpawn: 10
 35:34 Kill: 9 3 19: MAMBA killed Seb by UT_MOD_LR300
 35:36 Exit: Timelimit hit.
 35:36 red:4  blue:3
 35:36 score: 130  ping: 0  client: 2 Or
 35:36 score: 114  ping: 1  client: 3 Seb
 35:36 score: 101  ping: 0  client: 0 [ACE]
 35:36 score: 95  ping: 1  client: 4 Tal
 35:36 score: 86  ping: 0  client: 9 MAMBA
 35:36 score: 85  ping: 0  client: 10 RODOV
 35:37 ClientSpawn: 0
 35:37 ClientSpawn: 2
 35:37 ClientSpawn: 3
 35:37 ClientSpawn: 4
 35:37 ClientSpawn: 9
 35:37 ClientSpawn: 10
 35:48 ClientDisconnect: 3
 35:52 ShutdownGame:
 35:52 ------------------------------------------------------------