
  0:00 ------------------------------------------------------------
  0:00 InitGame: \sv_allowdownload\0\g_matchmode\0\g_gametype\7\sv_maxclients\16\sv_floodprotect\0\capturelimit\999\sv_hostname\MyAccount\g_followstrict\0\fraglimit\999\timelimit\35\g_swaproles\0\g_roundtime\3\g_bombexplodetime\40\g_bombdefusetime\10\g_hotpotato\2\g_waverespawns\1\g_redwave\15\g_bluewave\15\g_respawndelay\8\g_suddendeath\1\g_maxrounds\0\g_friendlyfire\0\g_allowvote\0\g_armbands\1\g_funstuff\1\g_stratTime\0\g_skins\1\g_stamina\0\g_walljumps\3\g_deadchat\2\g_maxGameClients\0\sv_clientsPerIp\0\sv_maxPing\0\sv_minPing\0\sv_maxRate\0\sv_minRate\0\dmflags\0\version\ioQ3 1.35 urt 4.2.023 win-x86 Jan 17 2015\protocol\68\mapname\ut4_riyadh\sv_privateClients\0\gamename\q3urt42\g_needpass\0\g_enableDust\0\g_enableBreath\0\g_antilagvis\0\g_survivor\0\g_enablePrecip\0\auth\0\auth_status\init\g_modversion\4.2.023
  0:00 Warmup:
  0:24 Session data initialised for client on slot 0 at 60421
  0:24 ClientConnect: 0
  0:24 ClientUserinfo: 0 \ip\16.60.238.2:27961\challenge\2050303189\qport\34690\protocol\68\name\RODOV\rate\8000\snaps\20\color1\4\color2\5\handicap\100\sex\male\authc\0\cl_guid\A3BDF4E8FCD71B5BB1589ABC2E92F30E
  0:24 ClientUserinfoChanged: 0 n\RODOV\t\3\r\2\tl\0\f0\\f1\\f2\\a0\255\a1\255\a2\255
  0:34 ClientUserinfo: 0 \ip\16.60.238.2:27961\name\RODOV\racered\2\raceblue\2\rate\8000\ut_timenudge\0\cg_rgb\255 255 0\cg_physics\1\snaps\20\color1\4\color2\5\handicap\100\sex\male\cg_autoPickup\-1\cg_ghost\0\cl_time\C*Z+6W40nHCc=t1B\racefree\2\gear\GeJORAA\authc\0\cl_guid\A3BDF4E8FCD71B5BB1589ABC2E92F30E\weapmodes\00000110220000020002000
  0:34 ClientUserinfoChanged: 0 n\RODOV\t\3\r\2\tl\0\f0\\f1\\f2\\a0\255\a1\255\a2\255
  0:34 ClientBegin: 0
  0:36 ClientUserinfo: 0 \ip\16.60.238.2:27961\name\RODOV\racered\2\raceblue\2\rate\8000\ut_timenudge\0\cg_rgb\255 255 0\cg_physics\1\snaps\20\color1\4\color2\5\handicap\100\sex\male\cg_autoPickup\-1\cg_ghost\0\cl_time\C*Z+6W40nHCc=t1B\racefree\2\gear\GeJORAA\authc\0\cl_guid\A3BDF4E8FCD71B5BB1589ABC2E92F30E\weapmodes\00000110220000020002000
  0:36 ClientUserinfoChanged: 0 n\RODOV\t\2\r\2\tl\0\f0\\f1\\f2\\a0\0\a1\0\a2\255
  0:36 ClientSpawn: 0
  0:36 ClientBegin: 0
  1:34 Session data initialised for client on slot 0 at 131088
  1:34 ClientConnect: 1
  1:34 ClientUserinfo: 1 \ip\16.60.213.12:27960\challenge\996358877\qport\12286\protocol\68\name\[ACE]\rate\8000\snaps\20\color1\4\color2\5\handicap\100\sex\male\authc\0\cl_guid\A3BDF4E8FCD71B5BB1589ABC2E92F30E
  1:34 ClientUserinfoChanged: 1 n\[ACE]\t\3\r\2\tl\0\f0\\f1\\f2\\a0\255\a1\255\a2\255
  1:40 Session data initialised for client on slot 0 at 136448
  1:40 ClientConnect: 2
  1:40 ClientUserinfo: 2 \ip\16.60.213.11:27960\challenge\887484283\qport\26453\protocol\68\name\Knite\rate\8000\sex\male\handicap\100\color2\5\color1\4\snaps\20\authc\0\cl_guid\A3BDF4E8FCD71B5BB1589ABC2E92F30E
  1:40 ClientUserinfoChanged: 2 n\Knite\t\3\r\2\tl\0\f0\\f1\\f2\\a0\255\a1\255\a2\255
  1:41 Session data initialised for client on slot 0 at 137108
  1:41 ClientConnect: 3
  1:41 ClientUserinfo: 3 \ip\16.60.214.133:27960\challenge\92594111\qport\18747\protocol\68\name\benD\rate\8000\snaps\20\color1\4\color2\5\handicap\100\sex\male\authc\0\cl_guid\A3BDF4E8FCD71B5BB1589ABC2E92F30E
  1:41 ClientUserinfoChanged: 3 n\benD\t\3\r\2\tl\0\f0\\f1\\f2\\a0\255\a1\255\a2\255
  1:41 Session data initialised for client on slot 0 at 137843
  1:41 ClientConnect: 4
  1:41 ClientUserinfo: 4 \ip\16.60.213.20:27960\challenge\1191221298\qport\62044\protocol\68\name\Or\rate\8000\snaps\20\color1\4\color2\5\handicap\100\sex\male\authc\0\cl_guid\A3BDF4E8FCD71B5BB1589ABC2E92F30E
  1:41 ClientUserinfoChanged: 4 n\Or\t\3\r\2\tl\0\f0\\f1\\f2\\a0\255\a1\255\a2\255
  1:42 Session data initialised for client on slot 0 at 139063
  1:42 ClientConnect: 5
  1:42 ClientUserinfo: 5 \ip\16.60.214.134:27960\challenge\726463025\qport\61180\protocol\68\name\settler\rate\8000\snaps\20\color1\4\color2\5\handicap\100\sex\male\authc\0\cl_guid\A3BDF4E8FCD71B5BB1589ABC2E92F30E
  1:42 ClientUserinfoChanged: 5 n\settler\t\3\r\2\tl\0\f0\\f1\\f2\\a0\255\a1\255\a2\255
  1:47 ClientUserinfo: 1 \ip\16.60.213.12:27960\name\[ACE]\racered\3\raceblue\3\rate\8000\ut_timenudge\0\cg_rgb\0 0 0\cg_physics\1\snaps\20\color1\4\color2\5\handicap\100\sex\male\cg_autoPickup\-1\cg_ghost\0\cl_time\EOQ=_#EhY+BqbLZ#\racefree\3\gear\GMIOWAA\authc\0\cl_guid\A3BDF4E8FCD71B5BB1589ABC2E92F30E\weapmodes\00000110220000020002000
  1:47 ClientUserinfoChanged: 1 n\[ACE]\t\3\r\3\tl\0\f0\\f1\\f2\\a0\255\a1\255\a2\255
  1:47 ClientBegin: 1
  1:50 ClientUserinfo: 3 \ip\16.60.214.133:27960\name\benD\racered\2\raceblue\2\rate\8000\ut_timenudge\0\cg_rgb\128 128 128\cg_physics\1\snaps\20\color1\4\color2\5\handicap\100\sex\male\cg_autoPickup\-1\cg_ghost\0\cl_time\>$?0WYRATyB>DLZ?\racefree\2\gear\FeIORAA\authc\0\cl_guid\A3BDF4E8FCD71B5BB1589ABC2E92F30E\weapmodes\00000110220000020002000
  1:50 ClientUserinfoChanged: 3 n\benD\t\3\r\2\tl\0\f0\\f1\\f2\\a0\255\a1\255\a2\255
  1:50 ClientBegin: 3
  1:52 ClientUserinfo: 5 \ip\16.60.214.134:27960\name\settler\racered\2\raceblue\2\rate\8000\ut_timenudge\0\cg_rgb\0 0 0\cg_physics\1\snaps\20\color1\4\color2\5\handicap\100\sex\male\cg_autoPickup\-1\cg_ghost\0\cl_time\>$?0WYRATyB>DLZ?\racefree\2\gear\FeIORAA\authc\0\cl_guid\A3BDF4E8FCD71B5BB1589ABC2E92F30E\weapmodes\00000110220000020002000
  1:52 ClientUserinfoChanged: 5 n\settler\t\3\r\2\tl\0\f0\\f1\\f2\\a0\255\a1\255\a2\255
  1:52 ClientBegin: 5
  1:52 ClientUserinfo: 2 \ip\16.60.213.11:27960\name\Knite\racered\3\raceblue\3\rate\8000\ut_timenudge\0\cg_rgb\255 0 255\cg_physics\1\gear\GLAORTA\racefree\3\cl_time\nbMiUY?A&g3zML5+\cg_ghost\0\cg_autoPickup\-1\sex\male\handicap\100\color2\5\color1\4\snaps\20\authc\0\cl_guid\A3BDF4E8FCD71B5BB1589ABC2E92F30E\weapmodes\00000110210000020002000
  1:52 ClientUserinfoChanged: 2 n\Knite\t\3\r\3\tl\0\f0\\f1\\f2\\a0\255\a1\255\a2\255
  1:52 ClientBegin: 2
  1:53 ClientUserinfo: 4 \ip\16.60.213.20:27960\name\Or\racered\2\raceblue\2\rate\8000\ut_timenudge\0\cg_rgb\128 128 128\cg_physics\1\snaps\20\color1\4\color2\5\handicap\100\sex\male\cg_autoPickup\-1\cg_ghost\0\cl_time\gjO9L>00&|@(gLOk\racefree\2\gear\FMAARWU\authc\0\cl_guid\A3BDF4E8FCD71B5BB1589ABC2E92F30E\weapmodes\00000110220000020002000
  1:53 ClientUserinfoChanged: 4 n\Or\t\3\r\2\tl\0\f0\\f1\\f2\\a0\255\a1\255\a2\255
  1:53 ClientBegin: 4
  1:53 ClientUserinfo: 1 \ip\16.60.213.12:27960\name\[ACE]\racered\3\raceblue\3\rate\8000\ut_timenudge\0\cg_rgb\0 0 0\cg_physics\1\snaps\20\color1\4\color2\5\handicap\100\sex\male\cg_autoPickup\-1\cg_ghost\0\cl_time\EOQ=_#EhY+BqbLZ#\racefree\3\gear\GMIOWAA\authc\0\cl_guid\A3BDF4E8FCD71B5BB1589ABC2E92F30E\weapmodes\00000110220000020002000
  1:53 ClientUserinfoChanged: 1 n\[ACE]\t\2\r\3\tl\0\f0\\f1\\f2\\a0\0\a1\0\a2\255
  1:53 ClientSpawn: 1
  1:53 ClientBegin: 1
  1:54 ClientUserinfo: 2 \ip\16.60.213.11:27960\name\Knite\racered\3\raceblue\3\rate\8000\ut_timenudge\0\cg_rgb\255 0 255\cg_physics\1\gear\GLAORTA\racefree\3\cl_time\nbMiUY?A&g3zML5+\cg_ghost\0\cg_autoPickup\-1\sex\male\handicap\100\color2\5\color1\4\snaps\20\authc\0\cl_guid\A3BDF4E8FCD71B5BB1589ABC2E92F30E\weapmodes\00000110210000020002000
  1:54 ClientUserinfoChanged: 2 n\Knite\t\2\r\3\tl\0\f0\\f1\\f2\\a0\0\a1\0\a2\255
  1:54 ClientSpawn: 2
  1:54 ClientBegin: 2
  1:57 ClientUserinfo: 5 \ip\16.60.214.134:27960\name\settler\racered\2\raceblue\2\rate\8000\ut_timenudge\0\cg_rgb\0 0 0\cg_physics\1\snaps\20\color1\4\color2\5\handicap\100\sex\male\cg_autoPickup\-1\cg_ghost\0\cl_time\>$?0WYRATyB>DLZ?\racefree\2\gear\FeIORAA\authc\0\cl_guid\A3BDF4E8FCD71B5BB1589ABC2E92F30E\weapmodes\00000110220000020002000
  1:57 ClientUserinfoChanged: 5 n\settler\t\2\r\2\tl\0\f0\\f1\\f2\\a0\0\a1\0\a2\255
  1:57 ClientSpawn: 5
  1:57 ClientBegin: 5
  1:59 ClientUserinfo: 3 \ip\16.60.214.133:27960\name\benD\racered\2\raceblue\2\rate\8000\ut_timenudge\0\cg_rgb\128 128 128\cg_physics\1\snaps\20\color1\4\color2\5\handicap\100\sex\male\cg_autoPickup\-1\cg_ghost\0\cl_time\>$?0WYRATyB>DLZ?\racefree\2\gear\FeIORAA\authc\0\cl_guid\A3BDF4E8FCD71B5BB1589ABC2E92F30E\weapmodes\00000110220000020002000
  1:59 ClientUserinfoChanged: 3 n\benD\t\2\r\2\tl\0\f0\\f1\\f2\\a0\0\a1\0\a2\255
  1:59 ClientSpawn: 3
  1:59 ClientBegin: 3
  2:00 Kill: 3 3 10: benD killed benD by MOD_CHANGE_TEAM
  2:00 ClientUserinfo: 3 \ip\16.60.214.133:27960\name\benD\racered\2\raceblue\2\rate\8000\ut_timenudge\0\cg_rgb\128 128 128\cg_physics\1\snaps\20\color1\4\color2\5\handicap\100\sex\male\cg_autoPickup\-1\cg_ghost\0\cl_time\>$?0WYRATyB>DLZ?\racefree\2\gear\FeIORAA\authc\0\cl_guid\A3BDF4E8FCD71B5BB1589ABC2E92F30E\weapmodes\00000110220000020002000
  2:00 ClientUserinfoChanged: 3 n\benD\t\1\r\2\tl\0\f0\\f1\\f2\\a0\255\a1\0\a2\0
  2:00 ClientSpawn: 3
  2:00 ClientBegin: 3
  2:00 Kill: 5 5 10: settler killed settler by MOD_CHANGE_TEAM
  2:00 ClientUserinfo: 5 \ip\16.60.214.134:27960\name\settler\racered\2\raceblue\2\rate\8000\ut_timenudge\0\cg_rgb\0 0 0\cg_physics\1\snaps\20\color1\4\color2\5\handicap\100\sex\male\cg_autoPickup\-1\cg_ghost\0\cl_time\>$?0WYRATyB>DLZ?\racefree\2\gear\FeIORAA\authc\0\cl_guid\A3BDF4E8FCD71B5BB1589ABC2E92F30E\weapmodes\00000110220000020002000
  2:00 ClientUserinfoChanged: 5 n\settler\t\1\r\2\tl\0\f0\\f1\\f2\\a0\255\a1\0\a2\0
  2:00 ClientSpawn: 5
  2:00 ClientBegin: 5
  2:01 ------------------------------------------------------------
  2:01 InitRound: \sv_allowdownload\0\g_matchmode\0\g_gametype\7\sv_maxclients\16\sv_floodprotect\0\capturelimit\999\sv_hostname\MyAccount\g_followstrict\0\fraglimit\999\timelimit\35\g_swaproles\0\g_roundtime\3\g_bombexplodetime\40\g_bombdefusetime\10\g_hotpotato\2\g_waverespawns\1\g_redwave\15\g_bluewave\15\g_respawndelay\8\g_suddendeath\1\g_maxrounds\0\g_friendlyfire\0\g_allowvote\0\g_armbands\1\g_funstuff\1\g_stratTime\0\g_skins\1\g_stamina\0\g_walljumps\3\g_deadchat\2\g_maxGameClients\0\sv_clientsPerIp\0\sv_maxPing\0\sv_minPing\0\sv_maxRate\0\sv_minRate\0\dmflags\0\version\ioQ3 1.35 urt 4.2.023 win-x86 Jan 17 2015\protocol\68\mapname\ut4_riyadh\sv_privateClients\0\gamename\q3urt42\g_needpass\0\g_enableDust\0\g_enableBreath\0\g_antilagvis\0\g_survivor\0\g_enablePrecip\0\auth\0\auth_status\off (local)\g_modversion\4.2.023
  2:01 ClientSpawn: 0
  2:01 ClientSpawn: 1
  2:01 ClientSpawn: 2
  2:01 ClientSpawn: 3
  2:01 ClientSpawn: 5
  2:01 Session data initialised for client on slot 0 at 157697
  2:01 ClientConnect: 6
  2:01 ClientUserinfo: 6 \ip\16.60.214.139:27960\challenge\821748541\qport\14874\protocol\68\name\Seb\rate\8000\snaps\20\color1\4\color2\5\handicap\100\sex\male\authc\0\cl_guid\A3BDF4E8FCD71B5BB1589ABC2E92F30E
  2:01 ClientUserinfoChanged: 6 n\Seb\t\3\r\2\tl\0\f0\\f1\\f2\\a0\255\a1\255\a2\255
  2:03 ClientUserinfo: 4 \ip\16.60.213.20:27960\name\Or\racered\2\raceblue\2\rate\8000\ut_timenudge\0\cg_rgb\128 128 128\cg_physics\1\snaps\20\color1\4\color2\5\handicap\100\sex\male\cg_autoPickup\-1\cg_ghost\0\cl_time\gjO9L>00&|@(gLOk\racefree\2\gear\FMAARWU\authc\0\cl_guid\A3BDF4E8FCD71B5BB1589ABC2E92F30E\weapmodes\00000110220000020002000
  2:03 ClientUserinfoChanged: 4 n\Or\t\1\r\2\tl\0\f0\\f1\\f2\\a0\255\a1\0\a2\0
  2:03 ClientSpawn: 4
  2:03 ClientBegin: 4
  2:11 ClientUserinfo: 5 \ip\16.60.214.134:27960\name\settler\racered\2\raceblue\2\rate\8000\ut_timenudge\0\cg_rgb\0 0 0\cg_physics\1\snaps\20\color1\4\color2\5\handicap\100\sex\male\cg_autoPickup\-1\cg_ghost\0\cl_time\>$?0WYRATyB>DLZ?\racefree\2\gear\FMIORAA\authc\0\cl_guid\A3BDF4E8FCD71B5BB1589ABC2E92F30E\weapmodes\00000110220000020002000
  2:11 ClientUserinfoChanged: 5 n\settler\t\1\r\2\tl\0\f0\\f1\\f2\\a0\255\a1\0\a2\0
  2:11 Session data initialised for client on slot 0 at 167778
  2:11 ClientConnect: 7
  2:11 ClientUserinfo: 7 \ip\16.60.214.141:27960\challenge\265179438\qport\41273\protocol\68\name\Kilaka\rate\8000\snaps\20\color1\4\color2\5\handicap\100\sex\male\authc\0\cl_guid\A3BDF4E8FCD71B5BB1589ABC2E92F30E
  2:11 ClientUserinfoChanged: 7 n\Kilaka\t\3\r\2\tl\0\f0\\f1\\f2\\a0\255\a1\255\a2\255
  2:12 ClientUserinfo: 6 \ip\16.60.214.139:27960\name\Seb\racered\2\raceblue\2\rate\8000\ut_timenudge\0\cg_rgb\255 0 0\cg_physics\1\snaps\20\color1\4\color2\5\handicap\100\sex\male\cg_autoPickup\-1\cg_ghost\0\cl_time\c_x#HLG$TF2D`GcF\racefree\2\gear\GLIQRAA\authc\0\cl_guid\A3BDF4E8FCD71B5BB1589ABC2E92F30E\weapmodes\00000110210000020002000
  2:12 ClientUserinfoChanged: 6 n\Seb\t\3\r\2\tl\0\f0\\f1\\f2\\a0\255\a1\255\a2\255
  2:12 ClientBegin: 6
  2:16 ClientUserinfo: 5 \ip\16.60.214.134:27960\name\settler\racered\2\raceblue\2\rate\8000\ut_timenudge\0\cg_rgb\0 0 0\cg_physics\1\snaps\20\color1\4\color2\5\handicap\100\sex\male\cg_autoPickup\-1\cg_ghost\0\cl_time\>$?0WYRATyB>DLZ?\racefree\2\gear\fMIORAA\authc\0\cl_guid\A3BDF4E8FCD71B5BB1589ABC2E92F30E\weapmodes\00000110220000020002000
  2:16 ClientUserinfoChanged: 5 n\settler\t\1\r\2\tl\0\f0\\f1\\f2\\a0\255\a1\0\a2\0
  2:17 ClientUserinfo: 6 \ip\16.60.214.139:27960\name\Seb\racered\2\raceblue\2\rate\8000\ut_timenudge\0\cg_rgb\255 0 0\cg_physics\1\snaps\20\color1\4\color2\5\handicap\100\sex\male\cg_autoPickup\-1\cg_ghost\0\cl_time\c_x#HLG$TF2D`GcF\racefree\2\gear\GLIQRAA\authc\0\cl_guid\A3BDF4E8FCD71B5BB1589ABC2E92F30E\weapmodes\00000110210000020002000
  2:17 ClientUserinfoChanged: 6 n\Seb\t\1\r\2\tl\0\f0\\f1\\f2\\a0\255\a1\0\a2\0
  2:17 ClientSpawn: 6
  2:17 ClientBegin: 6
  2:21 ClientUserinfo: 7 \ip\16.60.214.141:27960\name\Kilaka\racered\2\raceblue\2\rate\8000\ut_timenudge\0\cg_rgb\0 0 0\cg_physics\1\snaps\20\color1\4\color2\5\handicap\100\sex\male\cg_autoPickup\-1\cg_ghost\0\cl_time\c+6K<Wt$r+a]Ht<(\racefree\1\gear\FeIORAA\authc\0\cl_guid\A3BDF4E8FCD71B5BB1589ABC2E92F30E\weapmodes\00000110220000020002000
  2:21 ClientUserinfoChanged: 7 n\Kilaka\t\3\r\1\tl\0\f0\\f1\\f2\\a0\255\a1\255\a2\255
  2:21 ClientBegin: 7
  2:22 ClientUserinfo: 5 \ip\16.60.214.134:27960\name\settler\racered\2\raceblue\2\rate\8000\ut_timenudge\0\cg_rgb\0 0 0\cg_physics\1\snaps\20\color1\4\color2\5\handicap\100\sex\male\cg_autoPickup\-1\cg_ghost\0\cl_time\>$?0WYRATyB>DLZ?\racefree\2\gear\fMIOXAA\authc\0\cl_guid\A3BDF4E8FCD71B5BB1589ABC2E92F30E\weapmodes\00000110220000020002000
  2:22 ClientUserinfoChanged: 5 n\settler\t\1\r\2\tl\0\f0\\f1\\f2\\a0\255\a1\0\a2\0
  2:25 ClientUserinfo: 7 \ip\16.60.214.141:27960\name\Kilaka\racered\2\raceblue\2\rate\8000\ut_timenudge\0\cg_rgb\0 0 0\cg_physics\1\snaps\20\color1\4\color2\5\handicap\100\sex\male\cg_autoPickup\-1\cg_ghost\0\cl_time\c+6K<Wt$r+a]Ht<(\racefree\1\gear\FeIORAA\authc\0\cl_guid\A3BDF4E8FCD71B5BB1589ABC2E92F30E\weapmodes\00000110220000020002000
  2:25 ClientUserinfoChanged: 7 n\Kilaka\t\2\r\2\tl\0\f0\\f1\\f2\\a0\0\a1\0\a2\255
  2:25 ClientSpawn: 7
  2:25 ClientBegin: 7
  2:34 Kill: 3 2 38: benD killed Knite by UT_MOD_M4
  2:37 Kill: 1 3 20: [ACE] killed benD by UT_MOD_G36
  2:42 Session data initialised for client on slot 0 at 199056
  2:42 ClientConnect: 8
  2:42 ClientUserinfo: 8 \ip\16.60.213.30:27960\challenge\1185614340\qport\61489\protocol\68\name\godfather\rate\8000\sex\male\handicap\100\color2\5\color1\4\snaps\20\authc\0\cl_guid\A3BDF4E8FCD71B5BB1589ABC2E92F30E
  2:42 ClientUserinfoChanged: 8 n\godfather\t\3\r\2\tl\0\f0\\f1\\f2\\a0\255\a1\255\a2\255
  2:45 ClientSpawn: 2
  2:45 ClientSpawn: 3
  2:48 ClientUserinfo: 7 \ip\16.60.214.141:27960\name\Kilaka\racered\2\raceblue\2\rate\8000\ut_timenudge\0\cg_rgb\0 0 0\cg_physics\1\snaps\20\color1\4\color2\5\handicap\100\sex\male\cg_autoPickup\-1\cg_ghost\0\cl_time\c+6K<Wt$r+a]Ht<(\racefree\1\gear\FaIORAA\authc\0\cl_guid\A3BDF4E8FCD71B5BB1589ABC2E92F30E\weapmodes\00000110220000020002000
  2:48 ClientUserinfoChanged: 7 n\Kilaka\t\2\r\2\tl\0\f0\\f1\\f2\\a0\0\a1\0\a2\255
  2:51 Session data initialised for client on slot 0 at 207223
  2:51 ClientConnect: 9
  2:51 ClientUserinfo: 9 \ip\16.60.214.168:27960\challenge\1050469151\qport\16325\protocol\68\name\MAMBA\rate\8000\sex\male\handicap\100\color2\5\color1\4\snaps\20\authc\0\cl_guid\A3BDF4E8FCD71B5BB1589ABC2E92F30E
  2:51 ClientUserinfoChanged: 9 n\MAMBA\t\3\r\2\tl\0\f0\\f1\\f2\\a0\255\a1\255\a2\255
  2:52 Kill: 3 0 38: benD killed RODOV by UT_MOD_M4
  2:53 ClientUserinfo: 8 \ip\16.60.213.30:27960\name\godfather\racered\2\raceblue\2\rate\8000\ut_timenudge\0\cg_rgb\255 0 0\cg_physics\1\gear\GNAORAA\racefree\2\cl_time\DF_H<qC@>cjGby|x\cg_ghost\0\cg_autoPickup\-1\sex\male\handicap\100\color2\5\color1\4\snaps\20\authc\0\cl_guid\A3BDF4E8FCD71B5BB1589ABC2E92F30E\weapmodes\00000110220000020002000
  2:53 ClientUserinfoChanged: 8 n\godfather\t\3\r\2\tl\0\f0\\f1\\f2\\a0\255\a1\255\a2\255
  2:53 ClientBegin: 8
  2:54 Kill: 0 3 23: RODOV killed benD by UT_MOD_BLED
  2:55 ClientUserinfo: 8 \ip\16.60.213.30:27960\name\godfather\racered\2\raceblue\2\rate\8000\ut_timenudge\0\cg_rgb\255 0 0\cg_physics\1\gear\GNAORAA\racefree\2\cl_time\DF_H<qC@>cjGby|x\cg_ghost\0\cg_autoPickup\-1\sex\male\handicap\100\color2\5\color1\4\snaps\20\authc\0\cl_guid\A3BDF4E8FCD71B5BB1589ABC2E92F30E\weapmodes\00000110220000020002000
  2:55 ClientUserinfoChanged: 8 n\godfather\t\2\r\2\tl\0\f0\\f1\\f2\\a0\0\a1\0\a2\255
  2:55 ClientSpawn: 8
  2:55 ClientBegin: 8
  2:59 Kill: 5 5 10: settler killed settler by MOD_CHANGE_TEAM
  2:59 ClientUserinfo: 5 \ip\16.60.214.134:27960\name\settler\racered\2\raceblue\2\rate\8000\ut_timenudge\0\cg_rgb\0 0 0\cg_physics\1\snaps\20\color1\4\color2\5\handicap\100\sex\male\cg_autoPickup\-1\cg_ghost\0\cl_time\>$?0WYRATyB>DLZ?\racefree\2\gear\fMIOXAA\authc\0\cl_guid\A3BDF4E8FCD71B5BB1589ABC2E92F30E\weapmodes\00000110220000020002000
  2:59 ClientUserinfoChanged: 5 n\settler\t\2\r\2\tl\0\f0\\f1\\f2\\a0\0\a1\0\a2\255
  2:59 ClientSpawn: 5
  2:59 ClientBegin: 5
  3:00 ClientSpawn: 3
  3:00 ClientSpawn: 0
  3:01 Kill: 5 5 10: settler killed settler by MOD_CHANGE_TEAM
  3:01 ClientUserinfo: 5 \ip\16.60.214.134:27960\name\settler\racered\2\raceblue\2\rate\8000\ut_timenudge\0\cg_rgb\0 0 0\cg_physics\1\snaps\20\color1\4\color2\5\handicap\100\sex\male\cg_autoPickup\-1\cg_ghost\0\cl_time\>$?0WYRATyB>DLZ?\racefree\2\gear\fMIOXAA\authc\0\cl_guid\A3BDF4E8FCD71B5BB1589ABC2E92F30E\weapmodes\00000110220000020002000
  3:01 ClientUserinfoChanged: 5 n\settler\t\1\r\2\tl\0\f0\\f1\\f2\\a0\255\a1\0\a2\0
  3:01 ClientSpawn: 5
  3:01 ClientBegin: 5
  3:02 Kill: 4 1 20: Or killed [ACE] by UT_MOD_G36
  3:07 ClientUserinfo: 9 \ip\16.60.214.168:27960\name\MAMBA\racered\2\raceblue\2\rate\8000\ut_timenudge\0\cg_rgb\0 0 0\cg_physics\1\gear\FLIORAA\racefree\2\cl_time\VEbyz*E@YcBaZ1L@\cg_ghost\0\cg_autoPickup\-1\sex\male\handicap\100\color2\5\color1\4\snaps\20\authc\0\cl_guid\A3BDF4E8FCD71B5BB1589ABC2E92F30E\weapmodes\00000110220000020002000
  3:07 ClientUserinfoChanged: 9 n\MAMBA\t\3\r\2\tl\0\f0\\f1\\f2\\a0\255\a1\255\a2\255
  3:07 ClientBegin: 9
  3:07 ClientUserinfo: 8 \ip\16.60.213.30:27960\name\godfather\racered\2\raceblue\2\rate\8000\ut_timenudge\0\cg_rgb\255 0 0\cg_physics\1\gear\GLAORAA\racefree\2\cl_time\DF_H<qC@>cjGby|x\cg_ghost\0\cg_autoPickup\-1\sex\male\handicap\100\color2\5\color1\4\snaps\20\authc\0\cl_guid\A3BDF4E8FCD71B5BB1589ABC2E92F30E\weapmodes\00000110220000020002000
  3:07 ClientUserinfoChanged: 8 n\godfather\t\2\r\2\tl\0\f0\\f1\\f2\\a0\0\a1\0\a2\255
  3:08 Kill: 3 3 10: benD killed benD by MOD_CHANGE_TEAM
  3:08 ClientUserinfo: 3 \ip\16.60.214.133:27960\name\benD\racered\2\raceblue\2\rate\8000\ut_timenudge\0\cg_rgb\128 128 128\cg_physics\1\snaps\20\color1\4\color2\5\handicap\100\sex\male\cg_autoPickup\-1\cg_ghost\0\cl_time\>$?0WYRATyB>DLZ?\racefree\2\gear\FeIORAA\authc\0\cl_guid\A3BDF4E8FCD71B5BB1589ABC2E92F30E\weapmodes\00000110220000020002000
  3:08 ClientUserinfoChanged: 3 n\benD\t\2\r\2\tl\0\f0\\f1\\f2\\a0\0\a1\0\a2\255
  3:08 ClientSpawn: 3
  3:08 ClientBegin: 3
  3:12 ClientUserinfo: 9 \ip\16.60.214.168:27960\name\MAMBA\racered\2\raceblue\2\rate\8000\ut_timenudge\0\cg_rgb\0 0 0\cg_physics\1\gear\FLIORAA\racefree\2\cl_time\VEbyz*E@YcBaZ1L@\cg_ghost\0\cg_autoPickup\-1\sex\male\handicap\100\color2\5\color1\4\snaps\20\authc\0\cl_guid\A3BDF4E8FCD71B5BB1589ABC2E92F30E\weapmodes\00000110220000020002000
  3:12 ClientUserinfoChanged: 9 n\MAMBA\t\1\r\2\tl\0\f0\\f1\\f2\\a0\255\a1\0\a2\0
  3:12 ClientSpawn: 9
  3:12 ClientBegin: 9
  3:15 ClientSpawn: 1
  3:17 ClientDisconnect: 0
  3:23 Kill: 1 1 10: [ACE] killed [ACE] by MOD_CHANGE_TEAM
  3:23 ClientUserinfo: 1 \ip\16.60.213.12:27960\name\[ACE]\racered\3\raceblue\3\rate\8000\ut_timenudge\0\cg_rgb\0 0 0\cg_physics\1\snaps\20\color1\4\color2\5\handicap\100\sex\male\cg_autoPickup\-1\cg_ghost\0\cl_time\EOQ=_#EhY+BqbLZ#\racefree\3\gear\GMIOWAA\authc\0\cl_guid\A3BDF4E8FCD71B5BB1589ABC2E92F30E\weapmodes\00000110220000020002000
  3:23 ClientUserinfoChanged: 1 n\[ACE]\t\1\r\3\tl\0\f0\\f1\\f2\\a0\255\a1\0\a2\0
  3:23 ClientSpawn: 1
  3:23 ClientBegin: 1
  3:25 Kill: 6 3 19: Seb killed benD by UT_MOD_LR300
  3:30 ClientSpawn: 3
  3:34 Item: 8 team_CTF_redflag
  3:38 Kill: 5 5 10: settler killed settler by MOD_CHANGE_TEAM
  3:38 ClientUserinfo: 5 \ip\16.60.214.134:27960\name\settler\racered\2\raceblue\2\rate\8000\ut_timenudge\0\cg_rgb\0 0 0\cg_physics\1\snaps\20\color1\4\color2\5\handicap\100\sex\male\cg_autoPickup\-1\cg_ghost\0\cl_time\>$?0WYRATyB>DLZ?\racefree\2\gear\fMIOXAA\authc\0\cl_guid\A3BDF4E8FCD71B5BB1589ABC2E92F30E\weapmodes\00000110220000020002000
  3:38 ClientUserinfoChanged: 5 n\settler\t\2\r\2\tl\0\f0\\f1\\f2\\a0\0\a1\0\a2\255
  3:38 ClientSpawn: 5
  3:38 ClientBegin: 5
  3:39 Kill: 9 7 19: MAMBA killed Kilaka by UT_MOD_LR300
  3:40 Session data initialised for client on slot 0 at 256240
  3:40 ClientConnect: 0
  3:40 ClientUserinfo: 0 \ip\16.60.214.169:27961\challenge\1385522062\qport\35971\protocol\68\name\RODOV\rate\8000\sex\male\handicap\100\color2\5\color1\4\snaps\20\authc\0\cl_guid\A3BDF4E8FCD71B5BB1589ABC2E92F30E
  3:40 ClientUserinfoChanged: 0 n\RODOV\t\3\r\2\tl\0\f0\\f1\\f2\\a0\255\a1\255\a2\255
  3:41 Item: 9 ut_weapon_beretta
  3:45 ClientSpawn: 7
  3:49 ClientUserinfo: 0 \ip\16.60.214.169:27961\name\RODOV\racered\2\raceblue\2\rate\8000\ut_timenudge\0\cg_rgb\255 255 0\cg_physics\1\gear\GeJORAA\racefree\2\cl_time\gX1t&<t@GRzZ]1R6\cg_ghost\0\cg_autoPickup\-1\sex\male\handicap\100\color2\5\color1\4\snaps\20\authc\0\cl_guid\A3BDF4E8FCD71B5BB1589ABC2E92F30E\weapmodes\00000110220000020002000
  3:49 ClientUserinfoChanged: 0 n\RODOV\t\3\r\2\tl\0\f0\\f1\\f2\\a0\255\a1\255\a2\255
  3:49 ClientBegin: 0
  3:51 Kill: 2 9 19: Knite killed MAMBA by UT_MOD_LR300
  3:51 Kill: 3 6 38: benD killed Seb by UT_MOD_M4
  3:52 ClientUserinfo: 0 \ip\16.60.214.169:27961\name\RODOV\racered\2\raceblue\2\rate\8000\ut_timenudge\0\cg_rgb\255 255 0\cg_physics\1\gear\GeJORAA\racefree\2\cl_time\gX1t&<t@GRzZ]1R6\cg_ghost\0\cg_autoPickup\-1\sex\male\handicap\100\color2\5\color1\4\snaps\20\authc\0\cl_guid\A3BDF4E8FCD71B5BB1589ABC2E92F30E\weapmodes\00000110220000020002000
  3:52 ClientUserinfoChanged: 0 n\RODOV\t\2\r\2\tl\0\f0\\f1\\f2\\a0\0\a1\0\a2\255
  3:52 ClientSpawn: 0
  3:52 ClientBegin: 0
  3:52 Kill: 1 2 20: [ACE] killed Knite by UT_MOD_G36
  4:00 ClientSpawn: 6
  4:00 ClientSpawn: 2
  4:00 ClientSpawn: 9
  4:00 Kill: 4 8 20: Or killed godfather by UT_MOD_G36
  4:00 Flag: 8 0: team_CTF_redflag
  4:01 Kill: 0 0 10: RODOV killed RODOV by MOD_CHANGE_TEAM
  4:01 ClientUserinfo: 0 \ip\16.60.214.169:27961\name\RODOV\racered\2\raceblue\2\rate\8000\ut_timenudge\0\cg_rgb\255 255 0\cg_physics\1\gear\GeJORAA\racefree\2\cl_time\gX1t&<t@GRzZ]1R6\cg_ghost\0\cg_autoPickup\-1\sex\male\handicap\100\color2\5\color1\4\snaps\20\authc\0\cl_guid\A3BDF4E8FCD71B5BB1589ABC2E92F30E\weapmodes\00000110220000020002000
  4:01 ClientUserinfoChanged: 0 n\RODOV\t\1\r\2\tl\0\f0\\f1\\f2\\a0\255\a1\0\a2\0
  4:01 ClientSpawn: 0
  4:01 ClientBegin: 0
  4:02 Kill: 3 1 38: benD killed [ACE] by UT_MOD_M4
  4:05 Item: 4 ut_weapon_grenade_he
  4:05 Flag: 4 1: team_CTF_redflag
  4:12 Kill: 0 0 10: RODOV killed RODOV by MOD_CHANGE_TEAM
  4:12 ClientUserinfo: 0 \ip\16.60.214.169:27961\name\RODOV\racered\2\raceblue\2\rate\8000\ut_timenudge\0\cg_rgb\255 255 0\cg_physics\1\gear\GeJORAA\racefree\2\cl_time\gX1t&<t@GRzZ]1R6\cg_ghost\0\cg_autoPickup\-1\sex\male\handicap\100\color2\5\color1\4\snaps\20\authc\0\cl_guid\A3BDF4E8FCD71B5BB1589ABC2E92F30E\weapmodes\00000110220000020002000
  4:12 ClientUserinfoChanged: 0 n\RODOV\t\2\r\2\tl\0\f0\\f1\\f2\\a0\0\a1\0\a2\255
  4:12 ClientSpawn: 0
  4:12 ClientBegin: 0
  4:15 ClientSpawn: 1
  4:15 ClientSpawn: 8
  4:19 Kill: 9 5 19: MAMBA killed settler by UT_MOD_LR300
  4:28 Item: 1 ut_weapon_deagle
  4:30 ClientSpawn: 5
  4:30 Kill: 8 1 19: godfather killed [ACE] by UT_MOD_LR300
  4:31 Kill: 9 8 19: MAMBA killed godfather by UT_MOD_LR300
  4:32 Item: 6 ut_weapon_deagle
  4:35 Item: 7 ut_weapon_mp5k
  4:38 Kill: 4 7 20: Or killed Kilaka by UT_MOD_G36
  4:44 Kill: 0 6 38: RODOV killed Seb by UT_MOD_M4
  4:45 ClientSpawn: 8
  4:45 ClientSpawn: 6
  4:45 ClientSpawn: 1
  4:45 ClientSpawn: 7
  4:48 Item: 0 ut_weapon_grenade_smoke
  4:48 Item: 0 ut_weapon_deagle
  4:53 Item: 5 ut_weapon_mp5k
  4:58 Kill: 9 0 19: MAMBA killed RODOV by UT_MOD_LR300
  5:00 ClientSpawn: 0
  5:01 Kill: 0 0 10: RODOV killed RODOV by MOD_CHANGE_TEAM
  5:01 ClientUserinfo: 0 \ip\16.60.214.169:27961\name\RODOV\racered\2\raceblue\2\rate\8000\ut_timenudge\0\cg_rgb\255 255 0\cg_physics\1\gear\GeJORAA\racefree\2\cl_time\gX1t&<t@GRzZ]1R6\cg_ghost\0\cg_autoPickup\-1\sex\male\handicap\100\color2\5\color1\4\snaps\20\authc\0\cl_guid\A3BDF4E8FCD71B5BB1589ABC2E92F30E\weapmodes\00000110220000020002000
  5:01 ClientUserinfoChanged: 0 n\RODOV\t\1\r\2\tl\0\f0\\f1\\f2\\a0\255\a1\0\a2\0
  5:01 ClientSpawn: 0
  5:01 ClientBegin: 0
  5:01 Kill: 5 1 20: settler killed [ACE] by UT_MOD_G36
  5:02 Kill: 4 5 20: Or killed settler by UT_MOD_G36
  5:15 ClientSpawn: 1
  5:15 ClientSpawn: 5
  5:23 Item: 8 team_CTF_redflag
  5:32 Kill: 2 0 19: Knite killed RODOV by UT_MOD_LR300
  5:33 Kill: 9 2 19: MAMBA killed Knite by UT_MOD_LR300
  5:37 Kill: 8 1 19: godfather killed [ACE] by UT_MOD_LR300
  5:45 ClientSpawn: 0
  5:45 ClientSpawn: 1
  5:45 ClientSpawn: 2
  5:47 Kill: 1022 6 6: <world> killed Seb by MOD_FALLING
  5:51 Kill: 3 4 38: benD killed Or by UT_MOD_M4
  5:52 Item: 5 ut_weapon_grenade_smoke
  5:53 Flag: 8 2: team_CTF_blueflag
  5:53 FlagCaptureTime: 8: 29950
  5:56 Kill: 3 9 18: benD killed MAMBA by UT_MOD_MP5K
  5:57 Kill: 1 3 20: [ACE] killed benD by UT_MOD_G36
  6:00 ClientSpawn: 9
  6:00 ClientSpawn: 3
  6:00 ClientSpawn: 6
  6:00 ClientSpawn: 4
  6:01 Item: 5 ut_weapon_grenade_he
  6:05 Item: 5 team_CTF_redflag
  6:08 Kill: 4 5 20: Or killed settler by UT_MOD_G36
  6:08 Flag: 5 0: team_CTF_redflag
  6:08 Flag: 4 1: team_CTF_redflag
  6:08 Item: 4 ut_weapon_grenade_he
  6:09 Item: 4 ut_weapon_grenade_smoke
  6:09 Item: 4 ut_weapon_mp5k
  6:12 Item: 3 ut_weapon_mp5k
  6:15 ClientSpawn: 5
  6:22 Item: 1 team_CTF_blueflag
  6:24 Kill: 6 2 19: Seb killed Knite by UT_MOD_LR300
  6:26 Kill: 3 1 38: benD killed [ACE] by UT_MOD_M4
  6:26 Flag: 1 0: team_CTF_blueflag
  6:28 Item: 3 ut_weapon_mp5k
  6:28 Flag: 3 1: team_CTF_blueflag
  6:30 ClientSpawn: 1
  6:30 ClientSpawn: 2
  6:31 Kill: 0 8 38: RODOV killed godfather by UT_MOD_M4
  6:33 Item: 0 ut_weapon_deagle
  6:45 ClientSpawn: 8
  6:46 Kill: 1 2 20: [ACE] killed Knite by UT_MOD_G36
  6:56 Kill: 5 1 20: settler killed [ACE] by UT_MOD_G36
  6:57 Kill: 6 5 19: Seb killed settler by UT_MOD_LR300
  6:58 Kill: 6 8 19: Seb killed godfather by UT_MOD_LR300
  7:00 ClientSpawn: 2
  7:00 ClientSpawn: 5
  7:00 ClientSpawn: 8
  7:00 ClientSpawn: 1
  7:11 Item: 6 ut_weapon_mp5k
  7:18 Item: 6 ut_weapon_mp5k
  7:21 Kill: 2 6 19: Knite killed Seb by UT_MOD_LR300
  7:22 Kill: 0 8 38: RODOV killed godfather by UT_MOD_M4
  7:22 Item: 2 ut_weapon_deagle
  7:22 Item: 2 ut_weapon_deagle
  7:23 Item: 2 ut_weapon_grenade_he
  7:23 Item: 2 ut_weapon_mp5k
  7:24 Kill: 2 1 19: Knite killed [ACE] by UT_MOD_LR300
  7:24 Item: 2 ut_weapon_deagle
  7:24 Item: 2 ut_weapon_mp5k
  7:24 Item: 5 ut_weapon_glock
  7:30 ClientSpawn: 1
  7:30 ClientSpawn: 6
  7:30 ClientSpawn: 8
  7:39 Kill: 9 2 19: MAMBA killed Knite by UT_MOD_LR300
  7:45 ClientSpawn: 2
  7:50 Kill: 4 5 20: Or killed settler by UT_MOD_G36
  7:52 Item: 0 ut_weapon_deagle
  7:57 Kill: 1 8 20: [ACE] killed godfather by UT_MOD_G36
  7:59 Kill: 9 2 19: MAMBA killed Knite by UT_MOD_LR300
  8:00 ClientSpawn: 2
  8:00 ClientSpawn: 8
  8:00 ClientSpawn: 5
  8:02 Kill: 3 1 38: benD killed [ACE] by UT_MOD_M4
  8:13 Kill: 3 6 38: benD killed Seb by UT_MOD_M4
  8:15 ClientSpawn: 1
  8:15 ClientSpawn: 6
  8:15 Kill: 0 3 38: RODOV killed benD by UT_MOD_M4
  8:25 ClientUserinfo: 6 \ip\16.60.214.139:27960\name\Seb\racered\2\raceblue\2\rate\8000\ut_timenudge\0\cg_rgb\255 0 0\cg_physics\1\snaps\20\color1\4\color2\5\handicap\100\sex\male\cg_autoPickup\-1\cg_ghost\0\cl_time\c_x#HLG$TF2D`GcF\racefree\2\gear\GLIORAA\authc\0\cl_guid\A3BDF4E8FCD71B5BB1589ABC2E92F30E\weapmodes\00000110210000020002000
  8:25 ClientUserinfoChanged: 6 n\Seb\t\1\r\2\tl\0\f0\\f1\\f2\\a0\255\a1\0\a2\0
  8:30 ClientSpawn: 3
  8:42 Kill: 4 5 20: Or killed settler by UT_MOD_G36
  8:43 Item: 2 ut_weapon_mp5k
  8:45 ClientSpawn: 5
  8:46 Kill: 2 6 19: Knite killed Seb by UT_MOD_LR300
  8:47 Item: 2 ut_weapon_lr
  8:52 Kill: 9 2 19: MAMBA killed Knite by UT_MOD_LR300
  8:54 Item: 8 ut_weapon_deagle
  8:54 Item: 8 ut_weapon_lr
  8:54 Item: 8 ut_weapon_mp5k
  8:54 Kill: 3 9 38: benD killed MAMBA by UT_MOD_M4
  8:55 Item: 8 team_CTF_redflag
  8:55 Kill: 1 7 18: [ACE] killed Kilaka by UT_MOD_MP5K
  8:56 Kill: 8 4 19: godfather killed Or by UT_MOD_LR300
  8:56 Item: 1 team_CTF_blueflag
  9:00 ClientSpawn: 6
  9:00 ClientSpawn: 9
  9:00 ClientSpawn: 2
  9:00 ClientSpawn: 7
  9:00 ClientSpawn: 4
  9:00 Kill: 3 1 38: benD killed [ACE] by UT_MOD_M4
  9:00 Flag: 1 0: team_CTF_blueflag
  9:02 Kill: 3 0 38: benD killed RODOV by UT_MOD_M4
  9:04 Flag: 3 1: team_CTF_blueflag
  9:12 Item: 2 ut_weapon_deagle
  9:12 Item: 2 ut_weapon_mp5k
  9:13 Kill: 3 4 23: benD killed Or by UT_MOD_BLED
  9:15 ClientSpawn: 1
  9:15 ClientSpawn: 4
  9:15 ClientSpawn: 0
  9:16 Kill: 3 9 38: benD killed MAMBA by UT_MOD_M4
  9:18 Item: 5 ut_weapon_mp5k
  9:20 Kill: 6 5 18: Seb killed settler by UT_MOD_MP5K
  9:20 Kill: 3 6 18: benD killed Seb by UT_MOD_MP5K
  9:20 Session data initialised for client on slot 0 at 596885
  9:20 ClientConnect: 10
  9:20 ClientUserinfo: 10 \ip\16.60.214.137:27960\challenge\1239410252\qport\24942\protocol\68\name\OHAD\rate\8000\snaps\20\color1\4\color2\5\handicap\100\sex\male\authc\0\cl_guid\A3BDF4E8FCD71B5BB1589ABC2E92F30E
  9:20 ClientUserinfoChanged: 10 n\OHAD\t\3\r\2\tl\0\f0\\f1\\f2\\a0\255\a1\255\a2\255
  9:26 Kill: 7 4 30: Kilaka killed Or by UT_MOD_AK103
  9:30 ClientSpawn: 5
  9:30 ClientSpawn: 9
  9:30 ClientSpawn: 4
  9:30 ClientSpawn: 6
  9:30 Kill: 0 8 38: RODOV killed godfather by UT_MOD_M4
  9:30 Flag: 8 0: team_CTF_redflag
  9:31 Kill: 1 3 20: [ACE] killed benD by UT_MOD_G36
  9:32 Item: 0 ut_weapon_deagle
  9:33 Flag: 0 1: team_CTF_redflag
  9:34 Kill: 4 7 20: Or killed Kilaka by UT_MOD_G36
  9:34 Item: 0 ut_weapon_deagle
  9:34 ClientUserinfo: 10 \ip\16.60.214.137:27960\name\OHAD\racered\2\raceblue\2\rate\8000\ut_timenudge\0\cg_rgb\128 128 128\cg_physics\1\snaps\20\color1\4\color2\5\handicap\100\sex\male\cg_autoPickup\-1\cg_ghost\0\cl_time\CgnWkLj[&HM+]GTH\racefree\2\gear\FLAORWA\authc\0\cl_guid\A3BDF4E8FCD71B5BB1589ABC2E92F30E\weapmodes\00000110220000020002000
  9:34 ClientUserinfoChanged: 10 n\OHAD\t\3\r\2\tl\0\f0\\f1\\f2\\a0\255\a1\255\a2\255
  9:34 ClientBegin: 10
  9:35 Item: 1 ut_weapon_mp5k
  9:40 Kill: 5 1 20: settler killed [ACE] by UT_MOD_G36
  9:43 ClientUserinfo: 10 \ip\16.60.214.137:27960\name\OHAD\racered\2\raceblue\2\rate\8000\ut_timenudge\0\cg_rgb\128 128 128\cg_physics\1\snaps\20\color1\4\color2\5\handicap\100\sex\male\cg_autoPickup\-1\cg_ghost\0\cl_time\CgnWkLj[&HM+]GTH\racefree\2\gear\FLAORWA\authc\0\cl_guid\A3BDF4E8FCD71B5BB1589ABC2E92F30E\weapmodes\00000110220000020002000
  9:43 ClientUserinfoChanged: 10 n\OHAD\t\1\r\2\tl\0\f0\\f1\\f2\\a0\255\a1\0\a2\0
  9:43 ClientSpawn: 10
  9:43 ClientBegin: 10
  9:45 ClientSpawn: 3
  9:45 ClientSpawn: 7
  9:45 ClientSpawn: 1
  9:45 ClientSpawn: 8
  9:59 Kill: 0 5 38: RODOV killed settler by UT_MOD_M4
 10:00 ClientSpawn: 5
 10:03 Kill: 7 9 30: Kilaka killed MAMBA by UT_MOD_AK103
 10:05 Kill: 4 7 20: Or killed Kilaka by UT_MOD_G36
 10:05 Item: 10 ut_weapon_beretta
 10:05 Item: 10 ut_weapon_mp5k
 10:07 Item: 10 ut_weapon_mp5k
 10:09 Kill: 0 0 10: RODOV killed RODOV by MOD_CHANGE_TEAM
 10:09 ClientUserinfo: 0 \ip\16.60.214.169:27961\name\RODOV\racered\2\raceblue\2\rate\8000\ut_timenudge\0\cg_rgb\255 255 0\cg_physics\1\gear\GeJORAA\racefree\2\cl_time\gX1t&<t@GRzZ]1R6\cg_ghost\0\cg_autoPickup\-1\sex\male\handicap\100\color2\5\color1\4\snaps\20\authc\0\cl_guid\A3BDF4E8FCD71B5BB1589ABC2E92F30E\weapmodes\00000110220000020002000
 10:09 ClientUserinfoChanged: 0 n\RODOV\t\2\r\2\tl\0\f0\\f1\\f2\\a0\0\a1\0\a2\255
 10:09 ClientSpawn: 0
 10:09 ClientBegin: 0
 10:09 Kill: 3 10 38: benD killed OHAD by UT_MOD_M4
 10:15 ClientSpawn: 10
 10:15 ClientSpawn: 9
 10:15 ClientSpawn: 7
 10:23 Kill: 6 3 19: Seb killed benD by UT_MOD_LR300
 10:23 ClientUserinfo: 10 \ip\16.60.214.137:27960\name\OHAD\racered\2\raceblue\2\rate\8000\ut_timenudge\0\cg_rgb\128 128 128\cg_physics\1\snaps\20\color1\4\color2\5\handicap\100\sex\male\cg_autoPickup\-1\cg_ghost\0\cl_time\CgnWkLj[&HM+]GTH\racefree\2\gear\FMIORAA\authc\0\cl_guid\A3BDF4E8FCD71B5BB1589ABC2E92F30E\weapmodes\00000110220000020002000
 10:23 ClientUserinfoChanged: 10 n\OHAD\t\1\r\2\tl\0\f0\\f1\\f2\\a0\255\a1\0\a2\0
 10:30 ClientSpawn: 3
 10:41 Kill: 5 10 20: settler killed OHAD by UT_MOD_G36
 10:43 Kill: 1 0 23: [ACE] killed RODOV by UT_MOD_BLED
 10:45 ClientSpawn: 0
 10:45 ClientSpawn: 10
 10:45 Item: 8 ut_weapon_deagle
 10:46 Item: 8 ut_weapon_ump45
 10:49 Kill: 3 9 38: benD killed MAMBA by UT_MOD_M4
 11:00 ClientSpawn: 9
 11:00 Item: 1 team_CTF_blueflag
 11:00 Kill: 10 7 20: OHAD killed Kilaka by UT_MOD_G36
 11:01 Item: 2 ut_weapon_grenade_he
 11:01 Kill: 3 10 38: benD killed OHAD by UT_MOD_M4
 11:03 Item: 3 ut_weapon_mp5k
 11:04 Kill: 8 1 19: godfather killed [ACE] by UT_MOD_LR300
 11:04 Flag: 1 0: team_CTF_blueflag
 11:05 Flag: 8 1: team_CTF_blueflag
 11:07 Kill: 6 8 18: Seb killed godfather by UT_MOD_MP5K
 11:09 Item: 6 team_CTF_blueflag
 11:09 Item: 6 ut_weapon_mp5k
 11:09 Item: 6 ut_weapon_grenade_he
 11:10 Kill: 3 9 38: benD killed MAMBA by UT_MOD_M4
 11:10 Item: 6 ut_weapon_lr
 11:10 Item: 2 team_CTF_redflag
 11:11 Kill: 4 2 20: Or killed Knite by UT_MOD_G36
 11:11 Flag: 2 0: team_CTF_redflag
 11:11 Kill: 5 6 20: settler killed Seb by UT_MOD_G36
 11:11 Flag: 6 0: team_CTF_blueflag
 11:12 Flag: 4 1: team_CTF_redflag
 11:13 Item: 5 ut_weapon_g36
 11:15 ClientSpawn: 2
 11:15 ClientSpawn: 6
 11:15 ClientSpawn: 10
 11:15 ClientSpawn: 9
 11:15 ClientSpawn: 8
 11:15 ClientSpawn: 1
 11:15 ClientSpawn: 7
 11:15 Flag: 5 1: team_CTF_blueflag
 11:16 Item: 5 ut_weapon_mp5k
 11:22 Kill: 4 3 20: Or killed benD by UT_MOD_G36
 11:23 Item: 8 ut_weapon_deagle
 11:23 Item: 8 ut_weapon_lr
 11:24 ClientUserinfo: 10 \ip\16.60.214.137:27960\name\DEADWOMANWALKING\racered\1\raceblue\1\rate\8000\ut_timenudge\0\cg_rgb\128 128 128\cg_physics\1\snaps\20\color1\4\color2\5\handicap\100\sex\male\cg_autoPickup\-1\cg_ghost\0\cl_time\CgnWkLj[&HM+]GTH\racefree\2\gear\FMIORAA\authc\0\cl_guid\A3BDF4E8FCD71B5BB1589ABC2E92F30E\weapmodes\00000110220000020002000
 11:24 ClientUserinfoChanged: 10 n\DEADWOMANWALKING\t\1\r\1\tl\0\f0\\f1\\f2\\a0\255\a1\0\a2\0
 11:24 Item: 8 ut_weapon_deagle
 11:25 Item: 8 ut_weapon_deagle
 11:26 Item: 6 ut_weapon_mp5k
 11:26 Item: 6 ut_weapon_lr
 11:30 ClientSpawn: 3
 11:30 Kill: 6 0 19: Seb killed RODOV by UT_MOD_LR300
 11:31 Item: 6 ut_weapon_deagle
 11:32 Item: 9 ut_weapon_lr
 11:32 Item: 9 ut_weapon_mp5k
 11:33 Kill: 1 2 20: [ACE] killed Knite by UT_MOD_G36
 11:40 Item: 4 ut_weapon_mp5k
 11:40 Item: 4 ut_weapon_grenade_he
 11:40 Item: 4 ut_weapon_beretta
 11:45 ClientSpawn: 0
 11:45 ClientSpawn: 2
 11:47 Kill: 10 7 20: DEADWOMANWALKING killed Kilaka by UT_MOD_G36
 11:48 Kill: 1 5 23: [ACE] killed settler by UT_MOD_BLED
 11:49 Kill: 3 6 38: benD killed Seb by UT_MOD_M4
 11:55 Kill: 9 8 19: MAMBA killed godfather by UT_MOD_LR300
 12:00 ClientSpawn: 5
 12:00 ClientSpawn: 8
 12:00 ClientSpawn: 7
 12:00 ClientSpawn: 6
 12:00 Item: 9 team_CTF_blueflag
 12:00 Item: 0 ut_weapon_deagle
 12:01 Kill: 0 1 38: RODOV killed [ACE] by UT_MOD_M4
 12:01 Item: 0 ut_weapon_deagle
 12:06 Kill: 2 10 19: Knite killed DEADWOMANWALKING by UT_MOD_LR300
 12:06 Kill: 3 9 38: benD killed MAMBA by UT_MOD_M4
 12:06 Flag: 9 0: team_CTF_blueflag
 12:08 Flag: 3 1: team_CTF_blueflag
 12:15 ClientSpawn: 1
 12:15 ClientSpawn: 9
 12:15 ClientSpawn: 10
 12:20 Radio: 10 - 1 - 2 - "RED Base Area" - "Negative"
 12:23 Kill: 4 8 20: Or killed godfather by UT_MOD_G36
 12:25 Item: 2 ut_weapon_mp5k
 12:26 Kill: 6 3 19: Seb killed benD by UT_MOD_LR300
 12:26 Item: 1 ut_weapon_deagle
 12:28 Kill: 2 1 19: Knite killed [ACE] by UT_MOD_LR300
 12:28 Item: 2 ut_weapon_mp5k
 12:29 Item: 2 ut_weapon_deagle
 12:30 ClientSpawn: 3
 12:30 ClientSpawn: 8
 12:30 ClientSpawn: 1
 12:33 Kill: 7 6 30: Kilaka killed Seb by UT_MOD_AK103
 12:36 Kill: 1 2 20: [ACE] killed Knite by UT_MOD_G36
 12:37 Kill: 2 1 25: Knite killed [ACE] by UT_MOD_HEGRENADE
 12:37 Kill: 10 0 20: DEADWOMANWALKING killed RODOV by UT_MOD_G36
 12:39 Item: 9 ut_weapon_lr
 12:41 Item: 9 ut_weapon_mp5k
 12:45 ClientSpawn: 0
 12:45 ClientSpawn: 6
 12:45 ClientSpawn: 1
 12:45 ClientSpawn: 2
 12:46 Kill: 7 10 23: Kilaka killed DEADWOMANWALKING by UT_MOD_BLED
 13:00 ClientSpawn: 10
 13:12 Kill: 3 4 38: benD killed Or by UT_MOD_M4
 13:12 Kill: 1 2 20: [ACE] killed Knite by UT_MOD_G36
 13:13 Kill: 9 3 19: MAMBA killed benD by UT_MOD_LR300
 13:15 ClientSpawn: 4
 13:15 ClientSpawn: 2
 13:15 ClientSpawn: 3
 13:15 Kill: 5 9 20: settler killed MAMBA by UT_MOD_G36
 13:16 Kill: 10 5 20: DEADWOMANWALKING killed settler by UT_MOD_G36
 13:20 Kill: 10 7 20: DEADWOMANWALKING killed Kilaka by UT_MOD_G36
 13:30 ClientSpawn: 5
 13:30 ClientSpawn: 7
 13:30 ClientSpawn: 9
 13:33 Kill: 3 10 38: benD killed DEADWOMANWALKING by UT_MOD_M4
 13:34 Kill: 1 2 20: [ACE] killed Knite by UT_MOD_G36
 13:35 Kill: 4 0 14: Or killed RODOV by UT_MOD_BERETTA
 13:45 ClientSpawn: 0
 13:45 ClientSpawn: 10
 13:45 ClientSpawn: 2
 13:49 Kill: 3 9 38: benD killed MAMBA by UT_MOD_M4
 13:53 Kill: 3 4 38: benD killed Or by UT_MOD_M4
 13:54 Kill: 3 6 38: benD killed Seb by UT_MOD_M4
 13:55 Item: 3 ut_weapon_mp5k
 13:55 Item: 3 ut_weapon_grenade_he
 13:56 Item: 3 team_CTF_redflag
 14:00 ClientSpawn: 6
 14:00 ClientSpawn: 9
 14:00 ClientSpawn: 4
 14:07 Kill: 5 4 20: settler killed Or by UT_MOD_G36
 14:11 Kill: 6 0 19: Seb killed RODOV by UT_MOD_LR300
 14:12 Item: 1 team_CTF_blueflag
 14:15 ClientSpawn: 0
 14:15 ClientSpawn: 4
 14:15 Kill: 6 5 19: Seb killed settler by UT_MOD_LR300
 14:16 Kill: 7 6 30: Kilaka killed Seb by UT_MOD_AK103
 14:24 Kill: 1 8 18: [ACE] killed godfather by UT_MOD_MP5K
 14:27 Kill: 4 7 20: Or killed Kilaka by UT_MOD_G36
 14:30 ClientSpawn: 6
 14:30 ClientSpawn: 8
 14:30 ClientSpawn: 5
 14:30 ClientSpawn: 7
 14:31 Kill: 1 2 20: [ACE] killed Knite by UT_MOD_G36
 14:32 Item: 1 ut_weapon_deagle
 14:39 Item: 8 ut_weapon_lr
 14:40 Item: 8 ut_weapon_deagle
 14:41 Kill: 4 0 20: Or killed RODOV by UT_MOD_G36
 14:42 Kill: 5 9 20: settler killed MAMBA by UT_MOD_G36
 14:42 Kill: 7 4 30: Kilaka killed Or by UT_MOD_AK103
 14:43 Item: 7 ut_weapon_beretta
 14:44 Item: 8 ut_weapon_deagle
 14:45 ClientSpawn: 4
 14:45 ClientSpawn: 9
 14:45 ClientSpawn: 0
 14:45 ClientSpawn: 2
 14:47 Item: 7 ut_weapon_beretta
 14:47 Item: 7 ut_weapon_mp5k
 14:54 Kill: 1 8 18: [ACE] killed godfather by UT_MOD_MP5K
 14:55 Item: 1 ut_weapon_deagle
 14:55 Kill: 10 7 20: DEADWOMANWALKING killed Kilaka by UT_MOD_G36
 14:58 Kill: 9 5 19: MAMBA killed settler by UT_MOD_LR300
 15:00 ClientSpawn: 7
 15:00 ClientSpawn: 5
 15:00 ClientSpawn: 8
 15:02 Kill: 4 0 20: Or killed RODOV by UT_MOD_G36
 15:05 Kill: 5 6 20: settler killed Seb by UT_MOD_G36
 15:06 Kill: 2 9 19: Knite killed MAMBA by UT_MOD_LR300
 15:10 Item: 5 ut_weapon_mp5k
 15:10 Kill: 4 2 20: Or killed Knite by UT_MOD_G36
 15:12 Kill: 8 4 19: godfather killed Or by UT_MOD_LR300
 15:12 Item: 8 ut_weapon_lr
 15:13 Item: 8 ut_weapon_mp5k
 15:15 ClientSpawn: 0
 15:15 ClientSpawn: 9
 15:15 ClientSpawn: 4
 15:15 ClientSpawn: 2
 15:15 ClientSpawn: 6
 15:22 Item: 2 ut_weapon_lr
 15:24 Kill: 8 4 19: godfather killed Or by UT_MOD_LR300
 15:25 Kill: 9 5 19: MAMBA killed settler by UT_MOD_LR300
 15:30 ClientSpawn: 5
 15:30 ClientSpawn: 4
 15:31 Kill: 10 8 20: DEADWOMANWALKING killed godfather by UT_MOD_G36
 15:31 Item: 10 ut_weapon_mp5k
 15:32 Kill: 0 9 38: RODOV killed MAMBA by UT_MOD_M4
 15:36 Kill: 6 2 19: Seb killed Knite by UT_MOD_LR300
 15:37 Item: 10 ut_weapon_g36
 15:37 Item: 6 ut_weapon_lr
 15:40 Item: 10 ut_weapon_g36
 15:41 Item: 10 ut_weapon_beretta
 15:45 ClientSpawn: 9
 15:45 ClientSpawn: 2
 15:45 ClientSpawn: 8
 15:45 Kill: 4 7 20: Or killed Kilaka by UT_MOD_G36
 15:46 Kill: 0 10 38: RODOV killed DEADWOMANWALKING by UT_MOD_M4
 15:50 Kill: 5 4 20: settler killed Or by UT_MOD_G36
 15:51 Kill: 2 6 19: Knite killed Seb by UT_MOD_LR300
 15:52 Item: 2 ut_weapon_deagle
 15:52 Item: 2 ut_weapon_lr
 15:55 Kill: 9 5 19: MAMBA killed settler by UT_MOD_LR300
 15:58 Kill: 9 2 19: MAMBA killed Knite by UT_MOD_LR300
 16:00 ClientSpawn: 7
 16:00 ClientSpawn: 10
 16:00 ClientSpawn: 4
 16:00 ClientSpawn: 6
 16:00 ClientSpawn: 2
 16:00 ClientSpawn: 5
 16:08 Kill: 8 10 19: godfather killed DEADWOMANWALKING by UT_MOD_LR300
 16:09 Kill: 5 9 20: settler killed MAMBA by UT_MOD_G36
 16:10 Item: 3 ut_weapon_mp5k
 16:12 Flag: 1 0: team_CTF_blueflag
 16:12 Flag: 3 0: team_CTF_redflag
 16:12 Kill: 1022 3 42: <world> killed benD by UT_MOD_FLAG
 16:12 Kill: 1022 1 42: <world> killed [ACE] by UT_MOD_FLAG
 16:12 Hotpotato:
 16:14 Item: 8 ut_weapon_mp5k
 16:15 ClientSpawn: 9
 16:15 ClientSpawn: 10
 16:15 ClientSpawn: 3
 16:15 ClientSpawn: 1
 16:16 Item: 4 ut_weapon_grenade_he
 16:16 Item: 4 ut_weapon_g36
 16:17 Item: 4 ut_weapon_mp5k
 16:17 Item: 2 ut_weapon_deagle
 16:17 Kill: 2 4 19: Knite killed Or by UT_MOD_LR300
 16:18 Item: 2 ut_weapon_lr
 16:18 Kill: 9 0 19: MAMBA killed RODOV by UT_MOD_LR300
 16:18 Item: 2 ut_weapon_mp5k
 16:20 Item: 8 team_CTF_redflag
 16:22 Item: 10 ut_weapon_g36
 16:24 Kill: 8 1 19: godfather killed [ACE] by UT_MOD_LR300
 16:26 Item: 2 ut_weapon_mp5k
 16:27 Kill: 10 5 20: DEADWOMANWALKING killed settler by UT_MOD_G36
 16:28 Kill: 6 8 19: Seb killed godfather by UT_MOD_LR300
 16:28 Flag: 8 0: team_CTF_redflag
 16:30 ClientSpawn: 8
 16:30 ClientSpawn: 0
 16:30 ClientSpawn: 5
 16:30 ClientSpawn: 1
 16:30 ClientSpawn: 4
 16:30 Item: 6 ut_weapon_deagle
 16:30 Item: 6 ut_weapon_mp5k
 16:31 Flag: 6 1: team_CTF_redflag
 16:31 Item: 6 ut_weapon_lr
 16:33 Kill: 6 2 19: Seb killed Knite by UT_MOD_LR300
 16:34 Kill: 3 9 38: benD killed MAMBA by UT_MOD_M4
 16:34 Kill: 2 6 23: Knite killed Seb by UT_MOD_BLED
 16:36 Item: 4 ut_weapon_ump45
 16:37 Item: 4 ut_weapon_grenade_he
 16:39 Item: 1 ut_weapon_g36
 16:39 Kill: 3 1 38: benD killed [ACE] by UT_MOD_M4
 16:43 Kill: 3 10 38: benD killed DEADWOMANWALKING by UT_MOD_M4
 16:44 Item: 3 ut_weapon_beretta
 16:44 Item: 3 team_CTF_redflag
 16:45 ClientSpawn: 9
 16:45 ClientSpawn: 10
 16:45 ClientSpawn: 2
 16:45 ClientSpawn: 1
 16:45 ClientSpawn: 6
 16:46 Kill: 4 3 20: Or killed benD by UT_MOD_G36
 16:46 Flag: 3 0: team_CTF_redflag
 16:46 Flag: 4 1: team_CTF_redflag
 16:46 Item: 4 ut_weapon_beretta
 16:51 Item: 1 ut_weapon_deagle
 16:52 Item: 6 ut_weapon_mp5k
 16:53 Kill: 8 1 19: godfather killed [ACE] by UT_MOD_LR300
 16:53 Kill: 6 0 19: Seb killed RODOV by UT_MOD_LR300
 16:54 Item: 6 ut_weapon_deagle
 16:55 Kill: 5 9 20: settler killed MAMBA by UT_MOD_G36
 16:56 Kill: 7 6 30: Kilaka killed Seb by UT_MOD_AK103
 16:58 Kill: 10 5 20: DEADWOMANWALKING killed settler by UT_MOD_G36
 17:00 ClientSpawn: 3
 17:00 ClientSpawn: 5
 17:00 ClientSpawn: 0
 17:00 ClientSpawn: 1
 17:00 ClientSpawn: 9
 17:00 ClientSpawn: 6
 17:00 Item: 8 ut_weapon_deagle
 17:00 Item: 8 ut_weapon_ump45
 17:07 Item: 9 ut_weapon_lr
 17:11 Item: 9 ut_weapon_mp5k
 17:12 Item: 9 ut_weapon_beretta
 17:16 Kill: 9 8 19: MAMBA killed godfather by UT_MOD_LR300
 17:18 Kill: 3 6 23: benD killed Seb by UT_MOD_BLED
 17:23 Kill: 0 1 38: RODOV killed [ACE] by UT_MOD_M4
 17:25 Kill: 5 10 20: settler killed DEADWOMANWALKING by UT_MOD_G36
 17:26 Kill: 5 4 20: settler killed Or by UT_MOD_G36
 17:30 ClientSpawn: 1
 17:30 ClientSpawn: 4
 17:30 ClientSpawn: 10
 17:30 ClientSpawn: 6
 17:30 ClientSpawn: 8
 17:36 Kill: 1 2 20: [ACE] killed Knite by UT_MOD_G36
 17:36 Item: 1 ut_weapon_deagle
 17:39 Item: 9 ut_weapon_mp5k
 17:40 Kill: 10 3 20: DEADWOMANWALKING killed benD by UT_MOD_G36
 17:41 Item: 9 ut_weapon_beretta
 17:41 Kill: 1 7 20: [ACE] killed Kilaka by UT_MOD_G36
 17:42 Kill: 6 5 19: Seb killed settler by UT_MOD_LR300
 17:42 Item: 10 ut_weapon_mp5k
 17:43 Item: 1 ut_weapon_mp5k
 17:43 Item: 10 ut_weapon_g36
 17:43 Item: 10 ut_weapon_mp5k
 17:45 ClientSpawn: 3
 17:45 ClientSpawn: 2
 17:45 ClientSpawn: 5
 17:45 ClientSpawn: 7
 17:50 Kill: 0 6 38: RODOV killed Seb by UT_MOD_M4
 17:50 Kill: 1 0 20: [ACE] killed RODOV by UT_MOD_G36
 17:53 Item: 4 ut_weapon_g36
 17:53 Item: 4 ut_weapon_ump45
 17:54 Item: 4 ut_weapon_beretta
 17:54 Item: 4 ut_weapon_grenade_he
 17:57 Kill: 8 10 19: godfather killed DEADWOMANWALKING by UT_MOD_LR300
 17:59 Kill: 1 7 18: [ACE] killed Kilaka by UT_MOD_MP5K
 17:59 Kill: 4 2 20: Or killed Knite by UT_MOD_G36
 18:00 ClientSpawn: 7
 18:00 ClientSpawn: 2
 18:00 ClientSpawn: 0
 18:00 ClientSpawn: 10
 18:00 ClientSpawn: 6
 18:00 Item: 1 team_CTF_blueflag
 18:20 Kill: 10 7 20: DEADWOMANWALKING killed Kilaka by UT_MOD_G36
 18:22 Kill: 5 10 20: settler killed DEADWOMANWALKING by UT_MOD_G36
 18:28 Kill: 9 3 19: MAMBA killed benD by UT_MOD_LR300
 18:30 ClientSpawn: 10
 18:30 ClientSpawn: 7
 18:30 ClientSpawn: 3
 18:43 Flag: 1 2: team_CTF_redflag
 18:43 FlagCaptureTime: 1: 42650
 18:43 Kill: 10 5 20: DEADWOMANWALKING killed settler by UT_MOD_G36
 18:45 ClientSpawn: 5
 18:45 Item: 10 ut_weapon_mp5k
 18:45 Item: 10 ut_weapon_g36
 18:48 Kill: 4 2 20: Or killed Knite by UT_MOD_G36
 18:49 Kill: 3 4 38: benD killed Or by UT_MOD_M4
 18:51 Kill: 8 10 19: godfather killed DEADWOMANWALKING by UT_MOD_LR300
 18:54 Kill: 3 9 38: benD killed MAMBA by UT_MOD_M4
 18:58 Item: 3 ut_weapon_beretta
 19:00 ClientSpawn: 9
 19:00 ClientSpawn: 4
 19:00 ClientSpawn: 2
 19:00 ClientSpawn: 10
 19:01 Kill: 1 8 18: [ACE] killed godfather by UT_MOD_MP5K
 19:06 Item: 3 team_CTF_redflag
 19:14 Kill: 6 5 19: Seb killed settler by UT_MOD_LR300
 19:15 ClientSpawn: 8
 19:15 ClientSpawn: 5
 19:18 Kill: 1 2 20: [ACE] killed Knite by UT_MOD_G36
 19:20 Kill: 6 7 19: Seb killed Kilaka by UT_MOD_LR300
 19:25 Kill: 1 8 18: [ACE] killed godfather by UT_MOD_MP5K
 19:27 Kill: 5 1 20: settler killed [ACE] by UT_MOD_G36
 19:28 Item: 10 ut_weapon_g36
 19:29 Kill: 5 10 20: settler killed DEADWOMANWALKING by UT_MOD_G36
 19:29 Item: 5 ut_weapon_mp5k
 19:29 Kill: 9 5 19: MAMBA killed settler by UT_MOD_LR300
 19:30 ClientSpawn: 5
 19:30 ClientSpawn: 8
 19:30 ClientSpawn: 10
 19:30 ClientSpawn: 1
 19:30 ClientSpawn: 2
 19:30 ClientSpawn: 7
 19:30 Kill: 4 3 20: Or killed benD by UT_MOD_G36
 19:30 Flag: 3 0: team_CTF_redflag
 19:31 Flag: 4 1: team_CTF_redflag
 19:31 Item: 4 ut_weapon_beretta
 19:31 Item: 4 ut_weapon_grenade_he
 19:32 Item: 0 ut_weapon_grenade_he
 19:35 Kill: 5 4 20: settler killed Or by UT_MOD_G36
 19:36 Kill: 6 0 19: Seb killed RODOV by UT_MOD_LR300
 19:37 Item: 7 ut_weapon_beretta
 19:37 Item: 5 ut_weapon_g36
 19:45 ClientSpawn: 0
 19:45 ClientSpawn: 4
 19:45 ClientSpawn: 3
 19:47 Item: 9 ut_weapon_mp5k
 19:49 Kill: 2 6 19: Knite killed Seb by UT_MOD_LR300
 19:51 Kill: 6 7 25: Seb killed Kilaka by UT_MOD_HEGRENADE
 19:53 Kill: 0 9 38: RODOV killed MAMBA by UT_MOD_M4
 19:57 Kill: 1 5 20: [ACE] killed settler by UT_MOD_G36
 20:00 ClientSpawn: 6
 20:00 ClientSpawn: 5
 20:00 ClientSpawn: 7
 20:00 ClientSpawn: 9
 20:07 Kill: 1 8 18: [ACE] killed godfather by UT_MOD_MP5K
 20:10 Kill: 10 0 20: DEADWOMANWALKING killed RODOV by UT_MOD_G36
 20:15 ClientSpawn: 8
 20:15 ClientSpawn: 0
 20:16 Item: 10 ut_weapon_mp5k
 20:18 Kill: 2 1 19: Knite killed [ACE] by UT_MOD_LR300
 20:18 Kill: 8 10 19: godfather killed DEADWOMANWALKING by UT_MOD_LR300
 20:20 Item: 8 ut_weapon_mp5k
 20:20 Item: 3 ut_weapon_grenade_he
 20:21 Kill: 9 7 19: MAMBA killed Kilaka by UT_MOD_LR300
 20:25 Kill: 3 4 18: benD killed Or by UT_MOD_MP5K
 20:29 Kill: 8 9 23: godfather killed MAMBA by UT_MOD_BLED
 20:30 ClientSpawn: 7
 20:30 ClientSpawn: 10
 20:30 ClientSpawn: 9
 20:30 ClientSpawn: 4
 20:30 ClientSpawn: 1
 20:31 Radio: 10 - 1 - 2 - "RED Base Area" - "Negative"
 20:31 Radio: 10 - 1 - 1 - "RED Base Area" - "Affirmative"
 20:37 Item: 7 ut_weapon_beretta
 20:38 Kill: 0 6 38: RODOV killed Seb by UT_MOD_M4
 20:38 Kill: 3 1 38: benD killed [ACE] by UT_MOD_M4
 20:43 Item: 0 ut_weapon_deagle
 20:44 Kill: 4 3 20: Or killed benD by UT_MOD_G36
 20:45 ClientSpawn: 6
 20:45 ClientSpawn: 1
 20:45 ClientSpawn: 3
 20:47 Item: 4 ut_weapon_mp5k
 20:47 Item: 4 ut_weapon_beretta
 20:47 Item: 4 ut_weapon_grenade_he
 20:55 Kill: 0 10 38: RODOV killed DEADWOMANWALKING by UT_MOD_M4
 20:55 Kill: 8 8 25: godfather killed godfather by UT_MOD_HEGRENADE
 21:00 ClientSpawn: 10
 21:00 ClientSpawn: 8
 21:03 Kill: 0 6 38: RODOV killed Seb by UT_MOD_M4
 21:08 Kill: 1 3 20: [ACE] killed benD by UT_MOD_G36
 21:12 Kill: 8 1 19: godfather killed [ACE] by UT_MOD_LR300
 21:15 ClientSpawn: 3
 21:15 ClientSpawn: 1
 21:15 ClientSpawn: 6
 21:22 Item: 1 ut_weapon_mp5k
 21:22 Item: 1 ut_weapon_deagle
 21:25 ClientUserinfo: 10 \ip\16.60.214.137:27960\name\DEADWOMANWALKING\racered\1\raceblue\1\rate\8000\ut_timenudge\0\cg_rgb\128 128 128\cg_physics\1\snaps\20\color1\4\color2\5\handicap\100\sex\male\cg_autoPickup\-1\cg_ghost\0\cl_time\CgnWkLj[&HM+]GTH\racefree\2\gear\FcAQWAA\authc\0\cl_guid\A3BDF4E8FCD71B5BB1589ABC2E92F30E\weapmodes\00000110220000020002000
 21:25 ClientUserinfoChanged: 10 n\DEADWOMANWALKING\t\1\r\1\tl\0\f0\\f1\\f2\\a0\255\a1\0\a2\0
 21:29 Item: 2 ut_weapon_mp5k
 21:29 Item: 2 ut_weapon_deagle
 21:35 Kill: 0 1 38: RODOV killed [ACE] by UT_MOD_M4
 21:36 Kill: 6 8 19: Seb killed godfather by UT_MOD_LR300
 21:37 Kill: 8 4 25: godfather killed Or by UT_MOD_HEGRENADE
 21:38 Item: 2 ut_weapon_deagle
 21:38 Item: 2 ut_weapon_mp5k
 21:38 Kill: 6 3 19: Seb killed benD by UT_MOD_LR300
 21:45 ClientSpawn: 1
 21:45 ClientSpawn: 8
 21:45 ClientSpawn: 4
 21:45 ClientSpawn: 3
 21:49 Item: 6 ut_weapon_mp5k
 21:50 Kill: 10 0 20: DEADWOMANWALKING killed RODOV by UT_MOD_G36
 21:50 Item: 2 ut_weapon_deagle
 21:51 Kill: 10 2 20: DEADWOMANWALKING killed Knite by UT_MOD_G36
 21:51 Item: 10 ut_weapon_mp5k
 22:00 ClientSpawn: 0
 22:00 ClientSpawn: 2
 22:02 Kill: 3 6 38: benD killed Seb by UT_MOD_M4
 22:06 Kill: 0 10 38: RODOV killed DEADWOMANWALKING by UT_MOD_M4
 22:07 Kill: 3 1 38: benD killed [ACE] by UT_MOD_M4
 22:07 Item: 8 ut_weapon_mp5k
 22:09 Item: 2 ut_weapon_mp5k
 22:15 ClientSpawn: 1
 22:15 ClientSpawn: 10
 22:15 ClientSpawn: 6
 22:15 Kill: 4 3 20: Or killed benD by UT_MOD_G36
 22:16 Item: 8 ut_weapon_lr
 22:16 Item: 8 ut_weapon_deagle
 22:30 ClientSpawn: 3
 22:30 Kill: 0 6 38: RODOV killed Seb by UT_MOD_M4
 22:30 Kill: 1 2 18: [ACE] killed Knite by UT_MOD_MP5K
 22:35 Item: 1 ut_weapon_deagle
 22:41 Kill: 3 10 38: benD killed DEADWOMANWALKING by UT_MOD_M4
 22:45 ClientSpawn: 2
 22:45 ClientSpawn: 10
 22:45 ClientSpawn: 6
 22:52 Kill: 7 4 30: Kilaka killed Or by UT_MOD_AK103
 22:55 Kill: 6 8 19: Seb killed godfather by UT_MOD_LR300
 22:55 Item: 6 ut_weapon_mp5k
 22:58 Kill: 10 7 36: DEADWOMANWALKING killed Kilaka by UT_MOD_NEGEV
 23:00 ClientSpawn: 4
 23:00 ClientSpawn: 8
 23:00 ClientSpawn: 7
 23:00 Item: 10 ut_weapon_beretta
 23:02 Item: 10 ut_weapon_grenade_he
 23:04 ClientDisconnect: 4
 23:05 Kill: 5 1 20: settler killed [ACE] by UT_MOD_G36
 23:14 Kill: 6 0 19: Seb killed RODOV by UT_MOD_LR300
 23:15 ClientSpawn: 0
 23:15 ClientSpawn: 1
 23:25 Kill: 8 1 19: godfather killed [ACE] by UT_MOD_LR300
 23:28 Kill: 3 6 38: benD killed Seb by UT_MOD_M4
 23:29 Kill: 5 10 20: settler killed DEADWOMANWALKING by UT_MOD_G36
 23:30 ClientSpawn: 1
 23:30 ClientSpawn: 10
 23:30 ClientSpawn: 6
 23:40 Item: 3 team_CTF_redflag
 23:40 Item: 3 ut_weapon_mp5k
 23:42 Kill: 9 3 19: MAMBA killed benD by UT_MOD_LR300
 23:42 Flag: 3 0: team_CTF_redflag
 23:43 Kill: 10 8 36: DEADWOMANWALKING killed godfather by UT_MOD_NEGEV
 23:45 ClientSpawn: 3
 23:45 ClientSpawn: 8
 23:46 Flag: 6 1: team_CTF_redflag
 23:46 Item: 6 ut_weapon_mp5k
 23:47 Item: 6 ut_weapon_lr
 23:51 Kill: 10 2 23: DEADWOMANWALKING killed Knite by UT_MOD_BLED
 23:55 Kill: 1 0 20: [ACE] killed RODOV by UT_MOD_G36
 23:55 Kill: 5 9 20: settler killed MAMBA by UT_MOD_G36
 23:58 Kill: 5 10 20: settler killed DEADWOMANWALKING by UT_MOD_G36
 24:00 ClientSpawn: 0
 24:00 ClientSpawn: 9
 24:00 ClientSpawn: 2
 24:00 ClientSpawn: 10
 24:02 Kill: 0 0 10: RODOV killed RODOV by MOD_CHANGE_TEAM
 24:02 ClientUserinfo: 0 \ip\16.60.214.169:27961\name\RODOV\racered\2\raceblue\2\rate\8000\ut_timenudge\0\cg_rgb\255 255 0\cg_physics\1\gear\GeJORAA\racefree\2\cl_time\gX1t&<t@GRzZ]1R6\cg_ghost\0\cg_autoPickup\-1\sex\male\handicap\100\color2\5\color1\4\snaps\20\authc\0\cl_guid\A3BDF4E8FCD71B5BB1589ABC2E92F30E\weapmodes\00000110220000020002000
 24:02 ClientUserinfoChanged: 0 n\RODOV\t\1\r\2\tl\0\f0\\f1\\f2\\a0\255\a1\0\a2\0
 24:02 ClientSpawn: 0
 24:02 ClientBegin: 0
 24:06 Item: 7 team_CTF_redflag
 24:09 Kill: 7 6 30: Kilaka killed Seb by UT_MOD_AK103
 24:09 Item: 7 ut_weapon_mp5k
 24:10 Kill: 3 9 38: benD killed MAMBA by UT_MOD_M4
 24:11 Kill: 1 8 20: [ACE] killed godfather by UT_MOD_G36
 24:13 say: 8 godfather: rawr
 24:14 Item: 0 ut_weapon_grenade_smoke
 24:15 ClientSpawn: 9
 24:15 ClientSpawn: 8
 24:15 ClientSpawn: 6
 24:20 Item: 0 ut_weapon_deagle
 24:27 Kill: 5 10 23: settler killed DEADWOMANWALKING by UT_MOD_BLED
 24:27 Item: 8 ut_weapon_lr
 24:27 Kill: 3 0 38: benD killed RODOV by UT_MOD_M4
 24:28 Kill: 9 7 19: MAMBA killed Kilaka by UT_MOD_LR300
 24:28 Flag: 7 0: team_CTF_redflag
 24:30 ClientSpawn: 0
 24:30 ClientSpawn: 7
 24:30 ClientSpawn: 10
 24:30 Kill: 3 9 38: benD killed MAMBA by UT_MOD_M4
 24:32 Item: 1 team_CTF_blueflag
 24:32 Item: 3 team_CTF_redflag
 24:32 Item: 3 ut_weapon_mp5k
 24:35 Kill: 0 0 10: RODOV killed RODOV by MOD_CHANGE_TEAM
 24:35 ClientUserinfo: 0 \ip\16.60.214.169:27961\name\RODOV\racered\2\raceblue\2\rate\8000\ut_timenudge\0\cg_rgb\255 255 0\cg_physics\1\gear\GeJORAA\racefree\2\cl_time\gX1t&<t@GRzZ]1R6\cg_ghost\0\cg_autoPickup\-1\sex\male\handicap\100\color2\5\color1\4\snaps\20\authc\0\cl_guid\A3BDF4E8FCD71B5BB1589ABC2E92F30E\weapmodes\00000110220000020002000
 24:35 ClientUserinfoChanged: 0 n\RODOV\t\2\r\2\tl\0\f0\\f1\\f2\\a0\0\a1\0\a2\255
 24:35 ClientSpawn: 0
 24:35 ClientBegin: 0
 24:45 ClientSpawn: 9
 24:50 Kill: 6 5 19: Seb killed settler by UT_MOD_LR300
 24:52 Kill: 10 2 36: DEADWOMANWALKING killed Knite by UT_MOD_NEGEV
 25:00 ClientSpawn: 2
 25:00 ClientSpawn: 5
 25:01 Kill: 0 10 38: RODOV killed DEADWOMANWALKING by UT_MOD_M4
 25:01 Item: 0 ut_weapon_grenade_smoke
 25:02 Kill: 0 0 10: RODOV killed RODOV by MOD_CHANGE_TEAM
 25:02 ClientUserinfo: 0 \ip\16.60.214.169:27961\name\RODOV\racered\2\raceblue\2\rate\8000\ut_timenudge\0\cg_rgb\255 255 0\cg_physics\1\gear\GeJORAA\racefree\2\cl_time\gX1t&<t@GRzZ]1R6\cg_ghost\0\cg_autoPickup\-1\sex\male\handicap\100\color2\5\color1\4\snaps\20\authc\0\cl_guid\A3BDF4E8FCD71B5BB1589ABC2E92F30E\weapmodes\00000110220000020002000
 25:02 ClientUserinfoChanged: 0 n\RODOV\t\1\r\2\tl\0\f0\\f1\\f2\\a0\255\a1\0\a2\0
 25:02 ClientSpawn: 0
 25:02 ClientBegin: 0
 25:09 Kill: 2 9 19: Knite killed MAMBA by UT_MOD_LR300
 25:12 Kill: 8 6 19: godfather killed Seb by UT_MOD_LR300
 25:15 ClientSpawn: 10
 25:15 ClientSpawn: 9
 25:15 ClientSpawn: 6
 25:21 Kill: 2 1 19: Knite killed [ACE] by UT_MOD_LR300
 25:21 Flag: 1 0: team_CTF_blueflag
 25:21 Flag: 2 1: team_CTF_blueflag
 25:21 Item: 2 ut_weapon_mp5k
 25:21 Item: 2 ut_weapon_deagle
 25:23 Flag: 3 2: team_CTF_blueflag
 25:23 FlagCaptureTime: 3: 77150
 25:29 Item: 6 ut_weapon_mp5k
 25:29 Item: 6 ut_weapon_deagle
 25:30 ClientSpawn: 1
 25:34 Kill: 8 6 19: godfather killed Seb by UT_MOD_LR300
 25:35 Kill: 3 0 38: benD killed RODOV by UT_MOD_M4
 25:37 Item: 8 team_CTF_redflag
 25:40 Kill: 7 10 30: Kilaka killed DEADWOMANWALKING by UT_MOD_AK103
 25:41 Kill: 3 1 38: benD killed [ACE] by UT_MOD_M4
 25:45 ClientSpawn: 0
 25:45 ClientSpawn: 1
 25:45 ClientSpawn: 10
 25:45 ClientSpawn: 6
 25:48 Kill: 9 3 19: MAMBA killed benD by UT_MOD_LR300
 25:49 Item: 8 ut_weapon_mp5k
 25:50 Kill: 9 8 19: MAMBA killed godfather by UT_MOD_LR300
 25:50 Flag: 8 0: team_CTF_redflag
 25:50 Flag: 9 1: team_CTF_redflag
 25:50 Item: 9 ut_weapon_mp5k
 25:50 Item: 9 ut_weapon_lr
 25:52 Kill: 9 2 19: MAMBA killed Knite by UT_MOD_LR300
 25:52 Item: 1 ut_weapon_deagle
 25:53 Item: 9 ut_weapon_mp5k
 25:56 Kill: 8 9 23: godfather killed MAMBA by UT_MOD_BLED
 25:58 Item: 1 ut_weapon_mp5k
 26:00 ClientSpawn: 9
 26:00 ClientSpawn: 8
 26:00 ClientSpawn: 2
 26:00 ClientSpawn: 3
 26:01 Kill: 10 7 36: DEADWOMANWALKING killed Kilaka by UT_MOD_NEGEV
 26:01 Item: 6 ut_weapon_deagle
 26:03 Kill: 1 5 20: [ACE] killed settler by UT_MOD_G36
 26:06 Item: 0 ut_weapon_deagle
 26:06 Item: 0 ut_weapon_m4
 26:08 Kill: 1 2 20: [ACE] killed Knite by UT_MOD_G36
 26:08 Item: 1 ut_weapon_deagle
 26:11 Kill: 3 0 38: benD killed RODOV by UT_MOD_M4
 26:11 Kill: 6 8 19: Seb killed godfather by UT_MOD_LR300
 26:15 ClientSpawn: 7
 26:15 ClientSpawn: 0
 26:15 ClientSpawn: 5
 26:15 ClientSpawn: 8
 26:15 ClientSpawn: 2
 26:15 Kill: 3 6 38: benD killed Seb by UT_MOD_M4
 26:27 Kill: 5 1 20: settler killed [ACE] by UT_MOD_G36
 26:28 Item: 5 ut_weapon_g36
 26:28 Item: 8 ut_weapon_deagle
 26:29 Item: 8 ut_weapon_mp5k
 26:30 ClientSpawn: 1
 26:30 ClientSpawn: 6
 26:31 Kill: 9 2 19: MAMBA killed Knite by UT_MOD_LR300
 26:38 Kill: 3 9 38: benD killed MAMBA by UT_MOD_M4
 26:41 Kill: 8 10 19: godfather killed DEADWOMANWALKING by UT_MOD_LR300
 26:42 Item: 8 ut_weapon_grenade_smoke
 26:45 ClientSpawn: 9
 26:45 ClientSpawn: 10
 26:45 ClientSpawn: 2
 26:46 Kill: 3 1 38: benD killed [ACE] by UT_MOD_M4
 26:48 Kill: 3 0 38: benD killed RODOV by UT_MOD_M4
 26:56 Kill: 3 10 18: benD killed DEADWOMANWALKING by UT_MOD_MP5K
 27:00 ClientSpawn: 0
 27:00 ClientSpawn: 1
 27:00 ClientSpawn: 10
 27:03 Kill: 8 6 19: godfather killed Seb by UT_MOD_LR300
 27:04 Kill: 1 3 20: [ACE] killed benD by UT_MOD_G36
 27:04 Item: 1 ut_weapon_mp5k
 27:05 Item: 7 ut_weapon_mp5k
 27:05 Item: 7 ut_weapon_beretta
 27:09 Kill: 1 2 20: [ACE] killed Knite by UT_MOD_G36
 27:12 Item: 1 ut_weapon_deagle
 27:13 Kill: 8 10 19: godfather killed DEADWOMANWALKING by UT_MOD_LR300
 27:15 ClientSpawn: 3
 27:15 ClientSpawn: 2
 27:15 ClientSpawn: 6
 27:15 ClientSpawn: 10
 27:17 Kill: 1 8 20: [ACE] killed godfather by UT_MOD_G36
 27:18 Kill: 7 1 30: Kilaka killed [ACE] by UT_MOD_AK103
 27:25 Kill: 0 7 38: RODOV killed Kilaka by UT_MOD_M4
 27:30 ClientSpawn: 8
 27:30 ClientSpawn: 1
 27:30 ClientSpawn: 7
 27:34 Kill: 2 0 19: Knite killed RODOV by UT_MOD_LR300
 27:42 Kill: 3 1 38: benD killed [ACE] by UT_MOD_M4
 27:44 Item: 3 ut_weapon_mp5k
 27:45 ClientSpawn: 1
 27:45 ClientSpawn: 0
 27:50 Kill: 10 7 36: DEADWOMANWALKING killed Kilaka by UT_MOD_NEGEV
 27:51 Item: 2 team_CTF_redflag
 27:51 Kill: 9 2 19: MAMBA killed Knite by UT_MOD_LR300
 27:51 Flag: 2 0: team_CTF_redflag
 27:52 Item: 10 ut_weapon_beretta
 27:54 Item: 3 team_CTF_redflag
 27:54 Item: 10 team_CTF_blueflag
 27:55 Kill: 5 10 20: settler killed DEADWOMANWALKING by UT_MOD_G36
 27:55 Flag: 10 0: team_CTF_blueflag
 27:57 Flag: 5 1: team_CTF_blueflag
 27:57 Kill: 1 3 20: [ACE] killed benD by UT_MOD_G36
 27:57 Flag: 3 0: team_CTF_redflag
 27:57 Flag: 1 1: team_CTF_redflag
 27:58 Item: 1 ut_weapon_mp5k
 28:00 ClientSpawn: 3
 28:00 ClientSpawn: 10
 28:00 ClientSpawn: 7
 28:00 ClientSpawn: 2
 28:10 Item: 7 ut_weapon_beretta
 28:12 Item: 7 ut_weapon_ak103
 28:12 Kill: 1 3 20: [ACE] killed benD by UT_MOD_G36
 28:14 Kill: 0 8 38: RODOV killed godfather by UT_MOD_M4
 28:15 ClientSpawn: 3
 28:15 ClientSpawn: 8
 28:15 say: 8 godfather: a
 28:17 Kill: 2 10 19: Knite killed DEADWOMANWALKING by UT_MOD_LR300
 28:17 Item: 2 ut_weapon_grenade_smoke
 28:22 Kill: 1 3 20: [ACE] killed benD by UT_MOD_G36
 28:23 Kill: 0 7 38: RODOV killed Kilaka by UT_MOD_M4
 28:24 Kill: 9 9 25: MAMBA killed MAMBA by UT_MOD_HEGRENADE
 28:28 Kill: 0 2 38: RODOV killed Knite by UT_MOD_M4
 28:30 ClientSpawn: 3
 28:30 ClientSpawn: 10
 28:30 ClientSpawn: 2
 28:30 ClientSpawn: 9
 28:30 ClientSpawn: 7
 28:30 Kill: 1 8 18: [ACE] killed godfather by UT_MOD_MP5K
 28:33 Kill: 5 1 20: settler killed [ACE] by UT_MOD_G36
 28:35 Item: 5 ut_weapon_g36
 28:36 Item: 7 ut_weapon_beretta
 28:45 ClientSpawn: 8
 28:45 ClientSpawn: 1
 28:47 Kill: 3 9 38: benD killed MAMBA by UT_MOD_M4
 28:51 Kill: 3 6 38: benD killed Seb by UT_MOD_M4
 28:53 Kill: 0 7 38: RODOV killed Kilaka by UT_MOD_M4
 28:56 Kill: 10 8 36: DEADWOMANWALKING killed godfather by UT_MOD_NEGEV
 28:56 Item: 10 ut_weapon_grenade_he
 28:58 Kill: 3 1 38: benD killed [ACE] by UT_MOD_M4
 29:00 ClientSpawn: 9
 29:00 ClientSpawn: 1
 29:00 ClientSpawn: 8
 29:00 ClientSpawn: 7
 29:00 ClientSpawn: 6
 29:02 Kill: 0 2 38: RODOV killed Knite by UT_MOD_M4
 29:03 Kill: 8 10 19: godfather killed DEADWOMANWALKING by UT_MOD_LR300
 29:04 Kill: 2 0 25: Knite killed RODOV by UT_MOD_HEGRENADE
 29:06 Kill: 3 1 38: benD killed [ACE] by UT_MOD_M4
 29:06 Item: 7 ut_weapon_beretta
 29:11 Item: 6 ut_weapon_deagle
 29:11 Item: 6 ut_weapon_mp5k
 29:12 Item: 6 ut_weapon_lr
 29:13 Kill: 9 5 19: MAMBA killed settler by UT_MOD_LR300
 29:13 Item: 8 ut_weapon_lr
 29:15 ClientSpawn: 1
 29:15 ClientSpawn: 10
 29:15 ClientSpawn: 0
 29:15 ClientSpawn: 5
 29:15 ClientSpawn: 2
 29:15 Item: 8 ut_weapon_deagle
 29:16 Kill: 6 3 19: Seb killed benD by UT_MOD_LR300
 29:21 Item: 7 ut_weapon_ak103
 29:22 Item: 7 ut_weapon_mp5k
 29:22 Item: 7 ut_weapon_beretta
 29:25 Item: 1 ut_weapon_mp5k
 29:25 Item: 1 ut_weapon_g36
 29:26 Item: 1 ut_weapon_deagle
 29:29 Kill: 7 9 18: Kilaka killed MAMBA by UT_MOD_MP5K
 29:30 ClientSpawn: 3
 29:30 ClientSpawn: 9
 29:31 Item: 7 ut_weapon_mp5k
 29:33 Item: 2 ut_weapon_ump45
 29:33 ClientUserinfo: 10 \ip\16.60.214.137:27960\name\DEADWOMANWALKING\racered\1\raceblue\1\rate\8000\ut_timenudge\0\cg_rgb\128 128 128\cg_physics\1\snaps\20\color1\4\color2\5\handicap\100\sex\male\cg_autoPickup\-1\cg_ghost\0\cl_time\CgnWkLj[&HM+]GTH\racefree\2\gear\FIJQWAA\authc\0\cl_guid\A3BDF4E8FCD71B5BB1589ABC2E92F30E\weapmodes\00000110220000020002000
 29:33 ClientUserinfoChanged: 10 n\DEADWOMANWALKING\t\1\r\1\tl\0\f0\\f1\\f2\\a0\255\a1\0\a2\0
 29:33 Item: 2 ut_weapon_deagle
 29:34 Kill: 8 1 19: godfather killed [ACE] by UT_MOD_LR300
 29:39 Kill: 9 7 19: MAMBA killed Kilaka by UT_MOD_LR300
 29:41 Kill: 8 0 19: godfather killed RODOV by UT_MOD_LR300
 29:43 Kill: 9 2 19: MAMBA killed Knite by UT_MOD_LR300
 29:44 Item: 9 ut_weapon_lr
 29:45 ClientSpawn: 1
 29:45 ClientSpawn: 7
 29:45 ClientSpawn: 0
 29:45 ClientSpawn: 2
 29:46 Item: 5 ut_weapon_mp5k
 29:52 Kill: 3 10 38: benD killed DEADWOMANWALKING by UT_MOD_M4
 29:55 Kill: 6 5 19: Seb killed settler by UT_MOD_LR300
 29:56 Kill: 1 3 20: [ACE] killed benD by UT_MOD_G36
 29:57 Kill: 7 9 14: Kilaka killed MAMBA by UT_MOD_BERETTA
 29:57 Item: 7 ut_weapon_beretta
 29:57 Item: 7 ut_weapon_mp5k
 29:59 Item: 1 ut_weapon_mp5k
 30:00 ClientSpawn: 5
 30:00 ClientSpawn: 3
 30:00 ClientSpawn: 10
 30:00 ClientSpawn: 9
 30:07 Item: 0 ut_weapon_m4
 30:09 Item: 0 ut_weapon_grenade_smoke
 30:11 ClientUserinfo: 10 \ip\16.60.214.137:27960\name\DEADWOMANWALKING\racered\1\raceblue\1\rate\8000\ut_timenudge\0\cg_rgb\128 128 128\cg_physics\1\snaps\20\color1\4\color2\5\handicap\100\sex\male\cg_autoPickup\-1\cg_ghost\0\cl_time\CgnWkLj[&HM+]GTH\racefree\2\gear\FeHQWAA\authc\0\cl_guid\A3BDF4E8FCD71B5BB1589ABC2E92F30E\weapmodes\00000110220000020002000
 30:11 ClientUserinfoChanged: 10 n\DEADWOMANWALKING\t\1\r\1\tl\0\f0\\f1\\f2\\a0\255\a1\0\a2\0
 30:16 Kill: 3 1 38: benD killed [ACE] by UT_MOD_M4
 30:17 Kill: 2 9 12: Knite killed MAMBA by UT_MOD_KNIFE
 30:18 Item: 2 ut_weapon_lr
 30:18 Kill: 8 0 19: godfather killed RODOV by UT_MOD_LR300
 30:21 Kill: 10 2 38: DEADWOMANWALKING killed Knite by UT_MOD_M4
 30:22 Item: 5 ut_weapon_grenade_smoke
 30:25 Item: 10 ut_weapon_grenade_he
 30:25 Kill: 6 7 19: Seb killed Kilaka by UT_MOD_LR300
 30:30 ClientSpawn: 2
 30:30 ClientSpawn: 1
 30:30 ClientSpawn: 9
 30:30 ClientSpawn: 0
 30:30 ClientSpawn: 7
 30:40 Kill: 1 3 18: [ACE] killed benD by UT_MOD_MP5K
 30:40 Item: 5 team_CTF_redflag
 30:40 Item: 1 ut_weapon_grenade_he
 30:40 Item: 1 ut_weapon_mp5k
 30:41 Kill: 8 1 19: godfather killed [ACE] by UT_MOD_LR300
 30:45 Kill: 8 0 19: godfather killed RODOV by UT_MOD_LR300
 30:45 Kill: 9 5 19: MAMBA killed settler by UT_MOD_LR300
 30:45 Flag: 5 0: team_CTF_redflag
 30:45 ClientSpawn: 3
 30:45 Flag: 9 1: team_CTF_redflag
 30:45 ClientSpawn: 1
 30:45 Item: 9 ut_weapon_mp5k
 30:45 Item: 9 ut_weapon_grenade_smoke
 30:47 Item: 8 team_CTF_redflag
 30:48 Kill: 10 7 38: DEADWOMANWALKING killed Kilaka by UT_MOD_M4
 30:48 Kill: 9 8 19: MAMBA killed godfather by UT_MOD_LR300
 30:48 Flag: 8 0: team_CTF_redflag
 30:49 Flag: 9 1: team_CTF_redflag
 31:00 ClientSpawn: 8
 31:00 ClientSpawn: 5
 31:00 ClientSpawn: 0
 31:00 ClientSpawn: 7
 31:03 Kill: 3 1 38: benD killed [ACE] by UT_MOD_M4
 31:10 Kill: 3 9 38: benD killed MAMBA by UT_MOD_M4
 31:13 Item: 3 ut_weapon_grenade_smoke
 31:14 Item: 3 ut_weapon_beretta
 31:14 Item: 3 ut_weapon_mp5k
 31:15 ClientSpawn: 9
 31:15 ClientSpawn: 1
 31:22 Kill: 3 9 38: benD killed MAMBA by UT_MOD_M4
 31:23 Kill: 5 6 20: settler killed Seb by UT_MOD_G36
 31:23 Kill: 2 10 15: Knite killed DEADWOMANWALKING by UT_MOD_DEAGLE
 31:28 Item: 2 ut_weapon_spas12
 31:29 Item: 1 ut_weapon_grenade_he
 31:30 Item: 1 ut_weapon_mp5k
 31:30 ClientSpawn: 6
 31:30 ClientSpawn: 10
 31:30 ClientSpawn: 9
 31:32 Item: 8 ut_weapon_lr
 31:34 Kill: 10 5 38: DEADWOMANWALKING killed settler by UT_MOD_M4
 31:34 Kill: 8 1 19: godfather killed [ACE] by UT_MOD_LR300
 31:37 Item: 6 ut_weapon_mp5k
 31:38 Item: 10 ut_weapon_beretta
 31:39 Item: 3 team_CTF_redflag
 31:41 Kill: 3 10 38: benD killed DEADWOMANWALKING by UT_MOD_M4
 31:41 Item: 3 ut_weapon_m4
 31:41 Kill: 6 8 19: Seb killed godfather by UT_MOD_LR300
 31:41 Item: 3 ut_weapon_beretta
 31:43 Item: 6 ut_weapon_lr
 31:43 Item: 6 ut_weapon_deagle
 31:44 Kill: 6 3 19: Seb killed benD by UT_MOD_LR300
 31:44 Flag: 3 0: team_CTF_redflag
 31:45 ClientSpawn: 10
 31:45 ClientSpawn: 5
 31:45 ClientSpawn: 1
 31:45 ClientSpawn: 3
 31:45 ClientSpawn: 8
 31:45 Flag: 6 1: team_CTF_redflag
 31:49 Item: 1 ut_weapon_g36
 31:51 Kill: 9 2 19: MAMBA killed Knite by UT_MOD_LR300
 31:54 Kill: 0 8 38: RODOV killed godfather by UT_MOD_M4
 31:54 Item: 9 ut_weapon_lr
 31:54 Item: 10 ut_weapon_grenade_he
 31:57 Kill: 6 3 19: Seb killed benD by UT_MOD_LR300
 31:59 Kill: 9 5 23: MAMBA killed settler by UT_MOD_BLED
 32:00 ClientSpawn: 2
 32:00 ClientSpawn: 5
 32:00 ClientSpawn: 3
 32:00 ClientSpawn: 8
 32:00 Item: 0 team_CTF_blueflag
 32:00 Kill: 5 9 23: settler killed MAMBA by UT_MOD_BLED
 32:06 Kill: 7 0 18: Kilaka killed RODOV by UT_MOD_MP5K
 32:06 Flag: 0 0: team_CTF_blueflag
 32:06 Flag: 7 1: team_CTF_blueflag
 32:10 Kill: 1 8 20: [ACE] killed godfather by UT_MOD_G36
 32:10 Kill: 0 7 25: RODOV killed Kilaka by UT_MOD_HEGRENADE
 32:11 Kill: 1 5 20: [ACE] killed settler by UT_MOD_G36
 32:15 ClientSpawn: 0
 32:15 ClientSpawn: 9
 32:15 ClientSpawn: 5
 32:15 ClientSpawn: 8
 32:15 ClientSpawn: 7
 32:15 Item: 1 ut_weapon_mp5k
 32:16 Item: 10 ut_weapon_m4
 32:17 Item: 10 team_CTF_blueflag
 32:19 Kill: 3 10 38: benD killed DEADWOMANWALKING by UT_MOD_M4
 32:19 Flag: 10 0: team_CTF_blueflag
 32:20 Item: 2 ut_weapon_spas12
 32:20 Item: 2 ut_weapon_grenade_smoke
 32:20 Flag: 3 1: team_CTF_blueflag
 32:20 Item: 1 ut_weapon_deagle
 32:21 Kill: 3 1 38: benD killed [ACE] by UT_MOD_M4
 32:23 Item: 5 ut_weapon_g36
 32:24 Item: 5 ut_weapon_glock
 32:28 Item: 8 ut_weapon_deagle
 32:28 Item: 8 ut_weapon_lr
 32:29 Item: 3 ut_weapon_mp5k
 32:30 ClientSpawn: 10
 32:30 ClientSpawn: 1
 32:30 Item: 8 ut_weapon_mp5k
 32:36 Kill: 8 0 19: godfather killed RODOV by UT_MOD_LR300
 32:36 Kill: 6 3 19: Seb killed benD by UT_MOD_LR300
 32:36 Item: 2 ut_weapon_deagle
 32:39 Kill: 5 9 20: settler killed MAMBA by UT_MOD_G36
 32:45 ClientSpawn: 0
 32:45 ClientSpawn: 9
 32:45 ClientSpawn: 3
 32:53 Kill: 5 10 20: settler killed DEADWOMANWALKING by UT_MOD_G36
 33:00 ClientSpawn: 10
 33:01 Item: 5 ut_weapon_grenade_smoke
 33:02 Kill: 9 5 19: MAMBA killed settler by UT_MOD_LR300
 33:03 Kill: 3 9 38: benD killed MAMBA by UT_MOD_M4
 33:05 Kill: 7 6 18: Kilaka killed Seb by UT_MOD_MP5K
 33:06 Item: 3 ut_weapon_mp5k
 33:10 Kill: 3 10 38: benD killed DEADWOMANWALKING by UT_MOD_M4
 33:15 ClientSpawn: 9
 33:15 ClientSpawn: 10
 33:15 ClientSpawn: 5
 33:15 ClientSpawn: 6
 33:21 Item: 6 ut_weapon_grenade_smoke
 33:23 Kill: 3 6 38: benD killed Seb by UT_MOD_M4
 33:28 Kill: 8 9 19: godfather killed MAMBA by UT_MOD_LR300
 33:30 ClientSpawn: 9
 33:30 ClientSpawn: 6
 33:30 Item: 3 team_CTF_redflag
 33:30 Item: 10 ut_weapon_grenade_he
 33:30 Item: 8 ut_weapon_mp5k
 33:30 Item: 8 ut_weapon_lr
 33:34 Kill: 1022 0 6: <world> killed RODOV by MOD_FALLING
 33:34 Kill: 10 3 38: DEADWOMANWALKING killed benD by UT_MOD_M4
 33:34 Flag: 3 0: team_CTF_redflag
 33:35 Item: 10 ut_weapon_m4
 33:36 Flag: 10 1: team_CTF_redflag
 33:37 Kill: 2 10 19: Knite killed DEADWOMANWALKING by UT_MOD_LR300
 33:38 Kill: 9 8 19: MAMBA killed godfather by UT_MOD_LR300
 33:39 Item: 9 ut_weapon_beretta
 33:39 Item: 9 ut_weapon_lr
 33:39 Item: 9 ut_weapon_mp5k
 33:39 Item: 6 ut_weapon_grenade_smoke
 33:39 Item: 6 ut_weapon_mp5k
 33:39 Item: 6 ut_weapon_lr
 33:40 Kill: 6 2 19: Seb killed Knite by UT_MOD_LR300
 33:41 Item: 6 ut_weapon_deagle
 33:42 Item: 5 team_CTF_redflag
 33:42 Kill: 7 1 18: Kilaka killed [ACE] by UT_MOD_MP5K
 33:43 Item: 6 ut_weapon_deagle
 33:44 Item: 6 ut_weapon_lr
 33:45 ClientSpawn: 3
 33:45 ClientSpawn: 1
 33:45 ClientSpawn: 8
 33:45 ClientSpawn: 0
 33:45 ClientSpawn: 10
 33:45 ClientSpawn: 2
 33:47 Kill: 6 5 19: Seb killed settler by UT_MOD_LR300
 33:47 Flag: 5 0: team_CTF_redflag
 33:49 Flag: 9 1: team_CTF_redflag
 33:49 Item: 9 ut_weapon_mp5k
 33:56 Item: 10 ut_weapon_grenade_he
 33:56 Item: 0 ut_weapon_grenade_smoke
 34:00 ClientSpawn: 5
 34:04 Kill: 3 1 38: benD killed [ACE] by UT_MOD_M4
 34:09 Kill: 8 9 19: godfather killed MAMBA by UT_MOD_LR300
 34:15 ClientSpawn: 1
 34:15 ClientSpawn: 9
 34:17 Kill: 3 9 38: benD killed MAMBA by UT_MOD_M4
 34:19 Kill: 3 1 38: benD killed [ACE] by UT_MOD_M4
 34:19 Kill: 1 3 23: [ACE] killed benD by UT_MOD_BLED
 34:21 Kill: 6 5 19: Seb killed settler by UT_MOD_LR300
 34:21 Item: 2 team_CTF_redflag
 34:24 Kill: 1022 10 6: <world> killed DEADWOMANWALKING by MOD_FALLING
 34:30 ClientSpawn: 10
 34:30 ClientSpawn: 3
 34:30 ClientSpawn: 5
 34:30 ClientSpawn: 9
 34:30 ClientSpawn: 1
 34:31 Item: 9 ut_weapon_mp5k
 34:31 Item: 9 ut_weapon_lr
 34:31 Item: 9 ut_weapon_beretta
 34:33 Item: 1 ut_weapon_g36
 34:34 Item: 1 ut_weapon_deagle
 34:34 Item: 1 ut_weapon_mp5k
 34:46 Kill: 6 5 19: Seb killed settler by UT_MOD_LR300
 34:49 Kill: 3 9 38: benD killed MAMBA by UT_MOD_M4
 34:50 Item: 0 team_CTF_blueflag
 34:52 Kill: 10 2 38: DEADWOMANWALKING killed Knite by UT_MOD_M4
 34:52 Flag: 2 0: team_CTF_redflag
 34:56 Flag: 10 1: team_CTF_redflag
 34:59 Kill: 7 0 18: Kilaka killed RODOV by UT_MOD_MP5K
 34:59 Flag: 0 0: team_CTF_blueflag
 34:59 Flag: 7 1: team_CTF_blueflag
 34:59 Item: 7 ut_weapon_grenade_smoke
 34:59 Item: 3 team_CTF_redflag
 35:00 ClientSpawn: 5
 35:00 ClientSpawn: 9
 35:00 ClientSpawn: 2
 35:00 ClientSpawn: 0
 35:00 Kill: 3 10 38: benD killed DEADWOMANWALKING by UT_MOD_M4
 35:02 Item: 3 ut_weapon_grenade_smoke
 35:02 Item: 1 team_CTF_blueflag
 35:04 Item: 8 ut_weapon_spas12
 35:04 Kill: 0 7 23: RODOV killed Kilaka by UT_MOD_BLED
 35:10 Kill: 8 9 19: godfather killed MAMBA by UT_MOD_LR300
 35:10 Item: 8 ut_weapon_lr
 35:11 Kill: 9 8 23: MAMBA killed godfather by UT_MOD_BLED
 35:15 ClientSpawn: 9
 35:15 ClientSpawn: 7
 35:15 ClientSpawn: 8
 35:15 ClientSpawn: 10
 35:22 Kill: 3 10 38: benD killed DEADWOMANWALKING by UT_MOD_M4
 35:24 Item: 3 ut_weapon_m4
 35:24 Item: 3 ut_weapon_beretta
 35:25 Kill: 1 2 20: [ACE] killed Knite by UT_MOD_G36
 35:27 Item: 6 ut_weapon_lr
 35:30 ClientSpawn: 10
 35:30 ClientSpawn: 2
 35:31 Kill: 0 5 38: RODOV killed settler by UT_MOD_M4
 35:31 Item: 7 ut_weapon_mp5k
 35:32 Item: 7 ut_weapon_beretta
 35:32 Item: 7 ut_weapon_ak103
 35:33 Item: 7 ut_weapon_grenade_smoke
 35:37 Kill: 3 9 38: benD killed MAMBA by UT_MOD_M4
 35:45 ClientSpawn: 5
 35:45 ClientSpawn: 9
 35:45 Kill: 3 1 38: benD killed [ACE] by UT_MOD_M4
 35:45 Flag: 1 0: team_CTF_blueflag
 35:51 Kill: 3 10 18: benD killed DEADWOMANWALKING by UT_MOD_MP5K
 35:51 Item: 6 ut_weapon_mp5k
 35:52 Item: 6 team_CTF_blueflag
 35:53 Kill: 8 9 19: godfather killed MAMBA by UT_MOD_LR300
 35:53 Kill: 7 6 18: Kilaka killed Seb by UT_MOD_MP5K
 35:53 Flag: 6 0: team_CTF_blueflag
 35:53 Kill: 0 7 38: RODOV killed Kilaka by UT_MOD_M4
 35:53 Item: 8 ut_weapon_mp5k
 35:55 Item: 0 ut_weapon_grenade_smoke
 35:56 Item: 0 team_CTF_blueflag
 35:56 Item: 0 ut_weapon_deagle
 35:58 Kill: 0 8 38: RODOV killed godfather by UT_MOD_M4
 35:59 Item: 0 ut_weapon_deagle
 36:00 ClientSpawn: 7
 36:00 ClientSpawn: 1
 36:00 ClientSpawn: 10
 36:00 ClientSpawn: 8
 36:00 ClientSpawn: 9
 36:00 ClientSpawn: 6
 36:03 Item: 2 ut_weapon_mp5k
 36:04 Item: 2 ut_weapon_lr
 36:05 Item: 2 ut_weapon_mp5k
 36:07 Kill: 2 0 19: Knite killed RODOV by UT_MOD_LR300
 36:07 Flag: 0 0: team_CTF_blueflag
 36:09 Flag: 2 1: team_CTF_blueflag
 36:09 Item: 2 ut_weapon_deagle
 36:10 Item: 2 ut_weapon_grenade_smoke
 36:11 Kill: 6 2 19: Seb killed Knite by UT_MOD_LR300
 36:12 Item: 10 ut_weapon_beretta
 36:12 Item: 10 ut_weapon_m4
 36:12 Item: 10 ut_weapon_spas12
 36:13 Item: 5 ut_weapon_g36
 36:13 Item: 5 ut_weapon_grenade_smoke
 36:14 Flag: 3 2: team_CTF_blueflag
 36:14 FlagCaptureTime: 3: 74350
 36:14 Item: 9 ut_weapon_lr
 36:14 Item: 9 ut_weapon_mp5k
 36:15 ClientSpawn: 0
 36:15 ClientSpawn: 2
 36:15 Kill: 8 10 19: godfather killed DEADWOMANWALKING by UT_MOD_LR300
 36:16 Kill: 5 9 20: settler killed MAMBA by UT_MOD_G36
 36:16 Item: 5 ut_weapon_mp5k
 36:16 Item: 5 team_CTF_redflag
 36:17 Kill: 6 5 19: Seb killed settler by UT_MOD_LR300
 36:17 Flag: 5 0: team_CTF_redflag
 36:19 Flag: 6 1: team_CTF_redflag
 36:22 Item: 6 ut_weapon_grenade_smoke
 36:22 Item: 6 ut_weapon_mp5k
 36:26 Kill: 1 7 20: [ACE] killed Kilaka by UT_MOD_G36
 36:28 Item: 6 ut_weapon_deagle
 36:28 Item: 6 ut_weapon_lr
 36:28 Item: 6 ut_weapon_mp5k
 36:29 Kill: 0 3 38: RODOV killed benD by UT_MOD_M4
 36:30 ClientSpawn: 5
 36:30 ClientSpawn: 10
 36:30 ClientSpawn: 9
 36:30 ClientSpawn: 7
 36:30 ClientSpawn: 3
 36:30 Kill: 8 0 19: godfather killed RODOV by UT_MOD_LR300
 36:37 Item: 2 ut_weapon_mp5k
 36:37 Item: 2 ut_weapon_grenade_he
 36:37 Kill: 6 2 19: Seb killed Knite by UT_MOD_LR300
 36:38 Kill: 9 8 19: MAMBA killed godfather by UT_MOD_LR300
 36:38 Item: 9 ut_weapon_lr
 36:45 ClientSpawn: 0
 36:45 ClientSpawn: 2
 36:45 ClientSpawn: 8
 36:50 Kill: 3 1 38: benD killed [ACE] by UT_MOD_M4
 36:54 Kill: 3 0 38: benD killed RODOV by UT_MOD_M4
 37:00 ClientSpawn: 1
 37:00 ClientSpawn: 0
 37:01 Exit: Timelimit hit.
 37:01 red:1  blue:3
 37:01 score: 130  ping: 1  client: 3 benD
 37:01 score: 76  ping: 6  client: 8 godfather
 37:01 score: 71  ping: 3  client: 5 settler
 37:01 score: 69  ping: 0  client: 1 [ACE]
 37:01 score: 65  ping: 4  client: 6 Seb
 37:01 score: 60  ping: 7  client: 9 MAMBA
 37:01 score: 59  ping: 1  client: 7 Kilaka
 37:01 score: 59  ping: 1  client: 2 Knite
 37:01 score: 44  ping: 3  client: 10 DEADWOMANWALKING
 37:01 score: 35  ping: 0  client: 0 RODOV
 37:02 ClientSpawn: 0
 37:02 ClientSpawn: 1
 37:02 ClientSpawn: 2
 37:02 ClientSpawn: 3
 37:02 ClientSpawn: 5
 37:02 ClientSpawn: 6
 37:02 ClientSpawn: 7
 37:02 ClientSpawn: 8
 37:02 ClientSpawn: 9
 37:02 ClientSpawn: 10
 37:17 ShutdownGame:
 37:17 ------------------------------------------------------------